[0.028s] Invoking command in '/home/duo/dev_ws/build/amr_lan_2': CMAKE_PREFIX_PATH=/opt/ros/humble /usr/bin/cmake /home/duo/dev_ws/src/amr_lan_2 -DAMENT_CMAKE_SYMLINK_INSTALL=1 -DCMAKE_INSTALL_PREFIX=/home/duo/dev_ws/install/amr_lan_2
[0.217s] -- The C compiler identification is GNU 11.4.0
[0.339s] -- The CXX compiler identification is GNU 11.4.0
[0.356s] -- Detecting C compiler ABI info
[0.480s] -- Detecting C compiler ABI info - done
[0.492s] -- Check for working C compiler: /usr/bin/cc - skipped
[0.493s] -- Detecting C compile features
[0.494s] -- Detecting C compile features - done
[0.498s] -- Detecting CXX compiler ABI info
[0.630s] -- Detecting CXX compiler ABI info - done
[0.643s] -- Check for working CXX compiler: /usr/bin/c++ - skipped
[0.644s] -- Detecting CXX compile features
[0.644s] -- Detecting CXX compile features - done
[0.651s] -- Found ament_cmake: 1.3.14 (/opt/ros/humble/share/ament_cmake/cmake)
[0.885s] -- Found Python3: /usr/bin/python3 (found version "3.10.12") found components: Interpreter 
[0.981s] -- Override CMake install command with custom implementation using symlinks instead of copying resources
[1.044s] -- Found ament_lint_auto: 0.12.15 (/opt/ros/humble/share/ament_lint_auto/cmake)
[1.175s] -- Added test 'lint_cmake' to check CMake code style
[1.178s] -- Added test 'xmllint' to check XML markup files
[1.184s] -- Configuring done
[1.187s] -- Generating done
[1.189s] -- Build files have been written to: /home/duo/dev_ws/build/amr_lan_2
[1.194s] Invoked command in '/home/duo/dev_ws/build/amr_lan_2' returned '0': CMAKE_PREFIX_PATH=/opt/ros/humble /usr/bin/cmake /home/duo/dev_ws/src/amr_lan_2 -DAMENT_CMAKE_SYMLINK_INSTALL=1 -DCMAKE_INSTALL_PREFIX=/home/duo/dev_ws/install/amr_lan_2
[1.196s] Invoking command in '/home/duo/dev_ws/build/amr_lan_2': CMAKE_PREFIX_PATH=/opt/ros/humble /usr/bin/cmake --build /home/duo/dev_ws/build/amr_lan_2 -- -j8 -l8
[1.252s] Invoked command in '/home/duo/dev_ws/build/amr_lan_2' returned '0': CMAKE_PREFIX_PATH=/opt/ros/humble /usr/bin/cmake --build /home/duo/dev_ws/build/amr_lan_2 -- -j8 -l8
[1.254s] Invoking command in '/home/duo/dev_ws/build/amr_lan_2': CMAKE_PREFIX_PATH=/opt/ros/humble /usr/bin/cmake --install /home/duo/dev_ws/build/amr_lan_2
[1.264s] -- Install configuration: ""
[1.265s] -- Execute custom install script
[1.266s] -- Symlinking: /home/duo/dev_ws/install/amr_lan_2/share/amr_lan_2/description/robot.urdf.xacro
[1.280s] -- Symlinking: /home/duo/dev_ws/install/amr_lan_2/share/ament_index/resource_index/package_run_dependencies/amr_lan_2
[1.294s] -- Symlinking: /home/duo/dev_ws/install/amr_lan_2/share/ament_index/resource_index/parent_prefix_path/amr_lan_2
[1.309s] -- Symlinking: /home/duo/dev_ws/install/amr_lan_2/share/amr_lan_2/environment/ament_prefix_path.sh
[1.321s] -- Symlinking: /home/duo/dev_ws/install/amr_lan_2/share/amr_lan_2/environment/ament_prefix_path.dsv
[1.335s] -- Symlinking: /home/duo/dev_ws/install/amr_lan_2/share/amr_lan_2/environment/path.sh
[1.350s] -- Symlinking: /home/duo/dev_ws/install/amr_lan_2/share/amr_lan_2/environment/path.dsv
[1.363s] -- Symlinking: /home/duo/dev_ws/install/amr_lan_2/share/amr_lan_2/local_setup.bash
[1.376s] -- Symlinking: /home/duo/dev_ws/install/amr_lan_2/share/amr_lan_2/local_setup.sh
[1.391s] -- Symlinking: /home/duo/dev_ws/install/amr_lan_2/share/amr_lan_2/local_setup.zsh
[1.405s] -- Symlinking: /home/duo/dev_ws/install/amr_lan_2/share/amr_lan_2/local_setup.dsv
[1.419s] -- Symlinking: /home/duo/dev_ws/install/amr_lan_2/share/amr_lan_2/package.dsv
[1.433s] -- Symlinking: /home/duo/dev_ws/install/amr_lan_2/share/ament_index/resource_index/packages/amr_lan_2
[1.448s] -- Symlinking: /home/duo/dev_ws/install/amr_lan_2/share/amr_lan_2/cmake/amr_lan_2Config.cmake
[1.460s] -- Symlinking: /home/duo/dev_ws/install/amr_lan_2/share/amr_lan_2/cmake/amr_lan_2Config-version.cmake
[1.476s] -- Symlinking: /home/duo/dev_ws/install/amr_lan_2/share/amr_lan_2/package.xml
[1.496s] Invoked command in '/home/duo/dev_ws/build/amr_lan_2' returned '0': CMAKE_PREFIX_PATH=/opt/ros/humble /usr/bin/cmake --install /home/duo/dev_ws/build/amr_lan_2
