-- Install configuration: ""
-- Execute custom install script
-- Up-to-date symlink: /home/duo/dev_ws/install/amr_lan_2/share/amr_lan_2/config/view_bot.rviz
-- Up-to-date symlink: /home/duo/dev_ws/install/amr_lan_2/share/amr_lan_2/description/gazebo_control.xacro
-- Up-to-date symlink: /home/duo/dev_ws/install/amr_lan_2/share/amr_lan_2/description/inertial_macros.xacro
-- Up-to-date symlink: /home/duo/dev_ws/install/amr_lan_2/share/amr_lan_2/description/robot.urdf.xacro
-- Up-to-date symlink: /home/duo/dev_ws/install/amr_lan_2/share/amr_lan_2/description/robot_core.xacro
-- Up-to-date symlink: /home/duo/dev_ws/install/amr_lan_2/share/amr_lan_2/description/tmep
-- Up-to-date symlink: /home/duo/dev_ws/install/amr_lan_2/share/amr_lan_2/launch/launch_sim.launch.py
-- Up-to-date symlink: /home/duo/dev_ws/install/amr_lan_2/share/amr_lan_2/launch/rsp.launch.py
-- Up-to-date symlink: /home/duo/dev_ws/install/amr_lan_2/share/amr_lan_2/meshes/base_footprint.STL
-- Up-to-date symlink: /home/duo/dev_ws/install/amr_lan_2/share/amr_lan_2/meshes/base_link.STL
-- Up-to-date symlink: /home/duo/dev_ws/install/amr_lan_2/share/amr_lan_2/meshes/caster_wheel_left_behind.STL
-- Up-to-date symlink: /home/duo/dev_ws/install/amr_lan_2/share/amr_lan_2/meshes/caster_wheel_left_front.STL
-- Up-to-date symlink: /home/duo/dev_ws/install/amr_lan_2/share/amr_lan_2/meshes/caster_wheel_right_behind.STL
-- Up-to-date symlink: /home/duo/dev_ws/install/amr_lan_2/share/amr_lan_2/meshes/caster_wheel_right_front.STL
-- Up-to-date symlink: /home/duo/dev_ws/install/amr_lan_2/share/amr_lan_2/meshes/imu_link.STL
-- Up-to-date symlink: /home/duo/dev_ws/install/amr_lan_2/share/amr_lan_2/meshes/laser_frame.STL
-- Up-to-date symlink: /home/duo/dev_ws/install/amr_lan_2/share/amr_lan_2/meshes/left_wheel.STL
-- Up-to-date symlink: /home/duo/dev_ws/install/amr_lan_2/share/amr_lan_2/meshes/right_wheel.STL
[31mCMake Error at ament_cmake_symlink_install/ament_cmake_symlink_install.cmake:105 (message):
  ament_cmake_symlink_install_directory() can't find
  '/home/duo/dev_ws/src/amr_lan_2/worlds'
Call Stack (most recent call first):
  ament_cmake_symlink_install/ament_cmake_symlink_install.cmake:319 (ament_cmake_symlink_install_directory)
  cmake_install.cmake:46 (include)

[0m
