[0.015s] Invoking command in '/home/duo/dev_ws/build/hinson_hardware': CMAKE_PREFIX_PATH=/opt/ros/humble /usr/bin/cmake /home/duo/dev_ws/src/hinson_hardware -DCMAKE_INSTALL_PREFIX=/home/duo/dev_ws/install/hinson_hardware
[0.151s] -- The C compiler identification is GNU 11.4.0
[0.281s] -- The CXX compiler identification is GNU 11.4.0
[0.305s] -- Detecting C compiler ABI info
[0.428s] -- Detecting C compiler ABI info - done
[0.438s] -- Check for working C compiler: /usr/bin/cc - skipped
[0.439s] -- Detecting C compile features
[0.439s] -- Detecting C compile features - done
[0.444s] -- Detecting CXX compiler ABI info
[0.585s] -- Detecting CXX compiler ABI info - done
[0.613s] -- Check for working CXX compiler: /usr/bin/c++ - skipped
[0.614s] -- Detecting CXX compile features
[0.615s] -- Detecting CXX compile features - done
[0.632s] -- Found ament_cmake: 1.3.14 (/opt/ros/humble/share/ament_cmake/cmake)
[0.823s] -- Found Python3: /usr/bin/python3 (found version "3.10.12") found components: Interpreter 
[0.997s] -- Found rclcpp: 16.0.19 (/opt/ros/humble/share/rclcpp/cmake)
[1.071s] -- Found rosidl_generator_c: 3.1.8 (/opt/ros/humble/share/rosidl_generator_c/cmake)
[1.080s] -- Found rosidl_adapter: 3.1.8 (/opt/ros/humble/share/rosidl_adapter/cmake)
[1.094s] -- Found rosidl_generator_cpp: 3.1.8 (/opt/ros/humble/share/rosidl_generator_cpp/cmake)
[1.114s] -- Using all available rosidl_typesupport_c: rosidl_typesupport_fastrtps_c;rosidl_typesupport_introspection_c
[1.140s] -- Using all available rosidl_typesupport_cpp: rosidl_typesupport_fastrtps_cpp;rosidl_typesupport_introspection_cpp
[1.213s] -- Found rmw_implementation_cmake: 6.1.2 (/opt/ros/humble/share/rmw_implementation_cmake/cmake)
[1.218s] -- Found rmw_fastrtps_cpp: 6.2.10 (/opt/ros/humble/share/rmw_fastrtps_cpp/cmake)
[1.379s] -- Found OpenSSL: /usr/lib/x86_64-linux-gnu/libcrypto.so (found version "3.0.2")  
[1.420s] -- Found FastRTPS: /opt/ros/humble/include  
[1.482s] -- Using RMW implementation 'rmw_fastrtps_cpp' as default
[1.496s] -- Looking for pthread.h
[1.628s] -- Looking for pthread.h - found
[1.629s] -- Performing Test CMAKE_HAVE_LIBC_PTHREAD
[1.747s] -- Performing Test CMAKE_HAVE_LIBC_PTHREAD - Success
[1.748s] -- Found Threads: TRUE  
[1.832s] -- Found hardware_interface: 2.53.1 (/opt/ros/humble/share/hardware_interface/cmake)
[2.069s] -- Found PkgConfig: /usr/bin/pkg-config (found version "0.29.2") 
[2.071s] -- Checking for module 'libmodbus'
[2.095s] --   Found libmodbus, version 3.1.6
[2.155s] [31mCMake Error at CMakeLists.txt:41 (pluginlib_export_plugin_declaration_file):
[2.155s]   Unknown CMake command "pluginlib_export_plugin_declaration_file".
[2.156s] 
[2.156s] [0m
[2.156s] -- Configuring incomplete, errors occurred!
[2.156s] See also "/home/duo/dev_ws/build/hinson_hardware/CMakeFiles/CMakeOutput.log".
[2.169s] Invoked command in '/home/duo/dev_ws/build/hinson_hardware' returned '1': CMAKE_PREFIX_PATH=/opt/ros/humble /usr/bin/cmake /home/duo/dev_ws/src/hinson_hardware -DCMAKE_INSTALL_PREFIX=/home/duo/dev_ws/install/hinson_hardware
