[0.369s] Invoking command in '/home/duo/dev_ws/build/hinson_hardware': CMAKE_PREFIX_PATH=${CMAKE_PREFIX_PATH}:/home/duo/dev_ws/install/custom_laser_filter:/opt/ros/humble /usr/bin/cmake /home/duo/dev_ws/src/hinson_hardware -DAMENT_CMAKE_SYMLINK_INSTALL=1 -DCMAKE_INSTALL_PREFIX=/home/duo/dev_ws/install/hinson_hardware
[0.384s] -- Found ament_cmake: 1.3.14 (/opt/ros/humble/share/ament_cmake/cmake)
[0.581s] -- Override CMake install command with custom implementation using symlinks instead of copying resources
[0.590s] -- Found rclcpp: 16.0.19 (/opt/ros/humble/share/rclcpp/cmake)
[0.624s] -- Found rosidl_generator_c: 3.1.8 (/opt/ros/humble/share/rosidl_generator_c/cmake)
[0.627s] -- Found rosidl_adapter: 3.1.8 (/opt/ros/humble/share/rosidl_adapter/cmake)
[0.634s] -- Found rosidl_generator_cpp: 3.1.8 (/opt/ros/humble/share/rosidl_generator_cpp/cmake)
[0.645s] -- Using all available rosidl_typesupport_c: rosidl_typesupport_fastrtps_c;rosidl_typesupport_introspection_c
[0.660s] -- Using all available rosidl_typesupport_cpp: rosidl_typesupport_fastrtps_cpp;rosidl_typesupport_introspection_cpp
[0.697s] -- Found rmw_implementation_cmake: 6.1.2 (/opt/ros/humble/share/rmw_implementation_cmake/cmake)
[0.699s] -- Found rmw_fastrtps_cpp: 6.2.10 (/opt/ros/humble/share/rmw_fastrtps_cpp/cmake)
[0.851s] -- Using RMW implementation 'rmw_fastrtps_cpp' as default
[0.907s] -- Found rclcpp_lifecycle: 16.0.19 (/opt/ros/humble/share/rclcpp_lifecycle/cmake)
[0.927s] -- Found hardware_interface: 2.53.1 (/opt/ros/humble/share/hardware_interface/cmake)
[1.178s] -- Configuring done
[1.206s] -- Generating done
[1.214s] -- Build files have been written to: /home/duo/dev_ws/build/hinson_hardware
[1.233s] Invoked command in '/home/duo/dev_ws/build/hinson_hardware' returned '0': CMAKE_PREFIX_PATH=${CMAKE_PREFIX_PATH}:/home/duo/dev_ws/install/custom_laser_filter:/opt/ros/humble /usr/bin/cmake /home/duo/dev_ws/src/hinson_hardware -DAMENT_CMAKE_SYMLINK_INSTALL=1 -DCMAKE_INSTALL_PREFIX=/home/duo/dev_ws/install/hinson_hardware
[1.236s] Invoking command in '/home/duo/dev_ws/build/hinson_hardware': CMAKE_PREFIX_PATH=${CMAKE_PREFIX_PATH}:/home/duo/dev_ws/install/custom_laser_filter:/opt/ros/humble /usr/bin/cmake --build /home/duo/dev_ws/build/hinson_hardware -- -j8 -l8
[1.318s] [35m[1mConsolidate compiler generated dependencies of target hinson_hardware[0m
[1.357s] [ 50%] [32m[1mLinking CXX shared library libhinson_hardware.so[0m
[1.675s] [100%] Built target hinson_hardware
[1.692s] Invoked command in '/home/duo/dev_ws/build/hinson_hardware' returned '0': CMAKE_PREFIX_PATH=${CMAKE_PREFIX_PATH}:/home/duo/dev_ws/install/custom_laser_filter:/opt/ros/humble /usr/bin/cmake --build /home/duo/dev_ws/build/hinson_hardware -- -j8 -l8
[1.695s] Invoking command in '/home/duo/dev_ws/build/hinson_hardware': CMAKE_PREFIX_PATH=${CMAKE_PREFIX_PATH}:/home/duo/dev_ws/install/custom_laser_filter:/opt/ros/humble /usr/bin/cmake --install /home/duo/dev_ws/build/hinson_hardware
[1.706s] -- Install configuration: ""
[1.706s] -- Execute custom install script
[1.707s] -- Symlinking: /home/duo/dev_ws/install/hinson_hardware/share/hinson_hardware//hinson_hardware.xml
[1.719s] -- Symlinking: /home/duo/dev_ws/install/hinson_hardware/lib/libhinson_hardware.so
[1.731s] -- Symlinking: /home/duo/dev_ws/install/hinson_hardware/include/hinson_hardware/hinson_system.hpp
[1.745s] -- Up-to-date symlink: /home/duo/dev_ws/install/hinson_hardware/share/hinson_hardware/hinson_hardware.xml
[1.746s] -- Symlinking: /home/duo/dev_ws/install/hinson_hardware/share/hinson_hardware/environment/library_path.sh
[1.758s] -- Symlinking: /home/duo/dev_ws/install/hinson_hardware/share/hinson_hardware/environment/library_path.dsv
[1.772s] -- Symlinking: /home/duo/dev_ws/install/hinson_hardware/share/ament_index/resource_index/package_run_dependencies/hinson_hardware
[1.784s] -- Symlinking: /home/duo/dev_ws/install/hinson_hardware/share/ament_index/resource_index/parent_prefix_path/hinson_hardware
[1.805s] -- Symlinking: /home/duo/dev_ws/install/hinson_hardware/share/hinson_hardware/environment/ament_prefix_path.sh
[1.818s] -- Symlinking: /home/duo/dev_ws/install/hinson_hardware/share/hinson_hardware/environment/ament_prefix_path.dsv
[1.831s] -- Symlinking: /home/duo/dev_ws/install/hinson_hardware/share/hinson_hardware/environment/path.sh
[1.850s] -- Symlinking: /home/duo/dev_ws/install/hinson_hardware/share/hinson_hardware/environment/path.dsv
[1.869s] -- Symlinking: /home/duo/dev_ws/install/hinson_hardware/share/hinson_hardware/local_setup.bash
[1.882s] -- Symlinking: /home/duo/dev_ws/install/hinson_hardware/share/hinson_hardware/local_setup.sh
[1.895s] -- Symlinking: /home/duo/dev_ws/install/hinson_hardware/share/hinson_hardware/local_setup.zsh
[1.908s] -- Symlinking: /home/duo/dev_ws/install/hinson_hardware/share/hinson_hardware/local_setup.dsv
[1.922s] -- Symlinking: /home/duo/dev_ws/install/hinson_hardware/share/hinson_hardware/package.dsv
[1.934s] -- Symlinking: /home/duo/dev_ws/install/hinson_hardware/share/ament_index/resource_index/packages/hinson_hardware
[1.948s] -- Symlinking: /home/duo/dev_ws/install/hinson_hardware/share/ament_index/resource_index/hardware_interface__pluginlib__plugin/hinson_hardware
[1.963s] -- Symlinking: /home/duo/dev_ws/install/hinson_hardware/share/hinson_hardware/cmake/ament_cmake_export_include_directories-extras.cmake
[1.976s] -- Symlinking: /home/duo/dev_ws/install/hinson_hardware/share/hinson_hardware/cmake/ament_cmake_export_libraries-extras.cmake
[1.989s] -- Symlinking: /home/duo/dev_ws/install/hinson_hardware/share/hinson_hardware/cmake/ament_cmake_export_dependencies-extras.cmake
[2.002s] -- Symlinking: /home/duo/dev_ws/install/hinson_hardware/share/hinson_hardware/cmake/hinson_hardwareConfig.cmake
[2.017s] -- Symlinking: /home/duo/dev_ws/install/hinson_hardware/share/hinson_hardware/cmake/hinson_hardwareConfig-version.cmake
[2.030s] -- Symlinking: /home/duo/dev_ws/install/hinson_hardware/share/hinson_hardware/package.xml
[2.047s] Invoked command in '/home/duo/dev_ws/build/hinson_hardware' returned '0': CMAKE_PREFIX_PATH=${CMAKE_PREFIX_PATH}:/home/duo/dev_ws/install/custom_laser_filter:/opt/ros/humble /usr/bin/cmake --install /home/duo/dev_ws/build/hinson_hardware
