[0.368s] Invoking command in '/home/duo/dev_ws/build/hinson_hardware': CMAKE_PREFIX_PATH=${CMAKE_PREFIX_PATH}:/home/duo/dev_ws/install/custom_laser_filter:/opt/ros/humble /usr/bin/cmake --build /home/duo/dev_ws/build/hinson_hardware -- -j8 -l8
[0.543s] [100%] Built target hinson_hardware
[0.560s] Invoked command in '/home/duo/dev_ws/build/hinson_hardware' returned '0': CMAKE_PREFIX_PATH=${CMAKE_PREFIX_PATH}:/home/duo/dev_ws/install/custom_laser_filter:/opt/ros/humble /usr/bin/cmake --build /home/duo/dev_ws/build/hinson_hardware -- -j8 -l8
[0.563s] Invoking command in '/home/duo/dev_ws/build/hinson_hardware': CMAKE_PREFIX_PATH=${CMAKE_PREFIX_PATH}:/home/duo/dev_ws/install/custom_laser_filter:/opt/ros/humble /usr/bin/cmake --install /home/duo/dev_ws/build/hinson_hardware
[0.573s] -- Install configuration: ""
[0.574s] -- Execute custom install script
[0.574s] -- Up-to-date symlink: /home/duo/dev_ws/install/hinson_hardware/share/hinson_hardware//hinson_hardware.xml
[0.575s] -- Up-to-date symlink: /home/duo/dev_ws/install/hinson_hardware/lib/libhinson_hardware.so
[0.576s] -- Up-to-date symlink: /home/duo/dev_ws/install/hinson_hardware/include/hinson_hardware/hinson_system.hpp
[0.577s] -- Up-to-date symlink: /home/duo/dev_ws/install/hinson_hardware/share/hinson_hardware/hinson_hardware.xml
[0.577s] -- Up-to-date symlink: /home/duo/dev_ws/install/hinson_hardware/share/hinson_hardware/environment/library_path.sh
[0.577s] -- Up-to-date symlink: /home/duo/dev_ws/install/hinson_hardware/share/hinson_hardware/environment/library_path.dsv
[0.577s] -- Up-to-date symlink: /home/duo/dev_ws/install/hinson_hardware/share/ament_index/resource_index/package_run_dependencies/hinson_hardware
[0.578s] -- Up-to-date symlink: /home/duo/dev_ws/install/hinson_hardware/share/ament_index/resource_index/parent_prefix_path/hinson_hardware
[0.578s] -- Up-to-date symlink: /home/duo/dev_ws/install/hinson_hardware/share/hinson_hardware/environment/ament_prefix_path.sh
[0.579s] -- Up-to-date symlink: /home/duo/dev_ws/install/hinson_hardware/share/hinson_hardware/environment/ament_prefix_path.dsv
[0.581s] -- Up-to-date symlink: /home/duo/dev_ws/install/hinson_hardware/share/hinson_hardware/environment/path.sh
[0.581s] -- Up-to-date symlink: /home/duo/dev_ws/install/hinson_hardware/share/hinson_hardware/environment/path.dsv
[0.581s] -- Up-to-date symlink: /home/duo/dev_ws/install/hinson_hardware/share/hinson_hardware/local_setup.bash
[0.581s] -- Up-to-date symlink: /home/duo/dev_ws/install/hinson_hardware/share/hinson_hardware/local_setup.sh
[0.581s] -- Up-to-date symlink: /home/duo/dev_ws/install/hinson_hardware/share/hinson_hardware/local_setup.zsh
[0.581s] -- Up-to-date symlink: /home/duo/dev_ws/install/hinson_hardware/share/hinson_hardware/local_setup.dsv
[0.581s] -- Symlinking: /home/duo/dev_ws/install/hinson_hardware/share/hinson_hardware/package.dsv
[0.595s] -- Up-to-date symlink: /home/duo/dev_ws/install/hinson_hardware/share/ament_index/resource_index/packages/hinson_hardware
[0.595s] -- Up-to-date symlink: /home/duo/dev_ws/install/hinson_hardware/share/ament_index/resource_index/hardware_interface__pluginlib__plugin/hinson_hardware
[0.596s] -- Up-to-date symlink: /home/duo/dev_ws/install/hinson_hardware/share/hinson_hardware/cmake/ament_cmake_export_include_directories-extras.cmake
[0.596s] -- Up-to-date symlink: /home/duo/dev_ws/install/hinson_hardware/share/hinson_hardware/cmake/ament_cmake_export_libraries-extras.cmake
[0.596s] -- Up-to-date symlink: /home/duo/dev_ws/install/hinson_hardware/share/hinson_hardware/cmake/ament_cmake_export_dependencies-extras.cmake
[0.597s] -- Up-to-date symlink: /home/duo/dev_ws/install/hinson_hardware/share/hinson_hardware/cmake/hinson_hardwareConfig.cmake
[0.597s] -- Up-to-date symlink: /home/duo/dev_ws/install/hinson_hardware/share/hinson_hardware/cmake/hinson_hardwareConfig-version.cmake
[0.597s] -- Up-to-date symlink: /home/duo/dev_ws/install/hinson_hardware/share/hinson_hardware/package.xml
[0.600s] Invoked command in '/home/duo/dev_ws/build/hinson_hardware' returned '0': CMAKE_PREFIX_PATH=${CMAKE_PREFIX_PATH}:/home/duo/dev_ws/install/custom_laser_filter:/opt/ros/humble /usr/bin/cmake --install /home/duo/dev_ws/build/hinson_hardware
