[0.049s] Invoking command in '/home/duo/dev_ws/build/amr_lan_3': CMAKE_PREFIX_PATH=${CMAKE_PREFIX_PATH}:/home/duo/dev_ws/install/custom_laser_filter:/opt/ros/humble /usr/bin/cmake --build /home/duo/dev_ws/build/amr_lan_3 -- -j8 -l8
[0.450s] Invoked command in '/home/duo/dev_ws/build/amr_lan_3' returned '0': CMAKE_PREFIX_PATH=${CMAKE_PREFIX_PATH}:/home/duo/dev_ws/install/custom_laser_filter:/opt/ros/humble /usr/bin/cmake --build /home/duo/dev_ws/build/amr_lan_3 -- -j8 -l8
[0.453s] Invoking command in '/home/duo/dev_ws/build/amr_lan_3': CMAKE_PREFIX_PATH=${CMAKE_PREFIX_PATH}:/home/duo/dev_ws/install/custom_laser_filter:/opt/ros/humble /usr/bin/cmake --install /home/duo/dev_ws/build/amr_lan_3
[0.470s] -- Install configuration: ""
[0.471s] -- Execute custom install script
[0.471s] -- Symlinking: /home/duo/dev_ws/install/amr_lan_3/share/amr_lan_3/description/gazebo_control.xacro
[0.487s] -- Up-to-date symlink: /home/duo/dev_ws/install/amr_lan_3/share/amr_lan_3/description/inertial_macros.xacro
[0.487s] -- Up-to-date symlink: /home/duo/dev_ws/install/amr_lan_3/share/amr_lan_3/description/lidar.xacro
[0.488s] -- Up-to-date symlink: /home/duo/dev_ws/install/amr_lan_3/share/amr_lan_3/description/robot.urdf.xacro
[0.488s] -- Up-to-date symlink: /home/duo/dev_ws/install/amr_lan_3/share/amr_lan_3/description/robot_core.xacro
[0.488s] -- Up-to-date symlink: /home/duo/dev_ws/install/amr_lan_3/share/amr_lan_3/launch/launch_sim.launch.py
[0.489s] -- Up-to-date symlink: /home/duo/dev_ws/install/amr_lan_3/share/amr_lan_3/launch/rsp.launch.py
[0.489s] -- Up-to-date symlink: /home/duo/dev_ws/install/amr_lan_3/share/ament_index/resource_index/package_run_dependencies/amr_lan_3
[0.490s] -- Up-to-date symlink: /home/duo/dev_ws/install/amr_lan_3/share/ament_index/resource_index/parent_prefix_path/amr_lan_3
[0.496s] -- Up-to-date symlink: /home/duo/dev_ws/install/amr_lan_3/share/amr_lan_3/environment/ament_prefix_path.sh
[0.496s] -- Up-to-date symlink: /home/duo/dev_ws/install/amr_lan_3/share/amr_lan_3/environment/ament_prefix_path.dsv
[0.497s] -- Up-to-date symlink: /home/duo/dev_ws/install/amr_lan_3/share/amr_lan_3/environment/path.sh
[0.497s] -- Up-to-date symlink: /home/duo/dev_ws/install/amr_lan_3/share/amr_lan_3/environment/path.dsv
[0.497s] -- Up-to-date symlink: /home/duo/dev_ws/install/amr_lan_3/share/amr_lan_3/local_setup.bash
[0.500s] -- Up-to-date symlink: /home/duo/dev_ws/install/amr_lan_3/share/amr_lan_3/local_setup.sh
[0.500s] -- Up-to-date symlink: /home/duo/dev_ws/install/amr_lan_3/share/amr_lan_3/local_setup.zsh
[0.507s] -- Up-to-date symlink: /home/duo/dev_ws/install/amr_lan_3/share/amr_lan_3/local_setup.dsv
[0.507s] -- Symlinking: /home/duo/dev_ws/install/amr_lan_3/share/amr_lan_3/package.dsv
[0.522s] -- Up-to-date symlink: /home/duo/dev_ws/install/amr_lan_3/share/ament_index/resource_index/packages/amr_lan_3
[0.522s] -- Up-to-date symlink: /home/duo/dev_ws/install/amr_lan_3/share/amr_lan_3/cmake/amr_lan_3Config.cmake
[0.522s] -- Up-to-date symlink: /home/duo/dev_ws/install/amr_lan_3/share/amr_lan_3/cmake/amr_lan_3Config-version.cmake
[0.523s] -- Up-to-date symlink: /home/duo/dev_ws/install/amr_lan_3/share/amr_lan_3/package.xml
[0.564s] Invoked command in '/home/duo/dev_ws/build/amr_lan_3' returned '0': CMAKE_PREFIX_PATH=${CMAKE_PREFIX_PATH}:/home/duo/dev_ws/install/custom_laser_filter:/opt/ros/humble /usr/bin/cmake --install /home/duo/dev_ws/build/amr_lan_3
