[0.135s] DEBUG:colcon:Command line arguments: ['/usr/bin/colcon', 'build', '--symlink-install']
[0.135s] DEBUG:colcon:Parsed command line arguments: Namespace(log_base=None, log_level=None, verb_name='build', build_base='build', install_base='install', merge_install=False, symlink_install=True, test_result_base=None, continue_on_error=False, executor='parallel', parallel_workers=8, event_handlers=None, ignore_user_meta=False, metas=['./colcon.meta'], base_paths=['.'], packages_ignore=None, packages_ignore_regex=None, paths=None, packages_up_to=None, packages_up_to_regex=None, packages_above=None, packages_above_and_dependencies=None, packages_above_depth=None, packages_select_by_dep=None, packages_skip_by_dep=None, packages_skip_up_to=None, packages_select_build_failed=False, packages_skip_build_finished=False, packages_select_test_failures=False, packages_skip_test_passed=False, packages_select=None, packages_skip=None, packages_select_regex=None, packages_skip_regex=None, packages_start=None, packages_end=None, allow_overriding=[], cmake_args=None, cmake_target=None, cmake_target_skip_unavailable=False, cmake_clean_cache=False, cmake_clean_first=False, cmake_force_configure=False, ament_cmake_args=None, catkin_cmake_args=None, catkin_skip_building_tests=False, verb_parser=<colcon_defaults.argument_parser.defaults.DefaultArgumentsDecorator object at 0x72a052c297b0>, verb_extension=<colcon_core.verb.build.BuildVerb object at 0x72a052c291b0>, main=<bound method BuildVerb.main of <colcon_core.verb.build.BuildVerb object at 0x72a052c291b0>>)
[0.364s] Level 1:colcon.colcon_core.package_discovery:discover_packages(colcon_meta) check parameters
[0.364s] Level 1:colcon.colcon_core.package_discovery:discover_packages(recursive) check parameters
[0.364s] Level 1:colcon.colcon_core.package_discovery:discover_packages(ignore) check parameters
[0.364s] Level 1:colcon.colcon_core.package_discovery:discover_packages(path) check parameters
[0.364s] Level 1:colcon.colcon_core.package_discovery:discover_packages(colcon_meta) discover
[0.364s] Level 1:colcon.colcon_core.package_discovery:discover_packages(recursive) discover
[0.364s] INFO:colcon.colcon_core.package_discovery:Crawling recursively for packages in '/home/duo/dev_ws'
[0.364s] Level 1:colcon.colcon_core.package_identification:_identify(.) by extensions ['ignore', 'ignore_ament_install']
[0.364s] Level 1:colcon.colcon_core.package_identification:_identify(.) by extension 'ignore'
[0.365s] Level 1:colcon.colcon_core.package_identification:_identify(.) by extension 'ignore_ament_install'
[0.365s] Level 1:colcon.colcon_core.package_identification:_identify(.) by extensions ['colcon_pkg']
[0.365s] Level 1:colcon.colcon_core.package_identification:_identify(.) by extension 'colcon_pkg'
[0.365s] Level 1:colcon.colcon_core.package_identification:_identify(.) by extensions ['colcon_meta']
[0.365s] Level 1:colcon.colcon_core.package_identification:_identify(.) by extension 'colcon_meta'
[0.365s] Level 1:colcon.colcon_core.package_identification:_identify(.) by extensions ['ros']
[0.365s] Level 1:colcon.colcon_core.package_identification:_identify(.) by extension 'ros'
[0.377s] Level 1:colcon.colcon_core.package_identification:_identify(.) by extensions ['cmake', 'python']
[0.377s] Level 1:colcon.colcon_core.package_identification:_identify(.) by extension 'cmake'
[0.377s] Level 1:colcon.colcon_core.package_identification:_identify(.) by extension 'python'
[0.377s] Level 1:colcon.colcon_core.package_identification:_identify(.) by extensions ['python_setup_py']
[0.377s] Level 1:colcon.colcon_core.package_identification:_identify(.) by extension 'python_setup_py'
[0.377s] Level 1:colcon.colcon_core.package_identification:_identify(build) by extensions ['ignore', 'ignore_ament_install']
[0.377s] Level 1:colcon.colcon_core.package_identification:_identify(build) by extension 'ignore'
[0.377s] Level 1:colcon.colcon_core.package_identification:_identify(build) ignored
[0.378s] Level 1:colcon.colcon_core.package_identification:_identify(install) by extensions ['ignore', 'ignore_ament_install']
[0.378s] Level 1:colcon.colcon_core.package_identification:_identify(install) by extension 'ignore'
[0.378s] Level 1:colcon.colcon_core.package_identification:_identify(install) ignored
[0.378s] Level 1:colcon.colcon_core.package_identification:_identify(log) by extensions ['ignore', 'ignore_ament_install']
[0.378s] Level 1:colcon.colcon_core.package_identification:_identify(log) by extension 'ignore'
[0.378s] Level 1:colcon.colcon_core.package_identification:_identify(log) ignored
[0.378s] Level 1:colcon.colcon_core.package_identification:_identify(src) by extensions ['ignore', 'ignore_ament_install']
[0.378s] Level 1:colcon.colcon_core.package_identification:_identify(src) by extension 'ignore'
[0.379s] Level 1:colcon.colcon_core.package_identification:_identify(src) by extension 'ignore_ament_install'
[0.379s] Level 1:colcon.colcon_core.package_identification:_identify(src) by extensions ['colcon_pkg']
[0.379s] Level 1:colcon.colcon_core.package_identification:_identify(src) by extension 'colcon_pkg'
[0.379s] Level 1:colcon.colcon_core.package_identification:_identify(src) by extensions ['colcon_meta']
[0.379s] Level 1:colcon.colcon_core.package_identification:_identify(src) by extension 'colcon_meta'
[0.379s] Level 1:colcon.colcon_core.package_identification:_identify(src) by extensions ['ros']
[0.379s] Level 1:colcon.colcon_core.package_identification:_identify(src) by extension 'ros'
[0.379s] Level 1:colcon.colcon_core.package_identification:_identify(src) by extensions ['cmake', 'python']
[0.379s] Level 1:colcon.colcon_core.package_identification:_identify(src) by extension 'cmake'
[0.379s] Level 1:colcon.colcon_core.package_identification:_identify(src) by extension 'python'
[0.379s] Level 1:colcon.colcon_core.package_identification:_identify(src) by extensions ['python_setup_py']
[0.379s] Level 1:colcon.colcon_core.package_identification:_identify(src) by extension 'python_setup_py'
[0.380s] Level 1:colcon.colcon_core.package_identification:_identify(src/amr_lan_2) by extensions ['ignore', 'ignore_ament_install']
[0.380s] Level 1:colcon.colcon_core.package_identification:_identify(src/amr_lan_2) by extension 'ignore'
[0.380s] Level 1:colcon.colcon_core.package_identification:_identify(src/amr_lan_2) by extension 'ignore_ament_install'
[0.380s] Level 1:colcon.colcon_core.package_identification:_identify(src/amr_lan_2) by extensions ['colcon_pkg']
[0.380s] Level 1:colcon.colcon_core.package_identification:_identify(src/amr_lan_2) by extension 'colcon_pkg'
[0.380s] Level 1:colcon.colcon_core.package_identification:_identify(src/amr_lan_2) by extensions ['colcon_meta']
[0.380s] Level 1:colcon.colcon_core.package_identification:_identify(src/amr_lan_2) by extension 'colcon_meta'
[0.380s] Level 1:colcon.colcon_core.package_identification:_identify(src/amr_lan_2) by extensions ['ros']
[0.380s] Level 1:colcon.colcon_core.package_identification:_identify(src/amr_lan_2) by extension 'ros'
[0.383s] DEBUG:colcon.colcon_core.package_identification:Package 'src/amr_lan_2' with type 'ros.ament_cmake' and name 'amr_lan_2'
[0.384s] Level 1:colcon.colcon_core.package_identification:_identify(src/amr_lan_2_mesh) by extensions ['ignore', 'ignore_ament_install']
[0.384s] Level 1:colcon.colcon_core.package_identification:_identify(src/amr_lan_2_mesh) by extension 'ignore'
[0.384s] Level 1:colcon.colcon_core.package_identification:_identify(src/amr_lan_2_mesh) by extension 'ignore_ament_install'
[0.384s] Level 1:colcon.colcon_core.package_identification:_identify(src/amr_lan_2_mesh) by extensions ['colcon_pkg']
[0.384s] Level 1:colcon.colcon_core.package_identification:_identify(src/amr_lan_2_mesh) by extension 'colcon_pkg'
[0.384s] Level 1:colcon.colcon_core.package_identification:_identify(src/amr_lan_2_mesh) by extensions ['colcon_meta']
[0.384s] Level 1:colcon.colcon_core.package_identification:_identify(src/amr_lan_2_mesh) by extension 'colcon_meta'
[0.384s] Level 1:colcon.colcon_core.package_identification:_identify(src/amr_lan_2_mesh) by extensions ['ros']
[0.384s] Level 1:colcon.colcon_core.package_identification:_identify(src/amr_lan_2_mesh) by extension 'ros'
[0.385s] DEBUG:colcon.colcon_core.package_identification:Package 'src/amr_lan_2_mesh' with type 'ros.ament_cmake' and name 'amr_lan_2_mesh'
[0.386s] Level 1:colcon.colcon_core.package_identification:_identify(src/amr_lan_3) by extensions ['ignore', 'ignore_ament_install']
[0.386s] Level 1:colcon.colcon_core.package_identification:_identify(src/amr_lan_3) by extension 'ignore'
[0.386s] Level 1:colcon.colcon_core.package_identification:_identify(src/amr_lan_3) by extension 'ignore_ament_install'
[0.386s] Level 1:colcon.colcon_core.package_identification:_identify(src/amr_lan_3) by extensions ['colcon_pkg']
[0.386s] Level 1:colcon.colcon_core.package_identification:_identify(src/amr_lan_3) by extension 'colcon_pkg'
[0.386s] Level 1:colcon.colcon_core.package_identification:_identify(src/amr_lan_3) by extensions ['colcon_meta']
[0.386s] Level 1:colcon.colcon_core.package_identification:_identify(src/amr_lan_3) by extension 'colcon_meta'
[0.386s] Level 1:colcon.colcon_core.package_identification:_identify(src/amr_lan_3) by extensions ['ros']
[0.386s] Level 1:colcon.colcon_core.package_identification:_identify(src/amr_lan_3) by extension 'ros'
[0.387s] DEBUG:colcon.colcon_core.package_identification:Package 'src/amr_lan_3' with type 'ros.ament_cmake' and name 'amr_lan_3'
[0.387s] Level 1:colcon.colcon_core.package_identification:_identify(src/custom_laser_filter) by extensions ['ignore', 'ignore_ament_install']
[0.387s] Level 1:colcon.colcon_core.package_identification:_identify(src/custom_laser_filter) by extension 'ignore'
[0.387s] Level 1:colcon.colcon_core.package_identification:_identify(src/custom_laser_filter) by extension 'ignore_ament_install'
[0.387s] Level 1:colcon.colcon_core.package_identification:_identify(src/custom_laser_filter) by extensions ['colcon_pkg']
[0.387s] Level 1:colcon.colcon_core.package_identification:_identify(src/custom_laser_filter) by extension 'colcon_pkg'
[0.388s] Level 1:colcon.colcon_core.package_identification:_identify(src/custom_laser_filter) by extensions ['colcon_meta']
[0.388s] Level 1:colcon.colcon_core.package_identification:_identify(src/custom_laser_filter) by extension 'colcon_meta'
[0.388s] Level 1:colcon.colcon_core.package_identification:_identify(src/custom_laser_filter) by extensions ['ros']
[0.388s] Level 1:colcon.colcon_core.package_identification:_identify(src/custom_laser_filter) by extension 'ros'
[0.389s] DEBUG:colcon.colcon_core.package_identification:Package 'src/custom_laser_filter' with type 'ros.ament_python' and name 'custom_laser_filter'
[0.389s] Level 1:colcon.colcon_core.package_identification:_identify(src/duobot_one) by extensions ['ignore', 'ignore_ament_install']
[0.389s] Level 1:colcon.colcon_core.package_identification:_identify(src/duobot_one) by extension 'ignore'
[0.389s] Level 1:colcon.colcon_core.package_identification:_identify(src/duobot_one) by extension 'ignore_ament_install'
[0.389s] Level 1:colcon.colcon_core.package_identification:_identify(src/duobot_one) by extensions ['colcon_pkg']
[0.389s] Level 1:colcon.colcon_core.package_identification:_identify(src/duobot_one) by extension 'colcon_pkg'
[0.389s] Level 1:colcon.colcon_core.package_identification:_identify(src/duobot_one) by extensions ['colcon_meta']
[0.389s] Level 1:colcon.colcon_core.package_identification:_identify(src/duobot_one) by extension 'colcon_meta'
[0.389s] Level 1:colcon.colcon_core.package_identification:_identify(src/duobot_one) by extensions ['ros']
[0.389s] Level 1:colcon.colcon_core.package_identification:_identify(src/duobot_one) by extension 'ros'
[0.390s] DEBUG:colcon.colcon_core.package_identification:Package 'src/duobot_one' with type 'ros.ament_cmake' and name 'duobot_one'
[0.391s] Level 1:colcon.colcon_core.package_identification:_identify(src/hinson_hardware) by extensions ['ignore', 'ignore_ament_install']
[0.391s] Level 1:colcon.colcon_core.package_identification:_identify(src/hinson_hardware) by extension 'ignore'
[0.391s] Level 1:colcon.colcon_core.package_identification:_identify(src/hinson_hardware) by extension 'ignore_ament_install'
[0.391s] Level 1:colcon.colcon_core.package_identification:_identify(src/hinson_hardware) by extensions ['colcon_pkg']
[0.391s] Level 1:colcon.colcon_core.package_identification:_identify(src/hinson_hardware) by extension 'colcon_pkg'
[0.391s] Level 1:colcon.colcon_core.package_identification:_identify(src/hinson_hardware) by extensions ['colcon_meta']
[0.391s] Level 1:colcon.colcon_core.package_identification:_identify(src/hinson_hardware) by extension 'colcon_meta'
[0.391s] Level 1:colcon.colcon_core.package_identification:_identify(src/hinson_hardware) by extensions ['ros']
[0.391s] Level 1:colcon.colcon_core.package_identification:_identify(src/hinson_hardware) by extension 'ros'
[0.392s] DEBUG:colcon.colcon_core.package_identification:Package 'src/hinson_hardware' with type 'ros.ament_cmake' and name 'hinson_hardware'
[0.392s] Level 1:colcon.colcon_core.package_identification:_identify(src/lap_thu_amr_description) by extensions ['ignore', 'ignore_ament_install']
[0.393s] Level 1:colcon.colcon_core.package_identification:_identify(src/lap_thu_amr_description) by extension 'ignore'
[0.393s] Level 1:colcon.colcon_core.package_identification:_identify(src/lap_thu_amr_description) by extension 'ignore_ament_install'
[0.393s] Level 1:colcon.colcon_core.package_identification:_identify(src/lap_thu_amr_description) by extensions ['colcon_pkg']
[0.393s] Level 1:colcon.colcon_core.package_identification:_identify(src/lap_thu_amr_description) by extension 'colcon_pkg'
[0.393s] Level 1:colcon.colcon_core.package_identification:_identify(src/lap_thu_amr_description) by extensions ['colcon_meta']
[0.393s] Level 1:colcon.colcon_core.package_identification:_identify(src/lap_thu_amr_description) by extension 'colcon_meta'
[0.393s] Level 1:colcon.colcon_core.package_identification:_identify(src/lap_thu_amr_description) by extensions ['ros']
[0.393s] Level 1:colcon.colcon_core.package_identification:_identify(src/lap_thu_amr_description) by extension 'ros'
[0.394s] DEBUG:colcon.colcon_core.package_identification:Package 'src/lap_thu_amr_description' with type 'ros.ament_cmake' and name 'lap_thu_amr_description'
[0.394s] Level 1:colcon.colcon_core.package_discovery:discover_packages(recursive) using defaults
[0.394s] Level 1:colcon.colcon_core.package_discovery:discover_packages(ignore) discover
[0.394s] Level 1:colcon.colcon_core.package_discovery:discover_packages(ignore) using defaults
[0.394s] Level 1:colcon.colcon_core.package_discovery:discover_packages(path) discover
[0.394s] Level 1:colcon.colcon_core.package_discovery:discover_packages(path) using defaults
[0.437s] Level 1:colcon.colcon_core.package_discovery:discover_packages(prefix_path) check parameters
[0.437s] Level 1:colcon.colcon_core.package_discovery:discover_packages(prefix_path) discover
[0.440s] DEBUG:colcon.colcon_installed_package_information.package_discovery:Found 7 installed packages in /home/duo/dev_ws/install
[0.443s] DEBUG:colcon.colcon_installed_package_information.package_discovery:Found 486 installed packages in /opt/ros/humble
[0.446s] Level 1:colcon.colcon_core.package_discovery:discover_packages(prefix_path) using defaults
[0.529s] Level 5:colcon.colcon_core.verb:set package 'amr_lan_2' build argument 'cmake_args' from command line to 'None'
[0.529s] Level 5:colcon.colcon_core.verb:set package 'amr_lan_2' build argument 'cmake_target' from command line to 'None'
[0.529s] Level 5:colcon.colcon_core.verb:set package 'amr_lan_2' build argument 'cmake_target_skip_unavailable' from command line to 'False'
[0.529s] Level 5:colcon.colcon_core.verb:set package 'amr_lan_2' build argument 'cmake_clean_cache' from command line to 'False'
[0.529s] Level 5:colcon.colcon_core.verb:set package 'amr_lan_2' build argument 'cmake_clean_first' from command line to 'False'
[0.529s] Level 5:colcon.colcon_core.verb:set package 'amr_lan_2' build argument 'cmake_force_configure' from command line to 'False'
[0.529s] Level 5:colcon.colcon_core.verb:set package 'amr_lan_2' build argument 'ament_cmake_args' from command line to 'None'
[0.529s] Level 5:colcon.colcon_core.verb:set package 'amr_lan_2' build argument 'catkin_cmake_args' from command line to 'None'
[0.529s] Level 5:colcon.colcon_core.verb:set package 'amr_lan_2' build argument 'catkin_skip_building_tests' from command line to 'False'
[0.529s] DEBUG:colcon.colcon_core.verb:Building package 'amr_lan_2' with the following arguments: {'ament_cmake_args': None, 'build_base': '/home/duo/dev_ws/build/amr_lan_2', 'catkin_cmake_args': None, 'catkin_skip_building_tests': False, 'cmake_args': None, 'cmake_clean_cache': False, 'cmake_clean_first': False, 'cmake_force_configure': False, 'cmake_target': None, 'cmake_target_skip_unavailable': False, 'install_base': '/home/duo/dev_ws/install/amr_lan_2', 'merge_install': False, 'path': '/home/duo/dev_ws/src/amr_lan_2', 'symlink_install': True, 'test_result_base': None}
[0.530s] Level 5:colcon.colcon_core.verb:set package 'amr_lan_2_mesh' build argument 'cmake_args' from command line to 'None'
[0.530s] Level 5:colcon.colcon_core.verb:set package 'amr_lan_2_mesh' build argument 'cmake_target' from command line to 'None'
[0.530s] Level 5:colcon.colcon_core.verb:set package 'amr_lan_2_mesh' build argument 'cmake_target_skip_unavailable' from command line to 'False'
[0.530s] Level 5:colcon.colcon_core.verb:set package 'amr_lan_2_mesh' build argument 'cmake_clean_cache' from command line to 'False'
[0.530s] Level 5:colcon.colcon_core.verb:set package 'amr_lan_2_mesh' build argument 'cmake_clean_first' from command line to 'False'
[0.530s] Level 5:colcon.colcon_core.verb:set package 'amr_lan_2_mesh' build argument 'cmake_force_configure' from command line to 'False'
[0.530s] Level 5:colcon.colcon_core.verb:set package 'amr_lan_2_mesh' build argument 'ament_cmake_args' from command line to 'None'
[0.530s] Level 5:colcon.colcon_core.verb:set package 'amr_lan_2_mesh' build argument 'catkin_cmake_args' from command line to 'None'
[0.530s] Level 5:colcon.colcon_core.verb:set package 'amr_lan_2_mesh' build argument 'catkin_skip_building_tests' from command line to 'False'
[0.530s] DEBUG:colcon.colcon_core.verb:Building package 'amr_lan_2_mesh' with the following arguments: {'ament_cmake_args': None, 'build_base': '/home/duo/dev_ws/build/amr_lan_2_mesh', 'catkin_cmake_args': None, 'catkin_skip_building_tests': False, 'cmake_args': None, 'cmake_clean_cache': False, 'cmake_clean_first': False, 'cmake_force_configure': False, 'cmake_target': None, 'cmake_target_skip_unavailable': False, 'install_base': '/home/duo/dev_ws/install/amr_lan_2_mesh', 'merge_install': False, 'path': '/home/duo/dev_ws/src/amr_lan_2_mesh', 'symlink_install': True, 'test_result_base': None}
[0.531s] Level 5:colcon.colcon_core.verb:set package 'amr_lan_3' build argument 'cmake_args' from command line to 'None'
[0.531s] Level 5:colcon.colcon_core.verb:set package 'amr_lan_3' build argument 'cmake_target' from command line to 'None'
[0.531s] Level 5:colcon.colcon_core.verb:set package 'amr_lan_3' build argument 'cmake_target_skip_unavailable' from command line to 'False'
[0.531s] Level 5:colcon.colcon_core.verb:set package 'amr_lan_3' build argument 'cmake_clean_cache' from command line to 'False'
[0.531s] Level 5:colcon.colcon_core.verb:set package 'amr_lan_3' build argument 'cmake_clean_first' from command line to 'False'
[0.531s] Level 5:colcon.colcon_core.verb:set package 'amr_lan_3' build argument 'cmake_force_configure' from command line to 'False'
[0.531s] Level 5:colcon.colcon_core.verb:set package 'amr_lan_3' build argument 'ament_cmake_args' from command line to 'None'
[0.532s] Level 5:colcon.colcon_core.verb:set package 'amr_lan_3' build argument 'catkin_cmake_args' from command line to 'None'
[0.532s] Level 5:colcon.colcon_core.verb:set package 'amr_lan_3' build argument 'catkin_skip_building_tests' from command line to 'False'
[0.532s] DEBUG:colcon.colcon_core.verb:Building package 'amr_lan_3' with the following arguments: {'ament_cmake_args': None, 'build_base': '/home/duo/dev_ws/build/amr_lan_3', 'catkin_cmake_args': None, 'catkin_skip_building_tests': False, 'cmake_args': None, 'cmake_clean_cache': False, 'cmake_clean_first': False, 'cmake_force_configure': False, 'cmake_target': None, 'cmake_target_skip_unavailable': False, 'install_base': '/home/duo/dev_ws/install/amr_lan_3', 'merge_install': False, 'path': '/home/duo/dev_ws/src/amr_lan_3', 'symlink_install': True, 'test_result_base': None}
[0.532s] Level 5:colcon.colcon_core.verb:set package 'custom_laser_filter' build argument 'cmake_args' from command line to 'None'
[0.532s] Level 5:colcon.colcon_core.verb:set package 'custom_laser_filter' build argument 'cmake_target' from command line to 'None'
[0.533s] Level 5:colcon.colcon_core.verb:set package 'custom_laser_filter' build argument 'cmake_target_skip_unavailable' from command line to 'False'
[0.533s] Level 5:colcon.colcon_core.verb:set package 'custom_laser_filter' build argument 'cmake_clean_cache' from command line to 'False'
[0.533s] Level 5:colcon.colcon_core.verb:set package 'custom_laser_filter' build argument 'cmake_clean_first' from command line to 'False'
[0.533s] Level 5:colcon.colcon_core.verb:set package 'custom_laser_filter' build argument 'cmake_force_configure' from command line to 'False'
[0.533s] Level 5:colcon.colcon_core.verb:set package 'custom_laser_filter' build argument 'ament_cmake_args' from command line to 'None'
[0.533s] Level 5:colcon.colcon_core.verb:set package 'custom_laser_filter' build argument 'catkin_cmake_args' from command line to 'None'
[0.533s] Level 5:colcon.colcon_core.verb:set package 'custom_laser_filter' build argument 'catkin_skip_building_tests' from command line to 'False'
[0.533s] DEBUG:colcon.colcon_core.verb:Building package 'custom_laser_filter' with the following arguments: {'ament_cmake_args': None, 'build_base': '/home/duo/dev_ws/build/custom_laser_filter', 'catkin_cmake_args': None, 'catkin_skip_building_tests': False, 'cmake_args': None, 'cmake_clean_cache': False, 'cmake_clean_first': False, 'cmake_force_configure': False, 'cmake_target': None, 'cmake_target_skip_unavailable': False, 'install_base': '/home/duo/dev_ws/install/custom_laser_filter', 'merge_install': False, 'path': '/home/duo/dev_ws/src/custom_laser_filter', 'symlink_install': True, 'test_result_base': None}
[0.533s] Level 5:colcon.colcon_core.verb:set package 'duobot_one' build argument 'cmake_args' from command line to 'None'
[0.534s] Level 5:colcon.colcon_core.verb:set package 'duobot_one' build argument 'cmake_target' from command line to 'None'
[0.534s] Level 5:colcon.colcon_core.verb:set package 'duobot_one' build argument 'cmake_target_skip_unavailable' from command line to 'False'
[0.534s] Level 5:colcon.colcon_core.verb:set package 'duobot_one' build argument 'cmake_clean_cache' from command line to 'False'
[0.534s] Level 5:colcon.colcon_core.verb:set package 'duobot_one' build argument 'cmake_clean_first' from command line to 'False'
[0.534s] Level 5:colcon.colcon_core.verb:set package 'duobot_one' build argument 'cmake_force_configure' from command line to 'False'
[0.534s] Level 5:colcon.colcon_core.verb:set package 'duobot_one' build argument 'ament_cmake_args' from command line to 'None'
[0.534s] Level 5:colcon.colcon_core.verb:set package 'duobot_one' build argument 'catkin_cmake_args' from command line to 'None'
[0.534s] Level 5:colcon.colcon_core.verb:set package 'duobot_one' build argument 'catkin_skip_building_tests' from command line to 'False'
[0.534s] DEBUG:colcon.colcon_core.verb:Building package 'duobot_one' with the following arguments: {'ament_cmake_args': None, 'build_base': '/home/duo/dev_ws/build/duobot_one', 'catkin_cmake_args': None, 'catkin_skip_building_tests': False, 'cmake_args': None, 'cmake_clean_cache': False, 'cmake_clean_first': False, 'cmake_force_configure': False, 'cmake_target': None, 'cmake_target_skip_unavailable': False, 'install_base': '/home/duo/dev_ws/install/duobot_one', 'merge_install': False, 'path': '/home/duo/dev_ws/src/duobot_one', 'symlink_install': True, 'test_result_base': None}
[0.534s] Level 5:colcon.colcon_core.verb:set package 'hinson_hardware' build argument 'cmake_args' from command line to 'None'
[0.534s] Level 5:colcon.colcon_core.verb:set package 'hinson_hardware' build argument 'cmake_target' from command line to 'None'
[0.534s] Level 5:colcon.colcon_core.verb:set package 'hinson_hardware' build argument 'cmake_target_skip_unavailable' from command line to 'False'
[0.534s] Level 5:colcon.colcon_core.verb:set package 'hinson_hardware' build argument 'cmake_clean_cache' from command line to 'False'
[0.534s] Level 5:colcon.colcon_core.verb:set package 'hinson_hardware' build argument 'cmake_clean_first' from command line to 'False'
[0.535s] Level 5:colcon.colcon_core.verb:set package 'hinson_hardware' build argument 'cmake_force_configure' from command line to 'False'
[0.535s] Level 5:colcon.colcon_core.verb:set package 'hinson_hardware' build argument 'ament_cmake_args' from command line to 'None'
[0.535s] Level 5:colcon.colcon_core.verb:set package 'hinson_hardware' build argument 'catkin_cmake_args' from command line to 'None'
[0.535s] Level 5:colcon.colcon_core.verb:set package 'hinson_hardware' build argument 'catkin_skip_building_tests' from command line to 'False'
[0.535s] DEBUG:colcon.colcon_core.verb:Building package 'hinson_hardware' with the following arguments: {'ament_cmake_args': None, 'build_base': '/home/duo/dev_ws/build/hinson_hardware', 'catkin_cmake_args': None, 'catkin_skip_building_tests': False, 'cmake_args': None, 'cmake_clean_cache': False, 'cmake_clean_first': False, 'cmake_force_configure': False, 'cmake_target': None, 'cmake_target_skip_unavailable': False, 'install_base': '/home/duo/dev_ws/install/hinson_hardware', 'merge_install': False, 'path': '/home/duo/dev_ws/src/hinson_hardware', 'symlink_install': True, 'test_result_base': None}
[0.535s] Level 5:colcon.colcon_core.verb:set package 'lap_thu_amr_description' build argument 'cmake_args' from command line to 'None'
[0.535s] Level 5:colcon.colcon_core.verb:set package 'lap_thu_amr_description' build argument 'cmake_target' from command line to 'None'
[0.535s] Level 5:colcon.colcon_core.verb:set package 'lap_thu_amr_description' build argument 'cmake_target_skip_unavailable' from command line to 'False'
[0.535s] Level 5:colcon.colcon_core.verb:set package 'lap_thu_amr_description' build argument 'cmake_clean_cache' from command line to 'False'
[0.535s] Level 5:colcon.colcon_core.verb:set package 'lap_thu_amr_description' build argument 'cmake_clean_first' from command line to 'False'
[0.535s] Level 5:colcon.colcon_core.verb:set package 'lap_thu_amr_description' build argument 'cmake_force_configure' from command line to 'False'
[0.535s] Level 5:colcon.colcon_core.verb:set package 'lap_thu_amr_description' build argument 'ament_cmake_args' from command line to 'None'
[0.535s] Level 5:colcon.colcon_core.verb:set package 'lap_thu_amr_description' build argument 'catkin_cmake_args' from command line to 'None'
[0.535s] Level 5:colcon.colcon_core.verb:set package 'lap_thu_amr_description' build argument 'catkin_skip_building_tests' from command line to 'False'
[0.536s] DEBUG:colcon.colcon_core.verb:Building package 'lap_thu_amr_description' with the following arguments: {'ament_cmake_args': None, 'build_base': '/home/duo/dev_ws/build/lap_thu_amr_description', 'catkin_cmake_args': None, 'catkin_skip_building_tests': False, 'cmake_args': None, 'cmake_clean_cache': False, 'cmake_clean_first': False, 'cmake_force_configure': False, 'cmake_target': None, 'cmake_target_skip_unavailable': False, 'install_base': '/home/duo/dev_ws/install/lap_thu_amr_description', 'merge_install': False, 'path': '/home/duo/dev_ws/src/lap_thu_amr_description', 'symlink_install': True, 'test_result_base': None}
[0.536s] INFO:colcon.colcon_core.executor:Executing jobs using 'parallel' executor
[0.537s] DEBUG:colcon.colcon_parallel_executor.executor.parallel:run_until_complete
[0.538s] INFO:colcon.colcon_ros.task.ament_cmake.build:Building ROS package in '/home/duo/dev_ws/src/amr_lan_2' with build type 'ament_cmake'
[0.539s] INFO:colcon.colcon_cmake.task.cmake.build:Building CMake package in '/home/duo/dev_ws/src/amr_lan_2'
[0.543s] INFO:colcon.colcon_core.plugin_system:Skipping extension 'colcon_core.shell.bat': Not used on non-Windows systems
[0.543s] INFO:colcon.colcon_core.shell:Skip shell extension 'powershell' for command environment: Not usable outside of PowerShell
[0.543s] DEBUG:colcon.colcon_core.shell:Skip shell extension 'dsv' for command environment
[0.549s] INFO:colcon.colcon_ros.task.ament_cmake.build:Building ROS package in '/home/duo/dev_ws/src/amr_lan_2_mesh' with build type 'ament_cmake'
[0.550s] INFO:colcon.colcon_cmake.task.cmake.build:Building CMake package in '/home/duo/dev_ws/src/amr_lan_2_mesh'
[0.550s] INFO:colcon.colcon_core.shell:Skip shell extension 'powershell' for command environment: Not usable outside of PowerShell
[0.550s] DEBUG:colcon.colcon_core.shell:Skip shell extension 'dsv' for command environment
[0.556s] INFO:colcon.colcon_ros.task.ament_cmake.build:Building ROS package in '/home/duo/dev_ws/src/amr_lan_3' with build type 'ament_cmake'
[0.556s] INFO:colcon.colcon_cmake.task.cmake.build:Building CMake package in '/home/duo/dev_ws/src/amr_lan_3'
[0.557s] INFO:colcon.colcon_core.shell:Skip shell extension 'powershell' for command environment: Not usable outside of PowerShell
[0.557s] DEBUG:colcon.colcon_core.shell:Skip shell extension 'dsv' for command environment
[0.563s] INFO:colcon.colcon_ros.task.ament_python.build:Building ROS package in '/home/duo/dev_ws/src/custom_laser_filter' with build type 'ament_python'
[0.563s] Level 1:colcon.colcon_core.shell:create_environment_hook('custom_laser_filter', 'ament_prefix_path')
[0.564s] INFO:colcon.colcon_core.shell:Creating environment hook '/home/duo/dev_ws/install/custom_laser_filter/share/custom_laser_filter/hook/ament_prefix_path.ps1'
[0.565s] INFO:colcon.colcon_core.shell:Creating environment descriptor '/home/duo/dev_ws/install/custom_laser_filter/share/custom_laser_filter/hook/ament_prefix_path.dsv'
[0.566s] INFO:colcon.colcon_core.shell:Creating environment hook '/home/duo/dev_ws/install/custom_laser_filter/share/custom_laser_filter/hook/ament_prefix_path.sh'
[0.567s] INFO:colcon.colcon_core.shell:Skip shell extension 'powershell' for command environment: Not usable outside of PowerShell
[0.567s] DEBUG:colcon.colcon_core.shell:Skip shell extension 'dsv' for command environment
[0.574s] INFO:colcon.colcon_ros.task.ament_cmake.build:Building ROS package in '/home/duo/dev_ws/src/duobot_one' with build type 'ament_cmake'
[0.574s] INFO:colcon.colcon_cmake.task.cmake.build:Building CMake package in '/home/duo/dev_ws/src/duobot_one'
[0.575s] INFO:colcon.colcon_core.shell:Skip shell extension 'powershell' for command environment: Not usable outside of PowerShell
[0.575s] DEBUG:colcon.colcon_core.shell:Skip shell extension 'dsv' for command environment
[0.583s] INFO:colcon.colcon_ros.task.ament_cmake.build:Building ROS package in '/home/duo/dev_ws/src/hinson_hardware' with build type 'ament_cmake'
[0.583s] INFO:colcon.colcon_cmake.task.cmake.build:Building CMake package in '/home/duo/dev_ws/src/hinson_hardware'
[0.583s] INFO:colcon.colcon_core.shell:Skip shell extension 'powershell' for command environment: Not usable outside of PowerShell
[0.584s] DEBUG:colcon.colcon_core.shell:Skip shell extension 'dsv' for command environment
[0.590s] INFO:colcon.colcon_ros.task.ament_cmake.build:Building ROS package in '/home/duo/dev_ws/src/lap_thu_amr_description' with build type 'ament_cmake'
[0.591s] INFO:colcon.colcon_cmake.task.cmake.build:Building CMake package in '/home/duo/dev_ws/src/lap_thu_amr_description'
[0.591s] INFO:colcon.colcon_core.shell:Skip shell extension 'powershell' for command environment: Not usable outside of PowerShell
[0.591s] DEBUG:colcon.colcon_core.shell:Skip shell extension 'dsv' for command environment
[0.609s] DEBUG:colcon.colcon_core.event_handler.log_command:Invoking command in '/home/duo/dev_ws/build/amr_lan_2': CMAKE_PREFIX_PATH=${CMAKE_PREFIX_PATH}:/home/duo/dev_ws/install/custom_laser_filter:/opt/ros/humble /usr/bin/cmake --build /home/duo/dev_ws/build/amr_lan_2 -- -j8 -l8
[0.613s] DEBUG:colcon.colcon_core.event_handler.log_command:Invoking command in '/home/duo/dev_ws/build/amr_lan_2_mesh': CMAKE_PREFIX_PATH=${CMAKE_PREFIX_PATH}:/home/duo/dev_ws/install/custom_laser_filter:/opt/ros/humble /usr/bin/cmake --build /home/duo/dev_ws/build/amr_lan_2_mesh -- -j8 -l8
[0.618s] DEBUG:colcon.colcon_core.event_handler.log_command:Invoking command in '/home/duo/dev_ws/build/amr_lan_3': CMAKE_PREFIX_PATH=${CMAKE_PREFIX_PATH}:/home/duo/dev_ws/install/custom_laser_filter:/opt/ros/humble /usr/bin/cmake --build /home/duo/dev_ws/build/amr_lan_3 -- -j8 -l8
[0.989s] INFO:colcon.colcon_core.task.python.build:Building Python package in '/home/duo/dev_ws/src/custom_laser_filter'
[0.989s] INFO:colcon.colcon_core.shell:Skip shell extension 'powershell' for command environment: Not usable outside of PowerShell
[0.990s] DEBUG:colcon.colcon_core.shell:Skip shell extension 'dsv' for command environment
[1.005s] DEBUG:colcon.colcon_core.event_handler.log_command:Invoking command in '/home/duo/dev_ws/build/duobot_one': CMAKE_PREFIX_PATH=${CMAKE_PREFIX_PATH}:/home/duo/dev_ws/install/custom_laser_filter:/opt/ros/humble /usr/bin/cmake --build /home/duo/dev_ws/build/duobot_one -- -j8 -l8
[1.010s] DEBUG:colcon.colcon_core.event_handler.log_command:Invoking command in '/home/duo/dev_ws/build/hinson_hardware': CMAKE_PREFIX_PATH=${CMAKE_PREFIX_PATH}:/home/duo/dev_ws/install/custom_laser_filter:/opt/ros/humble /usr/bin/cmake --build /home/duo/dev_ws/build/hinson_hardware -- -j8 -l8
[1.017s] DEBUG:colcon.colcon_core.event_handler.log_command:Invoking command in '/home/duo/dev_ws/build/lap_thu_amr_description': CMAKE_PREFIX_PATH=${CMAKE_PREFIX_PATH}:/home/duo/dev_ws/install/custom_laser_filter:/opt/ros/humble /usr/bin/cmake --build /home/duo/dev_ws/build/lap_thu_amr_description -- -j8 -l8
[1.018s] DEBUG:colcon.colcon_core.event_handler.log_command:Invoked command in '/home/duo/dev_ws/build/amr_lan_2_mesh' returned '0': CMAKE_PREFIX_PATH=${CMAKE_PREFIX_PATH}:/home/duo/dev_ws/install/custom_laser_filter:/opt/ros/humble /usr/bin/cmake --build /home/duo/dev_ws/build/amr_lan_2_mesh -- -j8 -l8
[1.034s] DEBUG:colcon.colcon_core.event_handler.log_command:Invoking command in '/home/duo/dev_ws/build/amr_lan_2_mesh': CMAKE_PREFIX_PATH=${CMAKE_PREFIX_PATH}:/home/duo/dev_ws/install/custom_laser_filter:/opt/ros/humble /usr/bin/cmake --install /home/duo/dev_ws/build/amr_lan_2_mesh
[1.035s] DEBUG:colcon.colcon_core.event_handler.log_command:Invoked command in '/home/duo/dev_ws/build/amr_lan_2' returned '0': CMAKE_PREFIX_PATH=${CMAKE_PREFIX_PATH}:/home/duo/dev_ws/install/custom_laser_filter:/opt/ros/humble /usr/bin/cmake --build /home/duo/dev_ws/build/amr_lan_2 -- -j8 -l8
[1.041s] DEBUG:colcon.colcon_core.event_handler.log_command:Invoking command in '/home/duo/dev_ws/build/amr_lan_2': CMAKE_PREFIX_PATH=${CMAKE_PREFIX_PATH}:/home/duo/dev_ws/install/custom_laser_filter:/opt/ros/humble /usr/bin/cmake --install /home/duo/dev_ws/build/amr_lan_2
[1.043s] DEBUG:colcon.colcon_core.event_handler.log_command:Invoked command in '/home/duo/dev_ws/build/amr_lan_3' returned '0': CMAKE_PREFIX_PATH=${CMAKE_PREFIX_PATH}:/home/duo/dev_ws/install/custom_laser_filter:/opt/ros/humble /usr/bin/cmake --build /home/duo/dev_ws/build/amr_lan_3 -- -j8 -l8
[1.049s] DEBUG:colcon.colcon_core.event_handler.log_command:Invoking command in '/home/duo/dev_ws/build/amr_lan_3': CMAKE_PREFIX_PATH=${CMAKE_PREFIX_PATH}:/home/duo/dev_ws/install/custom_laser_filter:/opt/ros/humble /usr/bin/cmake --install /home/duo/dev_ws/build/amr_lan_3
[1.078s] Level 1:colcon.colcon_core.environment:create_environment_scripts_only(amr_lan_2_mesh)
[1.088s] Level 1:colcon.colcon_core.environment:checking '/home/duo/dev_ws/install/amr_lan_2_mesh' for CMake module files
[1.094s] Level 1:colcon.colcon_core.environment:checking '/home/duo/dev_ws/install/amr_lan_2_mesh' for CMake config files
[1.097s] DEBUG:colcon.colcon_core.event_handler.log_command:Invoked command in '/home/duo/dev_ws/build/duobot_one' returned '0': CMAKE_PREFIX_PATH=${CMAKE_PREFIX_PATH}:/home/duo/dev_ws/install/custom_laser_filter:/opt/ros/humble /usr/bin/cmake --build /home/duo/dev_ws/build/duobot_one -- -j8 -l8
[1.097s] DEBUG:colcon.colcon_core.event_handler.log_command:Invoking command in '/home/duo/dev_ws/build/duobot_one': CMAKE_PREFIX_PATH=${CMAKE_PREFIX_PATH}:/home/duo/dev_ws/install/custom_laser_filter:/opt/ros/humble /usr/bin/cmake --install /home/duo/dev_ws/build/duobot_one
[1.101s] DEBUG:colcon.colcon_core.event_handler.log_command:Invoked command in '/home/duo/dev_ws/build/amr_lan_2_mesh' returned '0': CMAKE_PREFIX_PATH=${CMAKE_PREFIX_PATH}:/home/duo/dev_ws/install/custom_laser_filter:/opt/ros/humble /usr/bin/cmake --install /home/duo/dev_ws/build/amr_lan_2_mesh
[1.107s] Level 1:colcon.colcon_core.shell:create_environment_hook('amr_lan_2_mesh', 'cmake_prefix_path')
[1.108s] INFO:colcon.colcon_core.shell:Creating environment hook '/home/duo/dev_ws/install/amr_lan_2_mesh/share/amr_lan_2_mesh/hook/cmake_prefix_path.ps1'
[1.108s] INFO:colcon.colcon_core.shell:Creating environment descriptor '/home/duo/dev_ws/install/amr_lan_2_mesh/share/amr_lan_2_mesh/hook/cmake_prefix_path.dsv'
[1.109s] INFO:colcon.colcon_core.shell:Creating environment hook '/home/duo/dev_ws/install/amr_lan_2_mesh/share/amr_lan_2_mesh/hook/cmake_prefix_path.sh'
[1.110s] Level 1:colcon.colcon_core.environment:checking '/home/duo/dev_ws/install/amr_lan_2_mesh/bin'
[1.110s] Level 1:colcon.colcon_core.environment:checking '/home/duo/dev_ws/install/amr_lan_2_mesh/lib/pkgconfig/amr_lan_2_mesh.pc'
[1.110s] Level 1:colcon.colcon_core.environment:checking '/home/duo/dev_ws/install/amr_lan_2_mesh/lib/python3.10/site-packages'
[1.111s] Level 1:colcon.colcon_core.environment:checking '/home/duo/dev_ws/install/amr_lan_2_mesh/bin'
[1.111s] INFO:colcon.colcon_core.shell:Creating package script '/home/duo/dev_ws/install/amr_lan_2_mesh/share/amr_lan_2_mesh/package.ps1'
[1.113s] INFO:colcon.colcon_core.shell:Creating package descriptor '/home/duo/dev_ws/install/amr_lan_2_mesh/share/amr_lan_2_mesh/package.dsv'
[1.114s] INFO:colcon.colcon_core.shell:Creating package script '/home/duo/dev_ws/install/amr_lan_2_mesh/share/amr_lan_2_mesh/package.sh'
[1.115s] INFO:colcon.colcon_core.shell:Creating package script '/home/duo/dev_ws/install/amr_lan_2_mesh/share/amr_lan_2_mesh/package.bash'
[1.117s] INFO:colcon.colcon_core.shell:Creating package script '/home/duo/dev_ws/install/amr_lan_2_mesh/share/amr_lan_2_mesh/package.zsh'
[1.119s] Level 1:colcon.colcon_core.environment:create_file_with_runtime_dependencies(/home/duo/dev_ws/install/amr_lan_2_mesh/share/colcon-core/packages/amr_lan_2_mesh)
[1.120s] Level 1:colcon.colcon_core.environment:create_environment_scripts_only(amr_lan_2_mesh)
[1.120s] Level 1:colcon.colcon_core.environment:checking '/home/duo/dev_ws/install/amr_lan_2_mesh' for CMake module files
[1.121s] Level 1:colcon.colcon_core.environment:checking '/home/duo/dev_ws/install/amr_lan_2_mesh' for CMake config files
[1.122s] Level 1:colcon.colcon_core.shell:create_environment_hook('amr_lan_2_mesh', 'cmake_prefix_path')
[1.123s] INFO:colcon.colcon_core.shell:Creating environment hook '/home/duo/dev_ws/install/amr_lan_2_mesh/share/amr_lan_2_mesh/hook/cmake_prefix_path.ps1'
[1.124s] INFO:colcon.colcon_core.shell:Creating environment descriptor '/home/duo/dev_ws/install/amr_lan_2_mesh/share/amr_lan_2_mesh/hook/cmake_prefix_path.dsv'
[1.124s] INFO:colcon.colcon_core.shell:Creating environment hook '/home/duo/dev_ws/install/amr_lan_2_mesh/share/amr_lan_2_mesh/hook/cmake_prefix_path.sh'
[1.125s] Level 1:colcon.colcon_core.environment:checking '/home/duo/dev_ws/install/amr_lan_2_mesh/bin'
[1.126s] Level 1:colcon.colcon_core.environment:checking '/home/duo/dev_ws/install/amr_lan_2_mesh/lib/pkgconfig/amr_lan_2_mesh.pc'
[1.126s] Level 1:colcon.colcon_core.environment:checking '/home/duo/dev_ws/install/amr_lan_2_mesh/lib/python3.10/site-packages'
[1.127s] Level 1:colcon.colcon_core.environment:checking '/home/duo/dev_ws/install/amr_lan_2_mesh/bin'
[1.127s] INFO:colcon.colcon_core.shell:Creating package script '/home/duo/dev_ws/install/amr_lan_2_mesh/share/amr_lan_2_mesh/package.ps1'
[1.129s] INFO:colcon.colcon_core.shell:Creating package descriptor '/home/duo/dev_ws/install/amr_lan_2_mesh/share/amr_lan_2_mesh/package.dsv'
[1.130s] INFO:colcon.colcon_core.shell:Creating package script '/home/duo/dev_ws/install/amr_lan_2_mesh/share/amr_lan_2_mesh/package.sh'
[1.130s] INFO:colcon.colcon_core.shell:Creating package script '/home/duo/dev_ws/install/amr_lan_2_mesh/share/amr_lan_2_mesh/package.bash'
[1.131s] INFO:colcon.colcon_core.shell:Creating package script '/home/duo/dev_ws/install/amr_lan_2_mesh/share/amr_lan_2_mesh/package.zsh'
[1.132s] Level 1:colcon.colcon_core.environment:create_file_with_runtime_dependencies(/home/duo/dev_ws/install/amr_lan_2_mesh/share/colcon-core/packages/amr_lan_2_mesh)
[1.134s] Level 1:colcon.colcon_core.environment:create_environment_scripts_only(amr_lan_2)
[1.134s] Level 1:colcon.colcon_core.environment:checking '/home/duo/dev_ws/install/amr_lan_2' for CMake module files
[1.136s] DEBUG:colcon.colcon_core.event_handler.log_command:Invoked command in '/home/duo/dev_ws/build/amr_lan_2' returned '0': CMAKE_PREFIX_PATH=${CMAKE_PREFIX_PATH}:/home/duo/dev_ws/install/custom_laser_filter:/opt/ros/humble /usr/bin/cmake --install /home/duo/dev_ws/build/amr_lan_2
[1.136s] Level 1:colcon.colcon_core.environment:checking '/home/duo/dev_ws/install/amr_lan_2' for CMake config files
[1.137s] Level 1:colcon.colcon_core.shell:create_environment_hook('amr_lan_2', 'cmake_prefix_path')
[1.137s] INFO:colcon.colcon_core.shell:Creating environment hook '/home/duo/dev_ws/install/amr_lan_2/share/amr_lan_2/hook/cmake_prefix_path.ps1'
[1.138s] INFO:colcon.colcon_core.shell:Creating environment descriptor '/home/duo/dev_ws/install/amr_lan_2/share/amr_lan_2/hook/cmake_prefix_path.dsv'
[1.138s] INFO:colcon.colcon_core.shell:Creating environment hook '/home/duo/dev_ws/install/amr_lan_2/share/amr_lan_2/hook/cmake_prefix_path.sh'
[1.139s] Level 1:colcon.colcon_core.environment:checking '/home/duo/dev_ws/install/amr_lan_2/bin'
[1.139s] Level 1:colcon.colcon_core.environment:checking '/home/duo/dev_ws/install/amr_lan_2/lib/pkgconfig/amr_lan_2.pc'
[1.140s] Level 1:colcon.colcon_core.environment:checking '/home/duo/dev_ws/install/amr_lan_2/lib/python3.10/site-packages'
[1.140s] Level 1:colcon.colcon_core.environment:checking '/home/duo/dev_ws/install/amr_lan_2/bin'
[1.140s] INFO:colcon.colcon_core.shell:Creating package script '/home/duo/dev_ws/install/amr_lan_2/share/amr_lan_2/package.ps1'
[1.142s] INFO:colcon.colcon_core.shell:Creating package descriptor '/home/duo/dev_ws/install/amr_lan_2/share/amr_lan_2/package.dsv'
[1.142s] INFO:colcon.colcon_core.shell:Creating package script '/home/duo/dev_ws/install/amr_lan_2/share/amr_lan_2/package.sh'
[1.143s] INFO:colcon.colcon_core.shell:Creating package script '/home/duo/dev_ws/install/amr_lan_2/share/amr_lan_2/package.bash'
[1.143s] INFO:colcon.colcon_core.shell:Creating package script '/home/duo/dev_ws/install/amr_lan_2/share/amr_lan_2/package.zsh'
[1.144s] Level 1:colcon.colcon_core.environment:create_file_with_runtime_dependencies(/home/duo/dev_ws/install/amr_lan_2/share/colcon-core/packages/amr_lan_2)
[1.145s] Level 1:colcon.colcon_core.environment:create_environment_scripts_only(amr_lan_2)
[1.145s] Level 1:colcon.colcon_core.environment:checking '/home/duo/dev_ws/install/amr_lan_2' for CMake module files
[1.146s] Level 1:colcon.colcon_core.environment:checking '/home/duo/dev_ws/install/amr_lan_2' for CMake config files
[1.147s] Level 1:colcon.colcon_core.shell:create_environment_hook('amr_lan_2', 'cmake_prefix_path')
[1.148s] INFO:colcon.colcon_core.shell:Creating environment hook '/home/duo/dev_ws/install/amr_lan_2/share/amr_lan_2/hook/cmake_prefix_path.ps1'
[1.148s] INFO:colcon.colcon_core.shell:Creating environment descriptor '/home/duo/dev_ws/install/amr_lan_2/share/amr_lan_2/hook/cmake_prefix_path.dsv'
[1.149s] INFO:colcon.colcon_core.shell:Creating environment hook '/home/duo/dev_ws/install/amr_lan_2/share/amr_lan_2/hook/cmake_prefix_path.sh'
[1.150s] Level 1:colcon.colcon_core.environment:checking '/home/duo/dev_ws/install/amr_lan_2/bin'
[1.150s] Level 1:colcon.colcon_core.environment:checking '/home/duo/dev_ws/install/amr_lan_2/lib/pkgconfig/amr_lan_2.pc'
[1.151s] Level 1:colcon.colcon_core.environment:checking '/home/duo/dev_ws/install/amr_lan_2/lib/python3.10/site-packages'
[1.151s] Level 1:colcon.colcon_core.environment:checking '/home/duo/dev_ws/install/amr_lan_2/bin'
[1.152s] INFO:colcon.colcon_core.shell:Creating package script '/home/duo/dev_ws/install/amr_lan_2/share/amr_lan_2/package.ps1'
[1.153s] INFO:colcon.colcon_core.shell:Creating package descriptor '/home/duo/dev_ws/install/amr_lan_2/share/amr_lan_2/package.dsv'
[1.154s] INFO:colcon.colcon_core.shell:Creating package script '/home/duo/dev_ws/install/amr_lan_2/share/amr_lan_2/package.sh'
[1.155s] INFO:colcon.colcon_core.shell:Creating package script '/home/duo/dev_ws/install/amr_lan_2/share/amr_lan_2/package.bash'
[1.155s] INFO:colcon.colcon_core.shell:Creating package script '/home/duo/dev_ws/install/amr_lan_2/share/amr_lan_2/package.zsh'
[1.156s] Level 1:colcon.colcon_core.environment:create_file_with_runtime_dependencies(/home/duo/dev_ws/install/amr_lan_2/share/colcon-core/packages/amr_lan_2)
[1.159s] Level 1:colcon.colcon_core.environment:create_environment_scripts_only(amr_lan_3)
[1.160s] Level 1:colcon.colcon_core.environment:checking '/home/duo/dev_ws/install/amr_lan_3' for CMake module files
[1.161s] DEBUG:colcon.colcon_core.event_handler.log_command:Invoked command in '/home/duo/dev_ws/build/lap_thu_amr_description' returned '0': CMAKE_PREFIX_PATH=${CMAKE_PREFIX_PATH}:/home/duo/dev_ws/install/custom_laser_filter:/opt/ros/humble /usr/bin/cmake --build /home/duo/dev_ws/build/lap_thu_amr_description -- -j8 -l8
[1.162s] DEBUG:colcon.colcon_core.event_handler.log_command:Invoking command in '/home/duo/dev_ws/build/lap_thu_amr_description': CMAKE_PREFIX_PATH=${CMAKE_PREFIX_PATH}:/home/duo/dev_ws/install/custom_laser_filter:/opt/ros/humble /usr/bin/cmake --install /home/duo/dev_ws/build/lap_thu_amr_description
[1.163s] DEBUG:colcon.colcon_core.event_handler.log_command:Invoked command in '/home/duo/dev_ws/build/amr_lan_3' returned '0': CMAKE_PREFIX_PATH=${CMAKE_PREFIX_PATH}:/home/duo/dev_ws/install/custom_laser_filter:/opt/ros/humble /usr/bin/cmake --install /home/duo/dev_ws/build/amr_lan_3
[1.163s] Level 1:colcon.colcon_core.environment:checking '/home/duo/dev_ws/install/amr_lan_3' for CMake config files
[1.165s] Level 1:colcon.colcon_core.shell:create_environment_hook('amr_lan_3', 'cmake_prefix_path')
[1.165s] INFO:colcon.colcon_core.shell:Creating environment hook '/home/duo/dev_ws/install/amr_lan_3/share/amr_lan_3/hook/cmake_prefix_path.ps1'
[1.166s] INFO:colcon.colcon_core.shell:Creating environment descriptor '/home/duo/dev_ws/install/amr_lan_3/share/amr_lan_3/hook/cmake_prefix_path.dsv'
[1.167s] INFO:colcon.colcon_core.shell:Creating environment hook '/home/duo/dev_ws/install/amr_lan_3/share/amr_lan_3/hook/cmake_prefix_path.sh'
[1.168s] Level 1:colcon.colcon_core.environment:checking '/home/duo/dev_ws/install/amr_lan_3/bin'
[1.168s] Level 1:colcon.colcon_core.environment:checking '/home/duo/dev_ws/install/amr_lan_3/lib/pkgconfig/amr_lan_3.pc'
[1.168s] Level 1:colcon.colcon_core.environment:checking '/home/duo/dev_ws/install/amr_lan_3/lib/python3.10/site-packages'
[1.169s] Level 1:colcon.colcon_core.environment:checking '/home/duo/dev_ws/install/amr_lan_3/bin'
[1.170s] INFO:colcon.colcon_core.shell:Creating package script '/home/duo/dev_ws/install/amr_lan_3/share/amr_lan_3/package.ps1'
[1.171s] INFO:colcon.colcon_core.shell:Creating package descriptor '/home/duo/dev_ws/install/amr_lan_3/share/amr_lan_3/package.dsv'
[1.172s] INFO:colcon.colcon_core.shell:Creating package script '/home/duo/dev_ws/install/amr_lan_3/share/amr_lan_3/package.sh'
[1.173s] INFO:colcon.colcon_core.shell:Creating package script '/home/duo/dev_ws/install/amr_lan_3/share/amr_lan_3/package.bash'
[1.174s] INFO:colcon.colcon_core.shell:Creating package script '/home/duo/dev_ws/install/amr_lan_3/share/amr_lan_3/package.zsh'
[1.176s] Level 1:colcon.colcon_core.environment:create_file_with_runtime_dependencies(/home/duo/dev_ws/install/amr_lan_3/share/colcon-core/packages/amr_lan_3)
[1.179s] Level 1:colcon.colcon_core.environment:create_environment_scripts_only(amr_lan_3)
[1.181s] Level 1:colcon.colcon_core.environment:checking '/home/duo/dev_ws/install/amr_lan_3' for CMake module files
[1.182s] Level 1:colcon.colcon_core.environment:checking '/home/duo/dev_ws/install/amr_lan_3' for CMake config files
[1.182s] Level 1:colcon.colcon_core.shell:create_environment_hook('amr_lan_3', 'cmake_prefix_path')
[1.183s] INFO:colcon.colcon_core.shell:Creating environment hook '/home/duo/dev_ws/install/amr_lan_3/share/amr_lan_3/hook/cmake_prefix_path.ps1'
[1.183s] INFO:colcon.colcon_core.shell:Creating environment descriptor '/home/duo/dev_ws/install/amr_lan_3/share/amr_lan_3/hook/cmake_prefix_path.dsv'
[1.184s] INFO:colcon.colcon_core.shell:Creating environment hook '/home/duo/dev_ws/install/amr_lan_3/share/amr_lan_3/hook/cmake_prefix_path.sh'
[1.185s] Level 1:colcon.colcon_core.environment:checking '/home/duo/dev_ws/install/amr_lan_3/bin'
[1.186s] Level 1:colcon.colcon_core.environment:checking '/home/duo/dev_ws/install/amr_lan_3/lib/pkgconfig/amr_lan_3.pc'
[1.186s] Level 1:colcon.colcon_core.environment:checking '/home/duo/dev_ws/install/amr_lan_3/lib/python3.10/site-packages'
[1.186s] Level 1:colcon.colcon_core.environment:checking '/home/duo/dev_ws/install/amr_lan_3/bin'
[1.187s] INFO:colcon.colcon_core.shell:Creating package script '/home/duo/dev_ws/install/amr_lan_3/share/amr_lan_3/package.ps1'
[1.188s] INFO:colcon.colcon_core.shell:Creating package descriptor '/home/duo/dev_ws/install/amr_lan_3/share/amr_lan_3/package.dsv'
[1.188s] INFO:colcon.colcon_core.shell:Creating package script '/home/duo/dev_ws/install/amr_lan_3/share/amr_lan_3/package.sh'
[1.189s] INFO:colcon.colcon_core.shell:Creating package script '/home/duo/dev_ws/install/amr_lan_3/share/amr_lan_3/package.bash'
[1.190s] INFO:colcon.colcon_core.shell:Creating package script '/home/duo/dev_ws/install/amr_lan_3/share/amr_lan_3/package.zsh'
[1.191s] Level 1:colcon.colcon_core.environment:create_file_with_runtime_dependencies(/home/duo/dev_ws/install/amr_lan_3/share/colcon-core/packages/amr_lan_3)
[1.191s] Level 1:colcon.colcon_core.environment:create_environment_scripts_only(duobot_one)
[1.192s] Level 1:colcon.colcon_core.environment:checking '/home/duo/dev_ws/install/duobot_one' for CMake module files
[1.193s] DEBUG:colcon.colcon_core.event_handler.log_command:Invoked command in '/home/duo/dev_ws/build/duobot_one' returned '0': CMAKE_PREFIX_PATH=${CMAKE_PREFIX_PATH}:/home/duo/dev_ws/install/custom_laser_filter:/opt/ros/humble /usr/bin/cmake --install /home/duo/dev_ws/build/duobot_one
[1.194s] Level 1:colcon.colcon_core.environment:checking '/home/duo/dev_ws/install/duobot_one' for CMake config files
[1.194s] Level 1:colcon.colcon_core.shell:create_environment_hook('duobot_one', 'cmake_prefix_path')
[1.195s] INFO:colcon.colcon_core.shell:Creating environment hook '/home/duo/dev_ws/install/duobot_one/share/duobot_one/hook/cmake_prefix_path.ps1'
[1.196s] INFO:colcon.colcon_core.shell:Creating environment descriptor '/home/duo/dev_ws/install/duobot_one/share/duobot_one/hook/cmake_prefix_path.dsv'
[1.197s] INFO:colcon.colcon_core.shell:Creating environment hook '/home/duo/dev_ws/install/duobot_one/share/duobot_one/hook/cmake_prefix_path.sh'
[1.199s] Level 1:colcon.colcon_core.environment:checking '/home/duo/dev_ws/install/duobot_one/bin'
[1.199s] Level 1:colcon.colcon_core.environment:checking '/home/duo/dev_ws/install/duobot_one/lib/pkgconfig/duobot_one.pc'
[1.199s] Level 1:colcon.colcon_core.environment:checking '/home/duo/dev_ws/install/duobot_one/lib/python3.10/site-packages'
[1.200s] Level 1:colcon.colcon_core.environment:checking '/home/duo/dev_ws/install/duobot_one/bin'
[1.201s] INFO:colcon.colcon_core.shell:Creating package script '/home/duo/dev_ws/install/duobot_one/share/duobot_one/package.ps1'
[1.202s] INFO:colcon.colcon_core.shell:Creating package descriptor '/home/duo/dev_ws/install/duobot_one/share/duobot_one/package.dsv'
[1.203s] INFO:colcon.colcon_core.shell:Creating package script '/home/duo/dev_ws/install/duobot_one/share/duobot_one/package.sh'
[1.203s] INFO:colcon.colcon_core.shell:Creating package script '/home/duo/dev_ws/install/duobot_one/share/duobot_one/package.bash'
[1.204s] INFO:colcon.colcon_core.shell:Creating package script '/home/duo/dev_ws/install/duobot_one/share/duobot_one/package.zsh'
[1.205s] Level 1:colcon.colcon_core.environment:create_file_with_runtime_dependencies(/home/duo/dev_ws/install/duobot_one/share/colcon-core/packages/duobot_one)
[1.206s] Level 1:colcon.colcon_core.environment:create_environment_scripts_only(duobot_one)
[1.206s] Level 1:colcon.colcon_core.environment:checking '/home/duo/dev_ws/install/duobot_one' for CMake module files
[1.207s] Level 1:colcon.colcon_core.environment:checking '/home/duo/dev_ws/install/duobot_one' for CMake config files
[1.208s] Level 1:colcon.colcon_core.shell:create_environment_hook('duobot_one', 'cmake_prefix_path')
[1.208s] INFO:colcon.colcon_core.shell:Creating environment hook '/home/duo/dev_ws/install/duobot_one/share/duobot_one/hook/cmake_prefix_path.ps1'
[1.209s] INFO:colcon.colcon_core.shell:Creating environment descriptor '/home/duo/dev_ws/install/duobot_one/share/duobot_one/hook/cmake_prefix_path.dsv'
[1.210s] INFO:colcon.colcon_core.shell:Creating environment hook '/home/duo/dev_ws/install/duobot_one/share/duobot_one/hook/cmake_prefix_path.sh'
[1.211s] Level 1:colcon.colcon_core.environment:checking '/home/duo/dev_ws/install/duobot_one/bin'
[1.211s] Level 1:colcon.colcon_core.environment:checking '/home/duo/dev_ws/install/duobot_one/lib/pkgconfig/duobot_one.pc'
[1.211s] Level 1:colcon.colcon_core.environment:checking '/home/duo/dev_ws/install/duobot_one/lib/python3.10/site-packages'
[1.212s] Level 1:colcon.colcon_core.environment:checking '/home/duo/dev_ws/install/duobot_one/bin'
[1.212s] INFO:colcon.colcon_core.shell:Creating package script '/home/duo/dev_ws/install/duobot_one/share/duobot_one/package.ps1'
[1.213s] INFO:colcon.colcon_core.shell:Creating package descriptor '/home/duo/dev_ws/install/duobot_one/share/duobot_one/package.dsv'
[1.214s] INFO:colcon.colcon_core.shell:Creating package script '/home/duo/dev_ws/install/duobot_one/share/duobot_one/package.sh'
[1.215s] INFO:colcon.colcon_core.shell:Creating package script '/home/duo/dev_ws/install/duobot_one/share/duobot_one/package.bash'
[1.216s] INFO:colcon.colcon_core.shell:Creating package script '/home/duo/dev_ws/install/duobot_one/share/duobot_one/package.zsh'
[1.217s] Level 1:colcon.colcon_core.environment:create_file_with_runtime_dependencies(/home/duo/dev_ws/install/duobot_one/share/colcon-core/packages/duobot_one)
[1.218s] Level 1:colcon.colcon_core.environment:create_environment_scripts_only(lap_thu_amr_description)
[1.218s] Level 1:colcon.colcon_core.environment:checking '/home/duo/dev_ws/install/lap_thu_amr_description' for CMake module files
[1.220s] DEBUG:colcon.colcon_core.event_handler.log_command:Invoked command in '/home/duo/dev_ws/build/lap_thu_amr_description' returned '0': CMAKE_PREFIX_PATH=${CMAKE_PREFIX_PATH}:/home/duo/dev_ws/install/custom_laser_filter:/opt/ros/humble /usr/bin/cmake --install /home/duo/dev_ws/build/lap_thu_amr_description
[1.220s] Level 1:colcon.colcon_core.environment:checking '/home/duo/dev_ws/install/lap_thu_amr_description' for CMake config files
[1.221s] Level 1:colcon.colcon_core.shell:create_environment_hook('lap_thu_amr_description', 'cmake_prefix_path')
[1.221s] INFO:colcon.colcon_core.shell:Creating environment hook '/home/duo/dev_ws/install/lap_thu_amr_description/share/lap_thu_amr_description/hook/cmake_prefix_path.ps1'
[1.222s] INFO:colcon.colcon_core.shell:Creating environment descriptor '/home/duo/dev_ws/install/lap_thu_amr_description/share/lap_thu_amr_description/hook/cmake_prefix_path.dsv'
[1.223s] INFO:colcon.colcon_core.shell:Creating environment hook '/home/duo/dev_ws/install/lap_thu_amr_description/share/lap_thu_amr_description/hook/cmake_prefix_path.sh'
[1.224s] Level 1:colcon.colcon_core.environment:checking '/home/duo/dev_ws/install/lap_thu_amr_description/bin'
[1.224s] Level 1:colcon.colcon_core.environment:checking '/home/duo/dev_ws/install/lap_thu_amr_description/lib/pkgconfig/lap_thu_amr_description.pc'
[1.224s] Level 1:colcon.colcon_core.environment:checking '/home/duo/dev_ws/install/lap_thu_amr_description/lib/python3.10/site-packages'
[1.224s] Level 1:colcon.colcon_core.environment:checking '/home/duo/dev_ws/install/lap_thu_amr_description/bin'
[1.225s] INFO:colcon.colcon_core.shell:Creating package script '/home/duo/dev_ws/install/lap_thu_amr_description/share/lap_thu_amr_description/package.ps1'
[1.226s] INFO:colcon.colcon_core.shell:Creating package descriptor '/home/duo/dev_ws/install/lap_thu_amr_description/share/lap_thu_amr_description/package.dsv'
[1.226s] INFO:colcon.colcon_core.shell:Creating package script '/home/duo/dev_ws/install/lap_thu_amr_description/share/lap_thu_amr_description/package.sh'
[1.227s] INFO:colcon.colcon_core.shell:Creating package script '/home/duo/dev_ws/install/lap_thu_amr_description/share/lap_thu_amr_description/package.bash'
[1.227s] INFO:colcon.colcon_core.shell:Creating package script '/home/duo/dev_ws/install/lap_thu_amr_description/share/lap_thu_amr_description/package.zsh'
[1.228s] Level 1:colcon.colcon_core.environment:create_file_with_runtime_dependencies(/home/duo/dev_ws/install/lap_thu_amr_description/share/colcon-core/packages/lap_thu_amr_description)
[1.229s] Level 1:colcon.colcon_core.environment:create_environment_scripts_only(lap_thu_amr_description)
[1.229s] Level 1:colcon.colcon_core.environment:checking '/home/duo/dev_ws/install/lap_thu_amr_description' for CMake module files
[1.230s] Level 1:colcon.colcon_core.environment:checking '/home/duo/dev_ws/install/lap_thu_amr_description' for CMake config files
[1.231s] Level 1:colcon.colcon_core.shell:create_environment_hook('lap_thu_amr_description', 'cmake_prefix_path')
[1.231s] INFO:colcon.colcon_core.shell:Creating environment hook '/home/duo/dev_ws/install/lap_thu_amr_description/share/lap_thu_amr_description/hook/cmake_prefix_path.ps1'
[1.232s] INFO:colcon.colcon_core.shell:Creating environment descriptor '/home/duo/dev_ws/install/lap_thu_amr_description/share/lap_thu_amr_description/hook/cmake_prefix_path.dsv'
[1.233s] INFO:colcon.colcon_core.shell:Creating environment hook '/home/duo/dev_ws/install/lap_thu_amr_description/share/lap_thu_amr_description/hook/cmake_prefix_path.sh'
[1.234s] Level 1:colcon.colcon_core.environment:checking '/home/duo/dev_ws/install/lap_thu_amr_description/bin'
[1.234s] Level 1:colcon.colcon_core.environment:checking '/home/duo/dev_ws/install/lap_thu_amr_description/lib/pkgconfig/lap_thu_amr_description.pc'
[1.234s] Level 1:colcon.colcon_core.environment:checking '/home/duo/dev_ws/install/lap_thu_amr_description/lib/python3.10/site-packages'
[1.235s] Level 1:colcon.colcon_core.environment:checking '/home/duo/dev_ws/install/lap_thu_amr_description/bin'
[1.235s] INFO:colcon.colcon_core.shell:Creating package script '/home/duo/dev_ws/install/lap_thu_amr_description/share/lap_thu_amr_description/package.ps1'
[1.237s] INFO:colcon.colcon_core.shell:Creating package descriptor '/home/duo/dev_ws/install/lap_thu_amr_description/share/lap_thu_amr_description/package.dsv'
[1.238s] INFO:colcon.colcon_core.shell:Creating package script '/home/duo/dev_ws/install/lap_thu_amr_description/share/lap_thu_amr_description/package.sh'
[1.239s] INFO:colcon.colcon_core.shell:Creating package script '/home/duo/dev_ws/install/lap_thu_amr_description/share/lap_thu_amr_description/package.bash'
[1.240s] INFO:colcon.colcon_core.shell:Creating package script '/home/duo/dev_ws/install/lap_thu_amr_description/share/lap_thu_amr_description/package.zsh'
[1.241s] Level 1:colcon.colcon_core.environment:create_file_with_runtime_dependencies(/home/duo/dev_ws/install/lap_thu_amr_description/share/colcon-core/packages/lap_thu_amr_description)
[1.601s] DEBUG:colcon.colcon_core.event_handler.log_command:Invoking command in '/home/duo/dev_ws/build/custom_laser_filter': PYTHONPATH=/home/duo/dev_ws/build/custom_laser_filter/prefix_override:/usr/lib/python3/dist-packages/colcon_core/task/python/colcon_distutils_commands:/home/duo/dev_ws/install/custom_laser_filter/lib/python3.10/site-packages:${PYTHONPATH} /usr/bin/python3 -W ignore:setup.py install is deprecated -W ignore:easy_install command is deprecated setup.py develop --editable --build-directory /home/duo/dev_ws/build/custom_laser_filter/build --no-deps symlink_data
[2.356s] Level 1:colcon.colcon_core.shell:create_environment_hook('custom_laser_filter', 'pythonpath_develop')
[2.356s] INFO:colcon.colcon_core.shell:Creating environment hook '/home/duo/dev_ws/build/custom_laser_filter/share/custom_laser_filter/hook/pythonpath_develop.ps1'
[2.357s] DEBUG:colcon.colcon_core.event_handler.log_command:Invoked command in '/home/duo/dev_ws/build/custom_laser_filter' returned '0': PYTHONPATH=/home/duo/dev_ws/build/custom_laser_filter/prefix_override:/usr/lib/python3/dist-packages/colcon_core/task/python/colcon_distutils_commands:/home/duo/dev_ws/install/custom_laser_filter/lib/python3.10/site-packages:${PYTHONPATH} /usr/bin/python3 -W ignore:setup.py install is deprecated -W ignore:easy_install command is deprecated setup.py develop --editable --build-directory /home/duo/dev_ws/build/custom_laser_filter/build --no-deps symlink_data
[2.358s] INFO:colcon.colcon_core.shell:Creating environment descriptor '/home/duo/dev_ws/build/custom_laser_filter/share/custom_laser_filter/hook/pythonpath_develop.dsv'
[2.360s] INFO:colcon.colcon_core.shell:Creating environment hook '/home/duo/dev_ws/build/custom_laser_filter/share/custom_laser_filter/hook/pythonpath_develop.sh'
[2.362s] Level 1:colcon.colcon_core.environment:checking '/home/duo/dev_ws/install/custom_laser_filter' for CMake module files
[2.363s] Level 1:colcon.colcon_core.environment:checking '/home/duo/dev_ws/install/custom_laser_filter' for CMake config files
[2.365s] Level 1:colcon.colcon_core.environment:checking '/home/duo/dev_ws/install/custom_laser_filter/lib'
[2.365s] Level 1:colcon.colcon_core.environment:checking '/home/duo/dev_ws/install/custom_laser_filter/bin'
[2.366s] Level 1:colcon.colcon_core.environment:checking '/home/duo/dev_ws/install/custom_laser_filter/lib/pkgconfig/custom_laser_filter.pc'
[2.367s] Level 1:colcon.colcon_core.environment:checking '/home/duo/dev_ws/install/custom_laser_filter/lib/python3.10/site-packages'
[2.367s] Level 1:colcon.colcon_core.shell:create_environment_hook('custom_laser_filter', 'pythonpath')
[2.368s] INFO:colcon.colcon_core.shell:Creating environment hook '/home/duo/dev_ws/install/custom_laser_filter/share/custom_laser_filter/hook/pythonpath.ps1'
[2.369s] INFO:colcon.colcon_core.shell:Creating environment descriptor '/home/duo/dev_ws/install/custom_laser_filter/share/custom_laser_filter/hook/pythonpath.dsv'
[2.370s] INFO:colcon.colcon_core.shell:Creating environment hook '/home/duo/dev_ws/install/custom_laser_filter/share/custom_laser_filter/hook/pythonpath.sh'
[2.372s] Level 1:colcon.colcon_core.environment:checking '/home/duo/dev_ws/install/custom_laser_filter/bin'
[2.373s] Level 1:colcon.colcon_core.environment:create_environment_scripts_only(custom_laser_filter)
[2.374s] INFO:colcon.colcon_core.shell:Creating package script '/home/duo/dev_ws/install/custom_laser_filter/share/custom_laser_filter/package.ps1'
[2.376s] INFO:colcon.colcon_core.shell:Creating package descriptor '/home/duo/dev_ws/install/custom_laser_filter/share/custom_laser_filter/package.dsv'
[2.378s] INFO:colcon.colcon_core.shell:Creating package script '/home/duo/dev_ws/install/custom_laser_filter/share/custom_laser_filter/package.sh'
[2.379s] INFO:colcon.colcon_core.shell:Creating package script '/home/duo/dev_ws/install/custom_laser_filter/share/custom_laser_filter/package.bash'
[2.380s] INFO:colcon.colcon_core.shell:Creating package script '/home/duo/dev_ws/install/custom_laser_filter/share/custom_laser_filter/package.zsh'
[2.382s] Level 1:colcon.colcon_core.environment:create_file_with_runtime_dependencies(/home/duo/dev_ws/install/custom_laser_filter/share/colcon-core/packages/custom_laser_filter)
[5.990s] DEBUG:colcon.colcon_core.event_handler.log_command:Invoked command in '/home/duo/dev_ws/build/hinson_hardware' returned '0': CMAKE_PREFIX_PATH=${CMAKE_PREFIX_PATH}:/home/duo/dev_ws/install/custom_laser_filter:/opt/ros/humble /usr/bin/cmake --build /home/duo/dev_ws/build/hinson_hardware -- -j8 -l8
[5.992s] DEBUG:colcon.colcon_core.event_handler.log_command:Invoking command in '/home/duo/dev_ws/build/hinson_hardware': CMAKE_PREFIX_PATH=${CMAKE_PREFIX_PATH}:/home/duo/dev_ws/install/custom_laser_filter:/opt/ros/humble /usr/bin/cmake --install /home/duo/dev_ws/build/hinson_hardware
[6.024s] Level 1:colcon.colcon_core.environment:create_environment_scripts_only(hinson_hardware)
[6.024s] Level 1:colcon.colcon_core.environment:checking '/home/duo/dev_ws/install/hinson_hardware' for CMake module files
[6.025s] DEBUG:colcon.colcon_core.event_handler.log_command:Invoked command in '/home/duo/dev_ws/build/hinson_hardware' returned '0': CMAKE_PREFIX_PATH=${CMAKE_PREFIX_PATH}:/home/duo/dev_ws/install/custom_laser_filter:/opt/ros/humble /usr/bin/cmake --install /home/duo/dev_ws/build/hinson_hardware
[6.025s] Level 1:colcon.colcon_core.environment:checking '/home/duo/dev_ws/install/hinson_hardware' for CMake config files
[6.026s] Level 1:colcon.colcon_core.shell:create_environment_hook('hinson_hardware', 'cmake_prefix_path')
[6.026s] INFO:colcon.colcon_core.shell:Creating environment hook '/home/duo/dev_ws/install/hinson_hardware/share/hinson_hardware/hook/cmake_prefix_path.ps1'
[6.027s] INFO:colcon.colcon_core.shell:Creating environment descriptor '/home/duo/dev_ws/install/hinson_hardware/share/hinson_hardware/hook/cmake_prefix_path.dsv'
[6.027s] INFO:colcon.colcon_core.shell:Creating environment hook '/home/duo/dev_ws/install/hinson_hardware/share/hinson_hardware/hook/cmake_prefix_path.sh'
[6.028s] Level 1:colcon.colcon_core.environment:checking '/home/duo/dev_ws/install/hinson_hardware/lib'
[6.028s] Level 1:colcon.colcon_core.shell:create_environment_hook('hinson_hardware', 'ld_library_path_lib')
[6.029s] INFO:colcon.colcon_core.shell:Creating environment hook '/home/duo/dev_ws/install/hinson_hardware/share/hinson_hardware/hook/ld_library_path_lib.ps1'
[6.029s] INFO:colcon.colcon_core.shell:Creating environment descriptor '/home/duo/dev_ws/install/hinson_hardware/share/hinson_hardware/hook/ld_library_path_lib.dsv'
[6.030s] INFO:colcon.colcon_core.shell:Creating environment hook '/home/duo/dev_ws/install/hinson_hardware/share/hinson_hardware/hook/ld_library_path_lib.sh'
[6.031s] Level 1:colcon.colcon_core.environment:checking '/home/duo/dev_ws/install/hinson_hardware/bin'
[6.031s] Level 1:colcon.colcon_core.environment:checking '/home/duo/dev_ws/install/hinson_hardware/lib/pkgconfig/hinson_hardware.pc'
[6.031s] Level 1:colcon.colcon_core.environment:checking '/home/duo/dev_ws/install/hinson_hardware/lib/python3.10/site-packages'
[6.031s] Level 1:colcon.colcon_core.environment:checking '/home/duo/dev_ws/install/hinson_hardware/bin'
[6.032s] INFO:colcon.colcon_core.shell:Creating package script '/home/duo/dev_ws/install/hinson_hardware/share/hinson_hardware/package.ps1'
[6.033s] INFO:colcon.colcon_core.shell:Creating package descriptor '/home/duo/dev_ws/install/hinson_hardware/share/hinson_hardware/package.dsv'
[6.033s] INFO:colcon.colcon_core.shell:Creating package script '/home/duo/dev_ws/install/hinson_hardware/share/hinson_hardware/package.sh'
[6.034s] INFO:colcon.colcon_core.shell:Creating package script '/home/duo/dev_ws/install/hinson_hardware/share/hinson_hardware/package.bash'
[6.034s] INFO:colcon.colcon_core.shell:Creating package script '/home/duo/dev_ws/install/hinson_hardware/share/hinson_hardware/package.zsh'
[6.035s] Level 1:colcon.colcon_core.environment:create_file_with_runtime_dependencies(/home/duo/dev_ws/install/hinson_hardware/share/colcon-core/packages/hinson_hardware)
[6.035s] Level 1:colcon.colcon_core.environment:create_environment_scripts_only(hinson_hardware)
[6.036s] Level 1:colcon.colcon_core.environment:checking '/home/duo/dev_ws/install/hinson_hardware' for CMake module files
[6.036s] Level 1:colcon.colcon_core.environment:checking '/home/duo/dev_ws/install/hinson_hardware' for CMake config files
[6.037s] Level 1:colcon.colcon_core.shell:create_environment_hook('hinson_hardware', 'cmake_prefix_path')
[6.037s] INFO:colcon.colcon_core.shell:Creating environment hook '/home/duo/dev_ws/install/hinson_hardware/share/hinson_hardware/hook/cmake_prefix_path.ps1'
[6.038s] INFO:colcon.colcon_core.shell:Creating environment descriptor '/home/duo/dev_ws/install/hinson_hardware/share/hinson_hardware/hook/cmake_prefix_path.dsv'
[6.038s] INFO:colcon.colcon_core.shell:Creating environment hook '/home/duo/dev_ws/install/hinson_hardware/share/hinson_hardware/hook/cmake_prefix_path.sh'
[6.039s] Level 1:colcon.colcon_core.environment:checking '/home/duo/dev_ws/install/hinson_hardware/lib'
[6.039s] Level 1:colcon.colcon_core.shell:create_environment_hook('hinson_hardware', 'ld_library_path_lib')
[6.040s] INFO:colcon.colcon_core.shell:Creating environment hook '/home/duo/dev_ws/install/hinson_hardware/share/hinson_hardware/hook/ld_library_path_lib.ps1'
[6.041s] INFO:colcon.colcon_core.shell:Creating environment descriptor '/home/duo/dev_ws/install/hinson_hardware/share/hinson_hardware/hook/ld_library_path_lib.dsv'
[6.042s] INFO:colcon.colcon_core.shell:Creating environment hook '/home/duo/dev_ws/install/hinson_hardware/share/hinson_hardware/hook/ld_library_path_lib.sh'
[6.043s] Level 1:colcon.colcon_core.environment:checking '/home/duo/dev_ws/install/hinson_hardware/bin'
[6.043s] Level 1:colcon.colcon_core.environment:checking '/home/duo/dev_ws/install/hinson_hardware/lib/pkgconfig/hinson_hardware.pc'
[6.044s] Level 1:colcon.colcon_core.environment:checking '/home/duo/dev_ws/install/hinson_hardware/lib/python3.10/site-packages'
[6.045s] Level 1:colcon.colcon_core.environment:checking '/home/duo/dev_ws/install/hinson_hardware/bin'
[6.046s] INFO:colcon.colcon_core.shell:Creating package script '/home/duo/dev_ws/install/hinson_hardware/share/hinson_hardware/package.ps1'
[6.048s] INFO:colcon.colcon_core.shell:Creating package descriptor '/home/duo/dev_ws/install/hinson_hardware/share/hinson_hardware/package.dsv'
[6.049s] INFO:colcon.colcon_core.shell:Creating package script '/home/duo/dev_ws/install/hinson_hardware/share/hinson_hardware/package.sh'
[6.050s] INFO:colcon.colcon_core.shell:Creating package script '/home/duo/dev_ws/install/hinson_hardware/share/hinson_hardware/package.bash'
[6.051s] INFO:colcon.colcon_core.shell:Creating package script '/home/duo/dev_ws/install/hinson_hardware/share/hinson_hardware/package.zsh'
[6.052s] Level 1:colcon.colcon_core.environment:create_file_with_runtime_dependencies(/home/duo/dev_ws/install/hinson_hardware/share/colcon-core/packages/hinson_hardware)
[6.053s] DEBUG:colcon.colcon_parallel_executor.executor.parallel:closing loop
[6.054s] DEBUG:colcon.colcon_parallel_executor.executor.parallel:loop closed
[6.054s] DEBUG:colcon.colcon_parallel_executor.executor.parallel:run_until_complete finished with '0'
[6.054s] DEBUG:colcon.colcon_core.event_reactor:joining thread
[6.068s] INFO:colcon.colcon_core.plugin_system:Skipping extension 'colcon_notification.desktop_notification.terminal_notifier': Not used on non-Darwin systems
[6.068s] INFO:colcon.colcon_core.plugin_system:Skipping extension 'colcon_notification.desktop_notification.win32': Not used on non-Windows systems
[6.068s] INFO:colcon.colcon_notification.desktop_notification:Sending desktop notification using 'notify2'
[6.098s] DEBUG:colcon.colcon_core.event_reactor:joined thread
[6.099s] INFO:colcon.colcon_core.shell:Creating prefix script '/home/duo/dev_ws/install/local_setup.ps1'
[6.102s] INFO:colcon.colcon_core.shell:Creating prefix util module '/home/duo/dev_ws/install/_local_setup_util_ps1.py'
[6.106s] INFO:colcon.colcon_core.shell:Creating prefix chain script '/home/duo/dev_ws/install/setup.ps1'
[6.112s] INFO:colcon.colcon_core.shell:Creating prefix script '/home/duo/dev_ws/install/local_setup.sh'
[6.114s] INFO:colcon.colcon_core.shell:Creating prefix util module '/home/duo/dev_ws/install/_local_setup_util_sh.py'
[6.116s] INFO:colcon.colcon_core.shell:Creating prefix chain script '/home/duo/dev_ws/install/setup.sh'
[6.120s] INFO:colcon.colcon_core.shell:Creating prefix script '/home/duo/dev_ws/install/local_setup.bash'
[6.122s] INFO:colcon.colcon_core.shell:Creating prefix chain script '/home/duo/dev_ws/install/setup.bash'
[6.126s] INFO:colcon.colcon_core.shell:Creating prefix script '/home/duo/dev_ws/install/local_setup.zsh'
[6.127s] INFO:colcon.colcon_core.shell:Creating prefix chain script '/home/duo/dev_ws/install/setup.zsh'
