-- Found ament_cmake: 1.3.14 (/opt/ros/humble/share/ament_cmake/cmake)
-- Override CMake install command with custom implementation using symlinks instead of copying resources
-- Found ament_lint_auto: 0.12.15 (/opt/ros/humble/share/ament_lint_auto/cmake)
-- Added test 'flake8' to check Python code syntax and style conventions
-- Added test 'lint_cmake' to check CMake code style
-- Added test 'pep257' to check Python code against some of the docstring style conventions in PEP 257
-- Added test 'xmllint' to check XML markup files
-- Configuring done
-- Generating done
-- Build files have been written to: /home/duo/dev_ws/build/amr_lan_2_mesh
-- Install configuration: ""
-- Execute custom install script
-- Up-to-date symlink: /home/duo/dev_ws/install/amr_lan_2_mesh/share/amr_lan_2_mesh/config/controllers.yaml
-- Up-to-date symlink: /home/duo/dev_ws/install/amr_lan_2_mesh/share/amr_lan_2_mesh/description/gazebo_control.xacro
-- Up-to-date symlink: /home/duo/dev_ws/install/amr_lan_2_mesh/share/amr_lan_2_mesh/description/inertial_macros.xacro
-- Up-to-date symlink: /home/duo/dev_ws/install/amr_lan_2_mesh/share/amr_lan_2_mesh/description/lidar.xacro
-- Up-to-date symlink: /home/duo/dev_ws/install/amr_lan_2_mesh/share/amr_lan_2_mesh/description/lidar_xacro.txt
-- Up-to-date symlink: /home/duo/dev_ws/install/amr_lan_2_mesh/share/amr_lan_2_mesh/description/robot.urdf.xacro
-- Up-to-date symlink: /home/duo/dev_ws/install/amr_lan_2_mesh/share/amr_lan_2_mesh/description/robot_core.xacro
-- Up-to-date symlink: /home/duo/dev_ws/install/amr_lan_2_mesh/share/amr_lan_2_mesh/description/ros2_control.xacro
-- Up-to-date symlink: /home/duo/dev_ws/install/amr_lan_2_mesh/share/amr_lan_2_mesh/description/temp_2
-- Up-to-date symlink: /home/duo/dev_ws/install/amr_lan_2_mesh/share/amr_lan_2_mesh/description/tmep
-- Up-to-date symlink: /home/duo/dev_ws/install/amr_lan_2_mesh/share/amr_lan_2_mesh/launch/launch_robot.launch.py
-- Up-to-date symlink: /home/duo/dev_ws/install/amr_lan_2_mesh/share/amr_lan_2_mesh/launch/launch_sim.launch.py
-- Up-to-date symlink: /home/duo/dev_ws/install/amr_lan_2_mesh/share/amr_lan_2_mesh/launch/rsp.launch.py
-- Up-to-date symlink: /home/duo/dev_ws/install/amr_lan_2_mesh/share/amr_lan_2_mesh/meshes/base_footprint.STL
-- Up-to-date symlink: /home/duo/dev_ws/install/amr_lan_2_mesh/share/amr_lan_2_mesh/meshes/base_link.STL
-- Up-to-date symlink: /home/duo/dev_ws/install/amr_lan_2_mesh/share/amr_lan_2_mesh/meshes/caster_wheel_left_behind.STL
-- Up-to-date symlink: /home/duo/dev_ws/install/amr_lan_2_mesh/share/amr_lan_2_mesh/meshes/caster_wheel_left_front.STL
-- Up-to-date symlink: /home/duo/dev_ws/install/amr_lan_2_mesh/share/amr_lan_2_mesh/meshes/caster_wheel_right_behind.STL
-- Up-to-date symlink: /home/duo/dev_ws/install/amr_lan_2_mesh/share/amr_lan_2_mesh/meshes/caster_wheel_right_front.STL
-- Up-to-date symlink: /home/duo/dev_ws/install/amr_lan_2_mesh/share/amr_lan_2_mesh/meshes/imu_link.STL
-- Up-to-date symlink: /home/duo/dev_ws/install/amr_lan_2_mesh/share/amr_lan_2_mesh/meshes/laser_frame.STL
-- Up-to-date symlink: /home/duo/dev_ws/install/amr_lan_2_mesh/share/amr_lan_2_mesh/meshes/left_wheel.STL
-- Up-to-date symlink: /home/duo/dev_ws/install/amr_lan_2_mesh/share/amr_lan_2_mesh/meshes/right_wheel.STL
[31mCMake Error at ament_cmake_symlink_install/ament_cmake_symlink_install.cmake:105 (message):
  ament_cmake_symlink_install_directory() can't find
  '/home/duo/dev_ws/src/amr_lan_2_mesh/worlds'
Call Stack (most recent call first):
  ament_cmake_symlink_install/ament_cmake_symlink_install.cmake:319 (ament_cmake_symlink_install_directory)
  cmake_install.cmake:46 (include)

[0m
