[0.050s] Invoking command in '/home/duo/dev_ws/build/amr_lan_3': CMAKE_PREFIX_PATH=${CMAKE_PREFIX_PATH}:/home/duo/dev_ws/install/custom_laser_filter:/opt/ros/humble /usr/bin/cmake --build /home/duo/dev_ws/build/amr_lan_3 -- -j8 -l8
[0.474s] -- Found ament_cmake: 1.3.14 (/opt/ros/humble/share/ament_cmake/cmake)
[0.474s] -- Override CMake install command with custom implementation using symlinks instead of copying resources
[0.474s] -- Found ament_lint_auto: 0.12.15 (/opt/ros/humble/share/ament_lint_auto/cmake)
[0.474s] -- Added test 'flake8' to check Python code syntax and style conventions
[0.474s] -- Added test 'lint_cmake' to check CMake code style
[0.474s] -- Added test 'pep257' to check Python code against some of the docstring style conventions in PEP 257
[0.475s] -- Added test 'xmllint' to check XML markup files
[0.475s] -- Configuring done
[0.475s] -- Generating done
[0.475s] -- Build files have been written to: /home/duo/dev_ws/build/amr_lan_3
[0.504s] Invoked command in '/home/duo/dev_ws/build/amr_lan_3' returned '0': CMAKE_PREFIX_PATH=${CMAKE_PREFIX_PATH}:/home/duo/dev_ws/install/custom_laser_filter:/opt/ros/humble /usr/bin/cmake --build /home/duo/dev_ws/build/amr_lan_3 -- -j8 -l8
[0.520s] Invoking command in '/home/duo/dev_ws/build/amr_lan_3': CMAKE_PREFIX_PATH=${CMAKE_PREFIX_PATH}:/home/duo/dev_ws/install/custom_laser_filter:/opt/ros/humble /usr/bin/cmake --install /home/duo/dev_ws/build/amr_lan_3
[0.534s] -- Install configuration: ""
[0.535s] -- Execute custom install script
[0.535s] -- Symlinking: /home/duo/dev_ws/install/amr_lan_3/share/amr_lan_3/config/gazebo_params.yaml
[0.545s] -- Up-to-date symlink: /home/duo/dev_ws/install/amr_lan_3/share/amr_lan_3/config/my_controllers.yaml
[0.545s] -- Up-to-date symlink: /home/duo/dev_ws/install/amr_lan_3/share/amr_lan_3/description/gazebo_control.xacro
[0.546s] -- Up-to-date symlink: /home/duo/dev_ws/install/amr_lan_3/share/amr_lan_3/description/inertial_macros.xacro
[0.548s] -- Up-to-date symlink: /home/duo/dev_ws/install/amr_lan_3/share/amr_lan_3/description/lidar.xacro
[0.548s] -- Up-to-date symlink: /home/duo/dev_ws/install/amr_lan_3/share/amr_lan_3/description/robot.urdf.xacro
[0.549s] -- Up-to-date symlink: /home/duo/dev_ws/install/amr_lan_3/share/amr_lan_3/description/robot_core.xacro
[0.549s] -- Up-to-date symlink: /home/duo/dev_ws/install/amr_lan_3/share/amr_lan_3/description/ros2_control.xacro
[0.549s] -- Symlinking: /home/duo/dev_ws/install/amr_lan_3/share/amr_lan_3/launch/launch_robot.launch.py
[0.567s] -- Up-to-date symlink: /home/duo/dev_ws/install/amr_lan_3/share/amr_lan_3/launch/launch_sim.launch.py
[0.567s] -- Up-to-date symlink: /home/duo/dev_ws/install/amr_lan_3/share/amr_lan_3/launch/rplidar.launch.py
[0.568s] -- Up-to-date symlink: /home/duo/dev_ws/install/amr_lan_3/share/amr_lan_3/launch/rsp.launch.py
[0.568s] -- Up-to-date symlink: /home/duo/dev_ws/install/amr_lan_3/share/amr_lan_3/worlds/MKS_1/model.config
[0.568s] -- Up-to-date symlink: /home/duo/dev_ws/install/amr_lan_3/share/amr_lan_3/worlds/MKS_1/model.sdf
[0.572s] -- Up-to-date symlink: /home/duo/dev_ws/install/amr_lan_3/share/amr_lan_3/worlds/obstacle_1.world
[0.572s] -- Up-to-date symlink: /home/duo/dev_ws/install/amr_lan_3/share/ament_index/resource_index/package_run_dependencies/amr_lan_3
[0.573s] -- Up-to-date symlink: /home/duo/dev_ws/install/amr_lan_3/share/ament_index/resource_index/parent_prefix_path/amr_lan_3
[0.573s] -- Up-to-date symlink: /home/duo/dev_ws/install/amr_lan_3/share/amr_lan_3/environment/ament_prefix_path.sh
[0.573s] -- Up-to-date symlink: /home/duo/dev_ws/install/amr_lan_3/share/amr_lan_3/environment/ament_prefix_path.dsv
[0.573s] -- Up-to-date symlink: /home/duo/dev_ws/install/amr_lan_3/share/amr_lan_3/environment/path.sh
[0.573s] -- Up-to-date symlink: /home/duo/dev_ws/install/amr_lan_3/share/amr_lan_3/environment/path.dsv
[0.573s] -- Up-to-date symlink: /home/duo/dev_ws/install/amr_lan_3/share/amr_lan_3/local_setup.bash
[0.574s] -- Up-to-date symlink: /home/duo/dev_ws/install/amr_lan_3/share/amr_lan_3/local_setup.sh
[0.574s] -- Up-to-date symlink: /home/duo/dev_ws/install/amr_lan_3/share/amr_lan_3/local_setup.zsh
[0.574s] -- Up-to-date symlink: /home/duo/dev_ws/install/amr_lan_3/share/amr_lan_3/local_setup.dsv
[0.574s] -- Symlinking: /home/duo/dev_ws/install/amr_lan_3/share/amr_lan_3/package.dsv
[0.591s] -- Up-to-date symlink: /home/duo/dev_ws/install/amr_lan_3/share/ament_index/resource_index/packages/amr_lan_3
[0.591s] -- Up-to-date symlink: /home/duo/dev_ws/install/amr_lan_3/share/amr_lan_3/cmake/amr_lan_3Config.cmake
[0.591s] -- Up-to-date symlink: /home/duo/dev_ws/install/amr_lan_3/share/amr_lan_3/cmake/amr_lan_3Config-version.cmake
[0.591s] -- Up-to-date symlink: /home/duo/dev_ws/install/amr_lan_3/share/amr_lan_3/package.xml
