[0.044s] Invoking command in '/home/duo/dev_ws/build/amr_lan_2_mesh': CMAKE_PREFIX_PATH=${CMAKE_PREFIX_PATH}:/home/duo/dev_ws/install/custom_laser_filter:/opt/ros/humble /usr/bin/cmake --build /home/duo/dev_ws/build/amr_lan_2_mesh -- -j8 -l8
[0.386s] Invoked command in '/home/duo/dev_ws/build/amr_lan_2_mesh' returned '0': CMAKE_PREFIX_PATH=${CMAKE_PREFIX_PATH}:/home/duo/dev_ws/install/custom_laser_filter:/opt/ros/humble /usr/bin/cmake --build /home/duo/dev_ws/build/amr_lan_2_mesh -- -j8 -l8
[0.398s] Invoking command in '/home/duo/dev_ws/build/amr_lan_2_mesh': CMAKE_PREFIX_PATH=${CMAKE_PREFIX_PATH}:/home/duo/dev_ws/install/custom_laser_filter:/opt/ros/humble /usr/bin/cmake --install /home/duo/dev_ws/build/amr_lan_2_mesh
[0.410s] -- Install configuration: ""
[0.411s] -- Execute custom install script
[0.412s] -- Up-to-date symlink: /home/duo/dev_ws/install/amr_lan_2_mesh/share/amr_lan_2_mesh/config/controllers.yaml
[0.413s] -- Up-to-date symlink: /home/duo/dev_ws/install/amr_lan_2_mesh/share/amr_lan_2_mesh/description/gazebo_control.xacro
[0.413s] -- Up-to-date symlink: /home/duo/dev_ws/install/amr_lan_2_mesh/share/amr_lan_2_mesh/description/inertial_macros.xacro
[0.413s] -- Up-to-date symlink: /home/duo/dev_ws/install/amr_lan_2_mesh/share/amr_lan_2_mesh/description/lidar.xacro
[0.414s] -- Up-to-date symlink: /home/duo/dev_ws/install/amr_lan_2_mesh/share/amr_lan_2_mesh/description/lidar_xacro.txt
[0.414s] -- Up-to-date symlink: /home/duo/dev_ws/install/amr_lan_2_mesh/share/amr_lan_2_mesh/description/robot.urdf.xacro
[0.414s] -- Up-to-date symlink: /home/duo/dev_ws/install/amr_lan_2_mesh/share/amr_lan_2_mesh/description/robot_core.xacro
[0.414s] -- Up-to-date symlink: /home/duo/dev_ws/install/amr_lan_2_mesh/share/amr_lan_2_mesh/description/ros2_control.xacro
[0.415s] -- Up-to-date symlink: /home/duo/dev_ws/install/amr_lan_2_mesh/share/amr_lan_2_mesh/description/temp_2
[0.415s] -- Up-to-date symlink: /home/duo/dev_ws/install/amr_lan_2_mesh/share/amr_lan_2_mesh/description/tmep
[0.420s] -- Up-to-date symlink: /home/duo/dev_ws/install/amr_lan_2_mesh/share/amr_lan_2_mesh/launch/launch_robot.launch.py
[0.420s] -- Up-to-date symlink: /home/duo/dev_ws/install/amr_lan_2_mesh/share/amr_lan_2_mesh/launch/launch_sim.launch.py
[0.420s] -- Up-to-date symlink: /home/duo/dev_ws/install/amr_lan_2_mesh/share/amr_lan_2_mesh/launch/rsp.launch.py
[0.420s] -- Up-to-date symlink: /home/duo/dev_ws/install/amr_lan_2_mesh/share/amr_lan_2_mesh/meshes/base_footprint.STL
[0.421s] -- Up-to-date symlink: /home/duo/dev_ws/install/amr_lan_2_mesh/share/amr_lan_2_mesh/meshes/base_link.STL
[0.421s] -- Up-to-date symlink: /home/duo/dev_ws/install/amr_lan_2_mesh/share/amr_lan_2_mesh/meshes/caster_wheel_left_behind.STL
[0.421s] -- Up-to-date symlink: /home/duo/dev_ws/install/amr_lan_2_mesh/share/amr_lan_2_mesh/meshes/caster_wheel_left_front.STL
[0.422s] -- Up-to-date symlink: /home/duo/dev_ws/install/amr_lan_2_mesh/share/amr_lan_2_mesh/meshes/caster_wheel_right_behind.STL
[0.422s] -- Up-to-date symlink: /home/duo/dev_ws/install/amr_lan_2_mesh/share/amr_lan_2_mesh/meshes/caster_wheel_right_front.STL
[0.422s] -- Up-to-date symlink: /home/duo/dev_ws/install/amr_lan_2_mesh/share/amr_lan_2_mesh/meshes/imu_link.STL
[0.422s] -- Up-to-date symlink: /home/duo/dev_ws/install/amr_lan_2_mesh/share/amr_lan_2_mesh/meshes/laser_frame.STL
[0.423s] -- Up-to-date symlink: /home/duo/dev_ws/install/amr_lan_2_mesh/share/amr_lan_2_mesh/meshes/left_wheel.STL
[0.425s] -- Up-to-date symlink: /home/duo/dev_ws/install/amr_lan_2_mesh/share/amr_lan_2_mesh/meshes/right_wheel.STL
[0.425s] -- Up-to-date symlink: /home/duo/dev_ws/install/amr_lan_2_mesh/share/ament_index/resource_index/package_run_dependencies/amr_lan_2_mesh
[0.426s] -- Up-to-date symlink: /home/duo/dev_ws/install/amr_lan_2_mesh/share/ament_index/resource_index/parent_prefix_path/amr_lan_2_mesh
[0.426s] -- Up-to-date symlink: /home/duo/dev_ws/install/amr_lan_2_mesh/share/amr_lan_2_mesh/environment/ament_prefix_path.sh
[0.426s] -- Up-to-date symlink: /home/duo/dev_ws/install/amr_lan_2_mesh/share/amr_lan_2_mesh/environment/ament_prefix_path.dsv
[0.426s] -- Up-to-date symlink: /home/duo/dev_ws/install/amr_lan_2_mesh/share/amr_lan_2_mesh/environment/path.sh
[0.426s] -- Up-to-date symlink: /home/duo/dev_ws/install/amr_lan_2_mesh/share/amr_lan_2_mesh/environment/path.dsv
[0.427s] -- Up-to-date symlink: /home/duo/dev_ws/install/amr_lan_2_mesh/share/amr_lan_2_mesh/local_setup.bash
[0.427s] -- Up-to-date symlink: /home/duo/dev_ws/install/amr_lan_2_mesh/share/amr_lan_2_mesh/local_setup.sh
[0.427s] -- Up-to-date symlink: /home/duo/dev_ws/install/amr_lan_2_mesh/share/amr_lan_2_mesh/local_setup.zsh
[0.428s] -- Up-to-date symlink: /home/duo/dev_ws/install/amr_lan_2_mesh/share/amr_lan_2_mesh/local_setup.dsv
[0.428s] -- Symlinking: /home/duo/dev_ws/install/amr_lan_2_mesh/share/amr_lan_2_mesh/package.dsv
[0.440s] -- Up-to-date symlink: /home/duo/dev_ws/install/amr_lan_2_mesh/share/ament_index/resource_index/packages/amr_lan_2_mesh
[0.441s] -- Up-to-date symlink: /home/duo/dev_ws/install/amr_lan_2_mesh/share/amr_lan_2_mesh/cmake/amr_lan_2_meshConfig.cmake
[0.441s] -- Up-to-date symlink: /home/duo/dev_ws/install/amr_lan_2_mesh/share/amr_lan_2_mesh/cmake/amr_lan_2_meshConfig-version.cmake
[0.441s] -- Up-to-date symlink: /home/duo/dev_ws/install/amr_lan_2_mesh/share/amr_lan_2_mesh/package.xml
[0.444s] Invoked command in '/home/duo/dev_ws/build/amr_lan_2_mesh' returned '0': CMAKE_PREFIX_PATH=${CMAKE_PREFIX_PATH}:/home/duo/dev_ws/install/custom_laser_filter:/opt/ros/humble /usr/bin/cmake --install /home/duo/dev_ws/build/amr_lan_2_mesh
