[0.115s] DEBUG:colcon:Command line arguments: ['/usr/bin/colcon', 'build', '--symlink-install']
[0.116s] DEBUG:colcon:Parsed command line arguments: Namespace(log_base=None, log_level=None, verb_name='build', build_base='build', install_base='install', merge_install=False, symlink_install=True, test_result_base=None, continue_on_error=False, executor='parallel', parallel_workers=8, event_handlers=None, ignore_user_meta=False, metas=['./colcon.meta'], base_paths=['.'], packages_ignore=None, packages_ignore_regex=None, paths=None, packages_up_to=None, packages_up_to_regex=None, packages_above=None, packages_above_and_dependencies=None, packages_above_depth=None, packages_select_by_dep=None, packages_skip_by_dep=None, packages_skip_up_to=None, packages_select_build_failed=False, packages_skip_build_finished=False, packages_select_test_failures=False, packages_skip_test_passed=False, packages_select=None, packages_skip=None, packages_select_regex=None, packages_skip_regex=None, packages_start=None, packages_end=None, allow_overriding=[], cmake_args=None, cmake_target=None, cmake_target_skip_unavailable=False, cmake_clean_cache=False, cmake_clean_first=False, cmake_force_configure=False, ament_cmake_args=None, catkin_cmake_args=None, catkin_skip_building_tests=False, verb_parser=<colcon_defaults.argument_parser.defaults.DefaultArgumentsDecorator object at 0x7dfed5165750>, verb_extension=<colcon_core.verb.build.BuildVerb object at 0x7dfed5165150>, main=<bound method BuildVerb.main of <colcon_core.verb.build.BuildVerb object at 0x7dfed5165150>>)
[0.316s] Level 1:colcon.colcon_core.package_discovery:discover_packages(colcon_meta) check parameters
[0.316s] Level 1:colcon.colcon_core.package_discovery:discover_packages(recursive) check parameters
[0.316s] Level 1:colcon.colcon_core.package_discovery:discover_packages(ignore) check parameters
[0.316s] Level 1:colcon.colcon_core.package_discovery:discover_packages(path) check parameters
[0.316s] Level 1:colcon.colcon_core.package_discovery:discover_packages(colcon_meta) discover
[0.316s] Level 1:colcon.colcon_core.package_discovery:discover_packages(recursive) discover
[0.316s] INFO:colcon.colcon_core.package_discovery:Crawling recursively for packages in '/home/duo/dev_ws'
[0.316s] Level 1:colcon.colcon_core.package_identification:_identify(.) by extensions ['ignore', 'ignore_ament_install']
[0.317s] Level 1:colcon.colcon_core.package_identification:_identify(.) by extension 'ignore'
[0.317s] Level 1:colcon.colcon_core.package_identification:_identify(.) by extension 'ignore_ament_install'
[0.317s] Level 1:colcon.colcon_core.package_identification:_identify(.) by extensions ['colcon_pkg']
[0.317s] Level 1:colcon.colcon_core.package_identification:_identify(.) by extension 'colcon_pkg'
[0.317s] Level 1:colcon.colcon_core.package_identification:_identify(.) by extensions ['colcon_meta']
[0.317s] Level 1:colcon.colcon_core.package_identification:_identify(.) by extension 'colcon_meta'
[0.317s] Level 1:colcon.colcon_core.package_identification:_identify(.) by extensions ['ros']
[0.317s] Level 1:colcon.colcon_core.package_identification:_identify(.) by extension 'ros'
[0.329s] Level 1:colcon.colcon_core.package_identification:_identify(.) by extensions ['cmake', 'python']
[0.329s] Level 1:colcon.colcon_core.package_identification:_identify(.) by extension 'cmake'
[0.329s] Level 1:colcon.colcon_core.package_identification:_identify(.) by extension 'python'
[0.329s] Level 1:colcon.colcon_core.package_identification:_identify(.) by extensions ['python_setup_py']
[0.329s] Level 1:colcon.colcon_core.package_identification:_identify(.) by extension 'python_setup_py'
[0.329s] Level 1:colcon.colcon_core.package_identification:_identify(build) by extensions ['ignore', 'ignore_ament_install']
[0.329s] Level 1:colcon.colcon_core.package_identification:_identify(build) by extension 'ignore'
[0.329s] Level 1:colcon.colcon_core.package_identification:_identify(build) ignored
[0.330s] Level 1:colcon.colcon_core.package_identification:_identify(install) by extensions ['ignore', 'ignore_ament_install']
[0.330s] Level 1:colcon.colcon_core.package_identification:_identify(install) by extension 'ignore'
[0.330s] Level 1:colcon.colcon_core.package_identification:_identify(install) ignored
[0.330s] Level 1:colcon.colcon_core.package_identification:_identify(log) by extensions ['ignore', 'ignore_ament_install']
[0.330s] Level 1:colcon.colcon_core.package_identification:_identify(log) by extension 'ignore'
[0.330s] Level 1:colcon.colcon_core.package_identification:_identify(log) ignored
[0.330s] Level 1:colcon.colcon_core.package_identification:_identify(src) by extensions ['ignore', 'ignore_ament_install']
[0.330s] Level 1:colcon.colcon_core.package_identification:_identify(src) by extension 'ignore'
[0.330s] Level 1:colcon.colcon_core.package_identification:_identify(src) by extension 'ignore_ament_install'
[0.330s] Level 1:colcon.colcon_core.package_identification:_identify(src) by extensions ['colcon_pkg']
[0.330s] Level 1:colcon.colcon_core.package_identification:_identify(src) by extension 'colcon_pkg'
[0.330s] Level 1:colcon.colcon_core.package_identification:_identify(src) by extensions ['colcon_meta']
[0.331s] Level 1:colcon.colcon_core.package_identification:_identify(src) by extension 'colcon_meta'
[0.331s] Level 1:colcon.colcon_core.package_identification:_identify(src) by extensions ['ros']
[0.331s] Level 1:colcon.colcon_core.package_identification:_identify(src) by extension 'ros'
[0.331s] Level 1:colcon.colcon_core.package_identification:_identify(src) by extensions ['cmake', 'python']
[0.331s] Level 1:colcon.colcon_core.package_identification:_identify(src) by extension 'cmake'
[0.331s] Level 1:colcon.colcon_core.package_identification:_identify(src) by extension 'python'
[0.331s] Level 1:colcon.colcon_core.package_identification:_identify(src) by extensions ['python_setup_py']
[0.331s] Level 1:colcon.colcon_core.package_identification:_identify(src) by extension 'python_setup_py'
[0.331s] Level 1:colcon.colcon_core.package_identification:_identify(src/amr_lan_2) by extensions ['ignore', 'ignore_ament_install']
[0.331s] Level 1:colcon.colcon_core.package_identification:_identify(src/amr_lan_2) by extension 'ignore'
[0.331s] Level 1:colcon.colcon_core.package_identification:_identify(src/amr_lan_2) by extension 'ignore_ament_install'
[0.331s] Level 1:colcon.colcon_core.package_identification:_identify(src/amr_lan_2) by extensions ['colcon_pkg']
[0.331s] Level 1:colcon.colcon_core.package_identification:_identify(src/amr_lan_2) by extension 'colcon_pkg'
[0.331s] Level 1:colcon.colcon_core.package_identification:_identify(src/amr_lan_2) by extensions ['colcon_meta']
[0.331s] Level 1:colcon.colcon_core.package_identification:_identify(src/amr_lan_2) by extension 'colcon_meta'
[0.331s] Level 1:colcon.colcon_core.package_identification:_identify(src/amr_lan_2) by extensions ['ros']
[0.332s] Level 1:colcon.colcon_core.package_identification:_identify(src/amr_lan_2) by extension 'ros'
[0.334s] DEBUG:colcon.colcon_core.package_identification:Package 'src/amr_lan_2' with type 'ros.ament_cmake' and name 'amr_lan_2'
[0.334s] Level 1:colcon.colcon_core.package_identification:_identify(src/amr_lan_2_mesh) by extensions ['ignore', 'ignore_ament_install']
[0.334s] Level 1:colcon.colcon_core.package_identification:_identify(src/amr_lan_2_mesh) by extension 'ignore'
[0.335s] Level 1:colcon.colcon_core.package_identification:_identify(src/amr_lan_2_mesh) by extension 'ignore_ament_install'
[0.335s] Level 1:colcon.colcon_core.package_identification:_identify(src/amr_lan_2_mesh) by extensions ['colcon_pkg']
[0.335s] Level 1:colcon.colcon_core.package_identification:_identify(src/amr_lan_2_mesh) by extension 'colcon_pkg'
[0.335s] Level 1:colcon.colcon_core.package_identification:_identify(src/amr_lan_2_mesh) by extensions ['colcon_meta']
[0.335s] Level 1:colcon.colcon_core.package_identification:_identify(src/amr_lan_2_mesh) by extension 'colcon_meta'
[0.335s] Level 1:colcon.colcon_core.package_identification:_identify(src/amr_lan_2_mesh) by extensions ['ros']
[0.335s] Level 1:colcon.colcon_core.package_identification:_identify(src/amr_lan_2_mesh) by extension 'ros'
[0.336s] DEBUG:colcon.colcon_core.package_identification:Package 'src/amr_lan_2_mesh' with type 'ros.ament_cmake' and name 'amr_lan_2_mesh'
[0.336s] Level 1:colcon.colcon_core.package_identification:_identify(src/custom_laser_filter) by extensions ['ignore', 'ignore_ament_install']
[0.336s] Level 1:colcon.colcon_core.package_identification:_identify(src/custom_laser_filter) by extension 'ignore'
[0.336s] Level 1:colcon.colcon_core.package_identification:_identify(src/custom_laser_filter) by extension 'ignore_ament_install'
[0.336s] Level 1:colcon.colcon_core.package_identification:_identify(src/custom_laser_filter) by extensions ['colcon_pkg']
[0.336s] Level 1:colcon.colcon_core.package_identification:_identify(src/custom_laser_filter) by extension 'colcon_pkg'
[0.336s] Level 1:colcon.colcon_core.package_identification:_identify(src/custom_laser_filter) by extensions ['colcon_meta']
[0.336s] Level 1:colcon.colcon_core.package_identification:_identify(src/custom_laser_filter) by extension 'colcon_meta'
[0.336s] Level 1:colcon.colcon_core.package_identification:_identify(src/custom_laser_filter) by extensions ['ros']
[0.336s] Level 1:colcon.colcon_core.package_identification:_identify(src/custom_laser_filter) by extension 'ros'
[0.337s] DEBUG:colcon.colcon_core.package_identification:Package 'src/custom_laser_filter' with type 'ros.ament_python' and name 'custom_laser_filter'
[0.337s] Level 1:colcon.colcon_core.package_identification:_identify(src/duobot_one) by extensions ['ignore', 'ignore_ament_install']
[0.337s] Level 1:colcon.colcon_core.package_identification:_identify(src/duobot_one) by extension 'ignore'
[0.338s] Level 1:colcon.colcon_core.package_identification:_identify(src/duobot_one) by extension 'ignore_ament_install'
[0.338s] Level 1:colcon.colcon_core.package_identification:_identify(src/duobot_one) by extensions ['colcon_pkg']
[0.338s] Level 1:colcon.colcon_core.package_identification:_identify(src/duobot_one) by extension 'colcon_pkg'
[0.338s] Level 1:colcon.colcon_core.package_identification:_identify(src/duobot_one) by extensions ['colcon_meta']
[0.338s] Level 1:colcon.colcon_core.package_identification:_identify(src/duobot_one) by extension 'colcon_meta'
[0.338s] Level 1:colcon.colcon_core.package_identification:_identify(src/duobot_one) by extensions ['ros']
[0.338s] Level 1:colcon.colcon_core.package_identification:_identify(src/duobot_one) by extension 'ros'
[0.339s] DEBUG:colcon.colcon_core.package_identification:Package 'src/duobot_one' with type 'ros.ament_cmake' and name 'duobot_one'
[0.339s] Level 1:colcon.colcon_core.package_identification:_identify(src/hinson_hardware) by extensions ['ignore', 'ignore_ament_install']
[0.339s] Level 1:colcon.colcon_core.package_identification:_identify(src/hinson_hardware) by extension 'ignore'
[0.339s] Level 1:colcon.colcon_core.package_identification:_identify(src/hinson_hardware) by extension 'ignore_ament_install'
[0.339s] Level 1:colcon.colcon_core.package_identification:_identify(src/hinson_hardware) by extensions ['colcon_pkg']
[0.339s] Level 1:colcon.colcon_core.package_identification:_identify(src/hinson_hardware) by extension 'colcon_pkg'
[0.339s] Level 1:colcon.colcon_core.package_identification:_identify(src/hinson_hardware) by extensions ['colcon_meta']
[0.339s] Level 1:colcon.colcon_core.package_identification:_identify(src/hinson_hardware) by extension 'colcon_meta'
[0.339s] Level 1:colcon.colcon_core.package_identification:_identify(src/hinson_hardware) by extensions ['ros']
[0.339s] Level 1:colcon.colcon_core.package_identification:_identify(src/hinson_hardware) by extension 'ros'
[0.340s] DEBUG:colcon.colcon_core.package_identification:Package 'src/hinson_hardware' with type 'ros.ament_cmake' and name 'hinson_hardware'
[0.340s] Level 1:colcon.colcon_core.package_identification:_identify(src/lap_thu_amr_description) by extensions ['ignore', 'ignore_ament_install']
[0.340s] Level 1:colcon.colcon_core.package_identification:_identify(src/lap_thu_amr_description) by extension 'ignore'
[0.340s] Level 1:colcon.colcon_core.package_identification:_identify(src/lap_thu_amr_description) by extension 'ignore_ament_install'
[0.341s] Level 1:colcon.colcon_core.package_identification:_identify(src/lap_thu_amr_description) by extensions ['colcon_pkg']
[0.341s] Level 1:colcon.colcon_core.package_identification:_identify(src/lap_thu_amr_description) by extension 'colcon_pkg'
[0.341s] Level 1:colcon.colcon_core.package_identification:_identify(src/lap_thu_amr_description) by extensions ['colcon_meta']
[0.341s] Level 1:colcon.colcon_core.package_identification:_identify(src/lap_thu_amr_description) by extension 'colcon_meta'
[0.341s] Level 1:colcon.colcon_core.package_identification:_identify(src/lap_thu_amr_description) by extensions ['ros']
[0.341s] Level 1:colcon.colcon_core.package_identification:_identify(src/lap_thu_amr_description) by extension 'ros'
[0.341s] DEBUG:colcon.colcon_core.package_identification:Package 'src/lap_thu_amr_description' with type 'ros.ament_cmake' and name 'lap_thu_amr_description'
[0.342s] Level 1:colcon.colcon_core.package_discovery:discover_packages(recursive) using defaults
[0.342s] Level 1:colcon.colcon_core.package_discovery:discover_packages(ignore) discover
[0.342s] Level 1:colcon.colcon_core.package_discovery:discover_packages(ignore) using defaults
[0.342s] Level 1:colcon.colcon_core.package_discovery:discover_packages(path) discover
[0.342s] Level 1:colcon.colcon_core.package_discovery:discover_packages(path) using defaults
[0.378s] Level 1:colcon.colcon_core.package_discovery:discover_packages(prefix_path) check parameters
[0.378s] Level 1:colcon.colcon_core.package_discovery:discover_packages(prefix_path) discover
[0.381s] DEBUG:colcon.colcon_installed_package_information.package_discovery:Found 6 installed packages in /home/duo/dev_ws/install
[0.383s] DEBUG:colcon.colcon_installed_package_information.package_discovery:Found 485 installed packages in /opt/ros/humble
[0.386s] Level 1:colcon.colcon_core.package_discovery:discover_packages(prefix_path) using defaults
[0.451s] Level 5:colcon.colcon_core.verb:set package 'amr_lan_2' build argument 'cmake_args' from command line to 'None'
[0.451s] Level 5:colcon.colcon_core.verb:set package 'amr_lan_2' build argument 'cmake_target' from command line to 'None'
[0.451s] Level 5:colcon.colcon_core.verb:set package 'amr_lan_2' build argument 'cmake_target_skip_unavailable' from command line to 'False'
[0.451s] Level 5:colcon.colcon_core.verb:set package 'amr_lan_2' build argument 'cmake_clean_cache' from command line to 'False'
[0.451s] Level 5:colcon.colcon_core.verb:set package 'amr_lan_2' build argument 'cmake_clean_first' from command line to 'False'
[0.451s] Level 5:colcon.colcon_core.verb:set package 'amr_lan_2' build argument 'cmake_force_configure' from command line to 'False'
[0.451s] Level 5:colcon.colcon_core.verb:set package 'amr_lan_2' build argument 'ament_cmake_args' from command line to 'None'
[0.451s] Level 5:colcon.colcon_core.verb:set package 'amr_lan_2' build argument 'catkin_cmake_args' from command line to 'None'
[0.451s] Level 5:colcon.colcon_core.verb:set package 'amr_lan_2' build argument 'catkin_skip_building_tests' from command line to 'False'
[0.451s] DEBUG:colcon.colcon_core.verb:Building package 'amr_lan_2' with the following arguments: {'ament_cmake_args': None, 'build_base': '/home/duo/dev_ws/build/amr_lan_2', 'catkin_cmake_args': None, 'catkin_skip_building_tests': False, 'cmake_args': None, 'cmake_clean_cache': False, 'cmake_clean_first': False, 'cmake_force_configure': False, 'cmake_target': None, 'cmake_target_skip_unavailable': False, 'install_base': '/home/duo/dev_ws/install/amr_lan_2', 'merge_install': False, 'path': '/home/duo/dev_ws/src/amr_lan_2', 'symlink_install': True, 'test_result_base': None}
[0.452s] Level 5:colcon.colcon_core.verb:set package 'amr_lan_2_mesh' build argument 'cmake_args' from command line to 'None'
[0.452s] Level 5:colcon.colcon_core.verb:set package 'amr_lan_2_mesh' build argument 'cmake_target' from command line to 'None'
[0.452s] Level 5:colcon.colcon_core.verb:set package 'amr_lan_2_mesh' build argument 'cmake_target_skip_unavailable' from command line to 'False'
[0.452s] Level 5:colcon.colcon_core.verb:set package 'amr_lan_2_mesh' build argument 'cmake_clean_cache' from command line to 'False'
[0.452s] Level 5:colcon.colcon_core.verb:set package 'amr_lan_2_mesh' build argument 'cmake_clean_first' from command line to 'False'
[0.452s] Level 5:colcon.colcon_core.verb:set package 'amr_lan_2_mesh' build argument 'cmake_force_configure' from command line to 'False'
[0.452s] Level 5:colcon.colcon_core.verb:set package 'amr_lan_2_mesh' build argument 'ament_cmake_args' from command line to 'None'
[0.452s] Level 5:colcon.colcon_core.verb:set package 'amr_lan_2_mesh' build argument 'catkin_cmake_args' from command line to 'None'
[0.452s] Level 5:colcon.colcon_core.verb:set package 'amr_lan_2_mesh' build argument 'catkin_skip_building_tests' from command line to 'False'
[0.452s] DEBUG:colcon.colcon_core.verb:Building package 'amr_lan_2_mesh' with the following arguments: {'ament_cmake_args': None, 'build_base': '/home/duo/dev_ws/build/amr_lan_2_mesh', 'catkin_cmake_args': None, 'catkin_skip_building_tests': False, 'cmake_args': None, 'cmake_clean_cache': False, 'cmake_clean_first': False, 'cmake_force_configure': False, 'cmake_target': None, 'cmake_target_skip_unavailable': False, 'install_base': '/home/duo/dev_ws/install/amr_lan_2_mesh', 'merge_install': False, 'path': '/home/duo/dev_ws/src/amr_lan_2_mesh', 'symlink_install': True, 'test_result_base': None}
[0.452s] Level 5:colcon.colcon_core.verb:set package 'custom_laser_filter' build argument 'cmake_args' from command line to 'None'
[0.452s] Level 5:colcon.colcon_core.verb:set package 'custom_laser_filter' build argument 'cmake_target' from command line to 'None'
[0.452s] Level 5:colcon.colcon_core.verb:set package 'custom_laser_filter' build argument 'cmake_target_skip_unavailable' from command line to 'False'
[0.452s] Level 5:colcon.colcon_core.verb:set package 'custom_laser_filter' build argument 'cmake_clean_cache' from command line to 'False'
[0.452s] Level 5:colcon.colcon_core.verb:set package 'custom_laser_filter' build argument 'cmake_clean_first' from command line to 'False'
[0.452s] Level 5:colcon.colcon_core.verb:set package 'custom_laser_filter' build argument 'cmake_force_configure' from command line to 'False'
[0.452s] Level 5:colcon.colcon_core.verb:set package 'custom_laser_filter' build argument 'ament_cmake_args' from command line to 'None'
[0.452s] Level 5:colcon.colcon_core.verb:set package 'custom_laser_filter' build argument 'catkin_cmake_args' from command line to 'None'
[0.453s] Level 5:colcon.colcon_core.verb:set package 'custom_laser_filter' build argument 'catkin_skip_building_tests' from command line to 'False'
[0.453s] DEBUG:colcon.colcon_core.verb:Building package 'custom_laser_filter' with the following arguments: {'ament_cmake_args': None, 'build_base': '/home/duo/dev_ws/build/custom_laser_filter', 'catkin_cmake_args': None, 'catkin_skip_building_tests': False, 'cmake_args': None, 'cmake_clean_cache': False, 'cmake_clean_first': False, 'cmake_force_configure': False, 'cmake_target': None, 'cmake_target_skip_unavailable': False, 'install_base': '/home/duo/dev_ws/install/custom_laser_filter', 'merge_install': False, 'path': '/home/duo/dev_ws/src/custom_laser_filter', 'symlink_install': True, 'test_result_base': None}
[0.453s] Level 5:colcon.colcon_core.verb:set package 'duobot_one' build argument 'cmake_args' from command line to 'None'
[0.453s] Level 5:colcon.colcon_core.verb:set package 'duobot_one' build argument 'cmake_target' from command line to 'None'
[0.453s] Level 5:colcon.colcon_core.verb:set package 'duobot_one' build argument 'cmake_target_skip_unavailable' from command line to 'False'
[0.453s] Level 5:colcon.colcon_core.verb:set package 'duobot_one' build argument 'cmake_clean_cache' from command line to 'False'
[0.453s] Level 5:colcon.colcon_core.verb:set package 'duobot_one' build argument 'cmake_clean_first' from command line to 'False'
[0.453s] Level 5:colcon.colcon_core.verb:set package 'duobot_one' build argument 'cmake_force_configure' from command line to 'False'
[0.453s] Level 5:colcon.colcon_core.verb:set package 'duobot_one' build argument 'ament_cmake_args' from command line to 'None'
[0.453s] Level 5:colcon.colcon_core.verb:set package 'duobot_one' build argument 'catkin_cmake_args' from command line to 'None'
[0.453s] Level 5:colcon.colcon_core.verb:set package 'duobot_one' build argument 'catkin_skip_building_tests' from command line to 'False'
[0.453s] DEBUG:colcon.colcon_core.verb:Building package 'duobot_one' with the following arguments: {'ament_cmake_args': None, 'build_base': '/home/duo/dev_ws/build/duobot_one', 'catkin_cmake_args': None, 'catkin_skip_building_tests': False, 'cmake_args': None, 'cmake_clean_cache': False, 'cmake_clean_first': False, 'cmake_force_configure': False, 'cmake_target': None, 'cmake_target_skip_unavailable': False, 'install_base': '/home/duo/dev_ws/install/duobot_one', 'merge_install': False, 'path': '/home/duo/dev_ws/src/duobot_one', 'symlink_install': True, 'test_result_base': None}
[0.454s] Level 5:colcon.colcon_core.verb:set package 'hinson_hardware' build argument 'cmake_args' from command line to 'None'
[0.454s] Level 5:colcon.colcon_core.verb:set package 'hinson_hardware' build argument 'cmake_target' from command line to 'None'
[0.454s] Level 5:colcon.colcon_core.verb:set package 'hinson_hardware' build argument 'cmake_target_skip_unavailable' from command line to 'False'
[0.454s] Level 5:colcon.colcon_core.verb:set package 'hinson_hardware' build argument 'cmake_clean_cache' from command line to 'False'
[0.454s] Level 5:colcon.colcon_core.verb:set package 'hinson_hardware' build argument 'cmake_clean_first' from command line to 'False'
[0.454s] Level 5:colcon.colcon_core.verb:set package 'hinson_hardware' build argument 'cmake_force_configure' from command line to 'False'
[0.454s] Level 5:colcon.colcon_core.verb:set package 'hinson_hardware' build argument 'ament_cmake_args' from command line to 'None'
[0.454s] Level 5:colcon.colcon_core.verb:set package 'hinson_hardware' build argument 'catkin_cmake_args' from command line to 'None'
[0.454s] Level 5:colcon.colcon_core.verb:set package 'hinson_hardware' build argument 'catkin_skip_building_tests' from command line to 'False'
[0.454s] DEBUG:colcon.colcon_core.verb:Building package 'hinson_hardware' with the following arguments: {'ament_cmake_args': None, 'build_base': '/home/duo/dev_ws/build/hinson_hardware', 'catkin_cmake_args': None, 'catkin_skip_building_tests': False, 'cmake_args': None, 'cmake_clean_cache': False, 'cmake_clean_first': False, 'cmake_force_configure': False, 'cmake_target': None, 'cmake_target_skip_unavailable': False, 'install_base': '/home/duo/dev_ws/install/hinson_hardware', 'merge_install': False, 'path': '/home/duo/dev_ws/src/hinson_hardware', 'symlink_install': True, 'test_result_base': None}
[0.454s] Level 5:colcon.colcon_core.verb:set package 'lap_thu_amr_description' build argument 'cmake_args' from command line to 'None'
[0.454s] Level 5:colcon.colcon_core.verb:set package 'lap_thu_amr_description' build argument 'cmake_target' from command line to 'None'
[0.454s] Level 5:colcon.colcon_core.verb:set package 'lap_thu_amr_description' build argument 'cmake_target_skip_unavailable' from command line to 'False'
[0.454s] Level 5:colcon.colcon_core.verb:set package 'lap_thu_amr_description' build argument 'cmake_clean_cache' from command line to 'False'
[0.454s] Level 5:colcon.colcon_core.verb:set package 'lap_thu_amr_description' build argument 'cmake_clean_first' from command line to 'False'
[0.454s] Level 5:colcon.colcon_core.verb:set package 'lap_thu_amr_description' build argument 'cmake_force_configure' from command line to 'False'
[0.454s] Level 5:colcon.colcon_core.verb:set package 'lap_thu_amr_description' build argument 'ament_cmake_args' from command line to 'None'
[0.454s] Level 5:colcon.colcon_core.verb:set package 'lap_thu_amr_description' build argument 'catkin_cmake_args' from command line to 'None'
[0.454s] Level 5:colcon.colcon_core.verb:set package 'lap_thu_amr_description' build argument 'catkin_skip_building_tests' from command line to 'False'
[0.454s] DEBUG:colcon.colcon_core.verb:Building package 'lap_thu_amr_description' with the following arguments: {'ament_cmake_args': None, 'build_base': '/home/duo/dev_ws/build/lap_thu_amr_description', 'catkin_cmake_args': None, 'catkin_skip_building_tests': False, 'cmake_args': None, 'cmake_clean_cache': False, 'cmake_clean_first': False, 'cmake_force_configure': False, 'cmake_target': None, 'cmake_target_skip_unavailable': False, 'install_base': '/home/duo/dev_ws/install/lap_thu_amr_description', 'merge_install': False, 'path': '/home/duo/dev_ws/src/lap_thu_amr_description', 'symlink_install': True, 'test_result_base': None}
[0.454s] INFO:colcon.colcon_core.executor:Executing jobs using 'parallel' executor
[0.456s] DEBUG:colcon.colcon_parallel_executor.executor.parallel:run_until_complete
[0.456s] INFO:colcon.colcon_ros.task.ament_cmake.build:Building ROS package in '/home/duo/dev_ws/src/amr_lan_2' with build type 'ament_cmake'
[0.456s] INFO:colcon.colcon_cmake.task.cmake.build:Building CMake package in '/home/duo/dev_ws/src/amr_lan_2'
[0.459s] INFO:colcon.colcon_core.plugin_system:Skipping extension 'colcon_core.shell.bat': Not used on non-Windows systems
[0.459s] INFO:colcon.colcon_core.shell:Skip shell extension 'powershell' for command environment: Not usable outside of PowerShell
[0.459s] DEBUG:colcon.colcon_core.shell:Skip shell extension 'dsv' for command environment
[0.464s] INFO:colcon.colcon_ros.task.ament_cmake.build:Building ROS package in '/home/duo/dev_ws/src/amr_lan_2_mesh' with build type 'ament_cmake'
[0.464s] INFO:colcon.colcon_cmake.task.cmake.build:Building CMake package in '/home/duo/dev_ws/src/amr_lan_2_mesh'
[0.465s] INFO:colcon.colcon_core.shell:Skip shell extension 'powershell' for command environment: Not usable outside of PowerShell
[0.465s] DEBUG:colcon.colcon_core.shell:Skip shell extension 'dsv' for command environment
[0.470s] INFO:colcon.colcon_ros.task.ament_python.build:Building ROS package in '/home/duo/dev_ws/src/custom_laser_filter' with build type 'ament_python'
[0.470s] Level 1:colcon.colcon_core.shell:create_environment_hook('custom_laser_filter', 'ament_prefix_path')
[0.470s] INFO:colcon.colcon_core.shell:Creating environment hook '/home/duo/dev_ws/install/custom_laser_filter/share/custom_laser_filter/hook/ament_prefix_path.ps1'
[0.471s] INFO:colcon.colcon_core.shell:Creating environment descriptor '/home/duo/dev_ws/install/custom_laser_filter/share/custom_laser_filter/hook/ament_prefix_path.dsv'
[0.472s] INFO:colcon.colcon_core.shell:Creating environment hook '/home/duo/dev_ws/install/custom_laser_filter/share/custom_laser_filter/hook/ament_prefix_path.sh'
[0.473s] INFO:colcon.colcon_core.shell:Skip shell extension 'powershell' for command environment: Not usable outside of PowerShell
[0.473s] DEBUG:colcon.colcon_core.shell:Skip shell extension 'dsv' for command environment
[0.480s] INFO:colcon.colcon_ros.task.ament_cmake.build:Building ROS package in '/home/duo/dev_ws/src/duobot_one' with build type 'ament_cmake'
[0.480s] INFO:colcon.colcon_cmake.task.cmake.build:Building CMake package in '/home/duo/dev_ws/src/duobot_one'
[0.480s] INFO:colcon.colcon_core.shell:Skip shell extension 'powershell' for command environment: Not usable outside of PowerShell
[0.480s] DEBUG:colcon.colcon_core.shell:Skip shell extension 'dsv' for command environment
[0.486s] INFO:colcon.colcon_ros.task.ament_cmake.build:Building ROS package in '/home/duo/dev_ws/src/hinson_hardware' with build type 'ament_cmake'
[0.486s] INFO:colcon.colcon_cmake.task.cmake.build:Building CMake package in '/home/duo/dev_ws/src/hinson_hardware'
[0.486s] INFO:colcon.colcon_core.shell:Skip shell extension 'powershell' for command environment: Not usable outside of PowerShell
[0.486s] DEBUG:colcon.colcon_core.shell:Skip shell extension 'dsv' for command environment
[0.492s] INFO:colcon.colcon_ros.task.ament_cmake.build:Building ROS package in '/home/duo/dev_ws/src/lap_thu_amr_description' with build type 'ament_cmake'
[0.492s] INFO:colcon.colcon_cmake.task.cmake.build:Building CMake package in '/home/duo/dev_ws/src/lap_thu_amr_description'
[0.492s] INFO:colcon.colcon_core.shell:Skip shell extension 'powershell' for command environment: Not usable outside of PowerShell
[0.493s] DEBUG:colcon.colcon_core.shell:Skip shell extension 'dsv' for command environment
[0.505s] DEBUG:colcon.colcon_core.event_handler.log_command:Invoking command in '/home/duo/dev_ws/build/amr_lan_2': CMAKE_PREFIX_PATH=${CMAKE_PREFIX_PATH}:/home/duo/dev_ws/install/custom_laser_filter:/opt/ros/humble /usr/bin/cmake --build /home/duo/dev_ws/build/amr_lan_2 -- -j8 -l8
[0.509s] DEBUG:colcon.colcon_core.event_handler.log_command:Invoking command in '/home/duo/dev_ws/build/amr_lan_2_mesh': CMAKE_PREFIX_PATH=${CMAKE_PREFIX_PATH}:/home/duo/dev_ws/install/custom_laser_filter:/opt/ros/humble /usr/bin/cmake --build /home/duo/dev_ws/build/amr_lan_2_mesh -- -j8 -l8
[0.829s] INFO:colcon.colcon_core.task.python.build:Building Python package in '/home/duo/dev_ws/src/custom_laser_filter'
[0.829s] INFO:colcon.colcon_core.shell:Skip shell extension 'powershell' for command environment: Not usable outside of PowerShell
[0.829s] DEBUG:colcon.colcon_core.shell:Skip shell extension 'dsv' for command environment
[0.840s] DEBUG:colcon.colcon_core.event_handler.log_command:Invoking command in '/home/duo/dev_ws/build/duobot_one': CMAKE_PREFIX_PATH=${CMAKE_PREFIX_PATH}:/home/duo/dev_ws/install/custom_laser_filter:/opt/ros/humble /usr/bin/cmake --build /home/duo/dev_ws/build/duobot_one -- -j8 -l8
[0.844s] DEBUG:colcon.colcon_core.event_handler.log_command:Invoking command in '/home/duo/dev_ws/build/hinson_hardware': CMAKE_PREFIX_PATH=${CMAKE_PREFIX_PATH}:/home/duo/dev_ws/install/custom_laser_filter:/opt/ros/humble /usr/bin/cmake --build /home/duo/dev_ws/build/hinson_hardware -- -j8 -l8
[0.851s] DEBUG:colcon.colcon_core.event_handler.log_command:Invoking command in '/home/duo/dev_ws/build/lap_thu_amr_description': CMAKE_PREFIX_PATH=${CMAKE_PREFIX_PATH}:/home/duo/dev_ws/install/custom_laser_filter:/opt/ros/humble /usr/bin/cmake --build /home/duo/dev_ws/build/lap_thu_amr_description -- -j8 -l8
[0.851s] DEBUG:colcon.colcon_core.event_handler.log_command:Invoked command in '/home/duo/dev_ws/build/amr_lan_2_mesh' returned '0': CMAKE_PREFIX_PATH=${CMAKE_PREFIX_PATH}:/home/duo/dev_ws/install/custom_laser_filter:/opt/ros/humble /usr/bin/cmake --build /home/duo/dev_ws/build/amr_lan_2_mesh -- -j8 -l8
[0.863s] DEBUG:colcon.colcon_core.event_handler.log_command:Invoking command in '/home/duo/dev_ws/build/amr_lan_2_mesh': CMAKE_PREFIX_PATH=${CMAKE_PREFIX_PATH}:/home/duo/dev_ws/install/custom_laser_filter:/opt/ros/humble /usr/bin/cmake --install /home/duo/dev_ws/build/amr_lan_2_mesh
[0.864s] DEBUG:colcon.colcon_core.event_handler.log_command:Invoked command in '/home/duo/dev_ws/build/amr_lan_2' returned '0': CMAKE_PREFIX_PATH=${CMAKE_PREFIX_PATH}:/home/duo/dev_ws/install/custom_laser_filter:/opt/ros/humble /usr/bin/cmake --build /home/duo/dev_ws/build/amr_lan_2 -- -j8 -l8
[0.869s] DEBUG:colcon.colcon_core.event_handler.log_command:Invoking command in '/home/duo/dev_ws/build/amr_lan_2': CMAKE_PREFIX_PATH=${CMAKE_PREFIX_PATH}:/home/duo/dev_ws/install/custom_laser_filter:/opt/ros/humble /usr/bin/cmake --install /home/duo/dev_ws/build/amr_lan_2
[0.909s] Level 1:colcon.colcon_core.environment:create_environment_scripts_only(amr_lan_2_mesh)
[0.909s] DEBUG:colcon.colcon_core.event_handler.log_command:Invoked command in '/home/duo/dev_ws/build/amr_lan_2_mesh' returned '0': CMAKE_PREFIX_PATH=${CMAKE_PREFIX_PATH}:/home/duo/dev_ws/install/custom_laser_filter:/opt/ros/humble /usr/bin/cmake --install /home/duo/dev_ws/build/amr_lan_2_mesh
[0.914s] Level 1:colcon.colcon_core.environment:checking '/home/duo/dev_ws/install/amr_lan_2_mesh' for CMake module files
[0.915s] Level 1:colcon.colcon_core.environment:checking '/home/duo/dev_ws/install/amr_lan_2_mesh' for CMake config files
[0.916s] Level 1:colcon.colcon_core.shell:create_environment_hook('amr_lan_2_mesh', 'cmake_prefix_path')
[0.916s] INFO:colcon.colcon_core.shell:Creating environment hook '/home/duo/dev_ws/install/amr_lan_2_mesh/share/amr_lan_2_mesh/hook/cmake_prefix_path.ps1'
[0.917s] INFO:colcon.colcon_core.shell:Creating environment descriptor '/home/duo/dev_ws/install/amr_lan_2_mesh/share/amr_lan_2_mesh/hook/cmake_prefix_path.dsv'
[0.918s] INFO:colcon.colcon_core.shell:Creating environment hook '/home/duo/dev_ws/install/amr_lan_2_mesh/share/amr_lan_2_mesh/hook/cmake_prefix_path.sh'
[0.919s] Level 1:colcon.colcon_core.environment:checking '/home/duo/dev_ws/install/amr_lan_2_mesh/bin'
[0.919s] Level 1:colcon.colcon_core.environment:checking '/home/duo/dev_ws/install/amr_lan_2_mesh/lib/pkgconfig/amr_lan_2_mesh.pc'
[0.919s] Level 1:colcon.colcon_core.environment:checking '/home/duo/dev_ws/install/amr_lan_2_mesh/lib/python3.10/site-packages'
[0.920s] Level 1:colcon.colcon_core.environment:checking '/home/duo/dev_ws/install/amr_lan_2_mesh/bin'
[0.920s] INFO:colcon.colcon_core.shell:Creating package script '/home/duo/dev_ws/install/amr_lan_2_mesh/share/amr_lan_2_mesh/package.ps1'
[0.922s] INFO:colcon.colcon_core.shell:Creating package descriptor '/home/duo/dev_ws/install/amr_lan_2_mesh/share/amr_lan_2_mesh/package.dsv'
[0.923s] INFO:colcon.colcon_core.shell:Creating package script '/home/duo/dev_ws/install/amr_lan_2_mesh/share/amr_lan_2_mesh/package.sh'
[0.924s] INFO:colcon.colcon_core.shell:Creating package script '/home/duo/dev_ws/install/amr_lan_2_mesh/share/amr_lan_2_mesh/package.bash'
[0.925s] INFO:colcon.colcon_core.shell:Creating package script '/home/duo/dev_ws/install/amr_lan_2_mesh/share/amr_lan_2_mesh/package.zsh'
[0.926s] Level 1:colcon.colcon_core.environment:create_file_with_runtime_dependencies(/home/duo/dev_ws/install/amr_lan_2_mesh/share/colcon-core/packages/amr_lan_2_mesh)
[0.926s] Level 1:colcon.colcon_core.environment:create_environment_scripts_only(amr_lan_2_mesh)
[0.927s] Level 1:colcon.colcon_core.environment:checking '/home/duo/dev_ws/install/amr_lan_2_mesh' for CMake module files
[0.927s] Level 1:colcon.colcon_core.environment:checking '/home/duo/dev_ws/install/amr_lan_2_mesh' for CMake config files
[0.928s] Level 1:colcon.colcon_core.shell:create_environment_hook('amr_lan_2_mesh', 'cmake_prefix_path')
[0.928s] INFO:colcon.colcon_core.shell:Creating environment hook '/home/duo/dev_ws/install/amr_lan_2_mesh/share/amr_lan_2_mesh/hook/cmake_prefix_path.ps1'
[0.929s] INFO:colcon.colcon_core.shell:Creating environment descriptor '/home/duo/dev_ws/install/amr_lan_2_mesh/share/amr_lan_2_mesh/hook/cmake_prefix_path.dsv'
[0.930s] INFO:colcon.colcon_core.shell:Creating environment hook '/home/duo/dev_ws/install/amr_lan_2_mesh/share/amr_lan_2_mesh/hook/cmake_prefix_path.sh'
[0.930s] Level 1:colcon.colcon_core.environment:checking '/home/duo/dev_ws/install/amr_lan_2_mesh/bin'
[0.930s] Level 1:colcon.colcon_core.environment:checking '/home/duo/dev_ws/install/amr_lan_2_mesh/lib/pkgconfig/amr_lan_2_mesh.pc'
[0.931s] Level 1:colcon.colcon_core.environment:checking '/home/duo/dev_ws/install/amr_lan_2_mesh/lib/python3.10/site-packages'
[0.931s] Level 1:colcon.colcon_core.environment:checking '/home/duo/dev_ws/install/amr_lan_2_mesh/bin'
[0.931s] INFO:colcon.colcon_core.shell:Creating package script '/home/duo/dev_ws/install/amr_lan_2_mesh/share/amr_lan_2_mesh/package.ps1'
[0.932s] INFO:colcon.colcon_core.shell:Creating package descriptor '/home/duo/dev_ws/install/amr_lan_2_mesh/share/amr_lan_2_mesh/package.dsv'
[0.933s] INFO:colcon.colcon_core.shell:Creating package script '/home/duo/dev_ws/install/amr_lan_2_mesh/share/amr_lan_2_mesh/package.sh'
[0.934s] INFO:colcon.colcon_core.shell:Creating package script '/home/duo/dev_ws/install/amr_lan_2_mesh/share/amr_lan_2_mesh/package.bash'
[0.934s] INFO:colcon.colcon_core.shell:Creating package script '/home/duo/dev_ws/install/amr_lan_2_mesh/share/amr_lan_2_mesh/package.zsh'
[0.935s] Level 1:colcon.colcon_core.environment:create_file_with_runtime_dependencies(/home/duo/dev_ws/install/amr_lan_2_mesh/share/colcon-core/packages/amr_lan_2_mesh)
[0.937s] DEBUG:colcon.colcon_core.event_handler.log_command:Invoked command in '/home/duo/dev_ws/build/lap_thu_amr_description' returned '0': CMAKE_PREFIX_PATH=${CMAKE_PREFIX_PATH}:/home/duo/dev_ws/install/custom_laser_filter:/opt/ros/humble /usr/bin/cmake --build /home/duo/dev_ws/build/lap_thu_amr_description -- -j8 -l8
[0.939s] Level 1:colcon.colcon_core.environment:create_environment_scripts_only(amr_lan_2)
[0.940s] Level 1:colcon.colcon_core.environment:checking '/home/duo/dev_ws/install/amr_lan_2' for CMake module files
[0.940s] DEBUG:colcon.colcon_core.event_handler.log_command:Invoking command in '/home/duo/dev_ws/build/lap_thu_amr_description': CMAKE_PREFIX_PATH=${CMAKE_PREFIX_PATH}:/home/duo/dev_ws/install/custom_laser_filter:/opt/ros/humble /usr/bin/cmake --install /home/duo/dev_ws/build/lap_thu_amr_description
[0.941s] DEBUG:colcon.colcon_core.event_handler.log_command:Invoked command in '/home/duo/dev_ws/build/amr_lan_2' returned '0': CMAKE_PREFIX_PATH=${CMAKE_PREFIX_PATH}:/home/duo/dev_ws/install/custom_laser_filter:/opt/ros/humble /usr/bin/cmake --install /home/duo/dev_ws/build/amr_lan_2
[0.941s] Level 1:colcon.colcon_core.environment:checking '/home/duo/dev_ws/install/amr_lan_2' for CMake config files
[0.942s] Level 1:colcon.colcon_core.shell:create_environment_hook('amr_lan_2', 'cmake_prefix_path')
[0.942s] INFO:colcon.colcon_core.shell:Creating environment hook '/home/duo/dev_ws/install/amr_lan_2/share/amr_lan_2/hook/cmake_prefix_path.ps1'
[0.943s] INFO:colcon.colcon_core.shell:Creating environment descriptor '/home/duo/dev_ws/install/amr_lan_2/share/amr_lan_2/hook/cmake_prefix_path.dsv'
[0.944s] INFO:colcon.colcon_core.shell:Creating environment hook '/home/duo/dev_ws/install/amr_lan_2/share/amr_lan_2/hook/cmake_prefix_path.sh'
[0.945s] Level 1:colcon.colcon_core.environment:checking '/home/duo/dev_ws/install/amr_lan_2/bin'
[0.945s] Level 1:colcon.colcon_core.environment:checking '/home/duo/dev_ws/install/amr_lan_2/lib/pkgconfig/amr_lan_2.pc'
[0.945s] Level 1:colcon.colcon_core.environment:checking '/home/duo/dev_ws/install/amr_lan_2/lib/python3.10/site-packages'
[0.946s] Level 1:colcon.colcon_core.environment:checking '/home/duo/dev_ws/install/amr_lan_2/bin'
[0.946s] INFO:colcon.colcon_core.shell:Creating package script '/home/duo/dev_ws/install/amr_lan_2/share/amr_lan_2/package.ps1'
[0.947s] INFO:colcon.colcon_core.shell:Creating package descriptor '/home/duo/dev_ws/install/amr_lan_2/share/amr_lan_2/package.dsv'
[0.948s] INFO:colcon.colcon_core.shell:Creating package script '/home/duo/dev_ws/install/amr_lan_2/share/amr_lan_2/package.sh'
[0.948s] INFO:colcon.colcon_core.shell:Creating package script '/home/duo/dev_ws/install/amr_lan_2/share/amr_lan_2/package.bash'
[0.949s] INFO:colcon.colcon_core.shell:Creating package script '/home/duo/dev_ws/install/amr_lan_2/share/amr_lan_2/package.zsh'
[0.950s] Level 1:colcon.colcon_core.environment:create_file_with_runtime_dependencies(/home/duo/dev_ws/install/amr_lan_2/share/colcon-core/packages/amr_lan_2)
[0.951s] Level 1:colcon.colcon_core.environment:create_environment_scripts_only(amr_lan_2)
[0.951s] Level 1:colcon.colcon_core.environment:checking '/home/duo/dev_ws/install/amr_lan_2' for CMake module files
[0.952s] Level 1:colcon.colcon_core.environment:checking '/home/duo/dev_ws/install/amr_lan_2' for CMake config files
[0.953s] Level 1:colcon.colcon_core.shell:create_environment_hook('amr_lan_2', 'cmake_prefix_path')
[0.954s] INFO:colcon.colcon_core.shell:Creating environment hook '/home/duo/dev_ws/install/amr_lan_2/share/amr_lan_2/hook/cmake_prefix_path.ps1'
[0.954s] INFO:colcon.colcon_core.shell:Creating environment descriptor '/home/duo/dev_ws/install/amr_lan_2/share/amr_lan_2/hook/cmake_prefix_path.dsv'
[0.955s] INFO:colcon.colcon_core.shell:Creating environment hook '/home/duo/dev_ws/install/amr_lan_2/share/amr_lan_2/hook/cmake_prefix_path.sh'
[0.956s] Level 1:colcon.colcon_core.environment:checking '/home/duo/dev_ws/install/amr_lan_2/bin'
[0.956s] Level 1:colcon.colcon_core.environment:checking '/home/duo/dev_ws/install/amr_lan_2/lib/pkgconfig/amr_lan_2.pc'
[0.956s] Level 1:colcon.colcon_core.environment:checking '/home/duo/dev_ws/install/amr_lan_2/lib/python3.10/site-packages'
[0.957s] Level 1:colcon.colcon_core.environment:checking '/home/duo/dev_ws/install/amr_lan_2/bin'
[0.958s] INFO:colcon.colcon_core.shell:Creating package script '/home/duo/dev_ws/install/amr_lan_2/share/amr_lan_2/package.ps1'
[0.959s] INFO:colcon.colcon_core.shell:Creating package descriptor '/home/duo/dev_ws/install/amr_lan_2/share/amr_lan_2/package.dsv'
[0.960s] INFO:colcon.colcon_core.shell:Creating package script '/home/duo/dev_ws/install/amr_lan_2/share/amr_lan_2/package.sh'
[0.961s] INFO:colcon.colcon_core.shell:Creating package script '/home/duo/dev_ws/install/amr_lan_2/share/amr_lan_2/package.bash'
[0.962s] INFO:colcon.colcon_core.shell:Creating package script '/home/duo/dev_ws/install/amr_lan_2/share/amr_lan_2/package.zsh'
[0.962s] Level 1:colcon.colcon_core.environment:create_file_with_runtime_dependencies(/home/duo/dev_ws/install/amr_lan_2/share/colcon-core/packages/amr_lan_2)
[0.965s] DEBUG:colcon.colcon_core.event_handler.log_command:Invoked command in '/home/duo/dev_ws/build/duobot_one' returned '0': CMAKE_PREFIX_PATH=${CMAKE_PREFIX_PATH}:/home/duo/dev_ws/install/custom_laser_filter:/opt/ros/humble /usr/bin/cmake --build /home/duo/dev_ws/build/duobot_one -- -j8 -l8
[0.973s] DEBUG:colcon.colcon_core.event_handler.log_command:Invoking command in '/home/duo/dev_ws/build/duobot_one': CMAKE_PREFIX_PATH=${CMAKE_PREFIX_PATH}:/home/duo/dev_ws/install/custom_laser_filter:/opt/ros/humble /usr/bin/cmake --install /home/duo/dev_ws/build/duobot_one
[0.973s] DEBUG:colcon.colcon_core.event_handler.log_command:Invoked command in '/home/duo/dev_ws/build/hinson_hardware' returned '0': CMAKE_PREFIX_PATH=${CMAKE_PREFIX_PATH}:/home/duo/dev_ws/install/custom_laser_filter:/opt/ros/humble /usr/bin/cmake --build /home/duo/dev_ws/build/hinson_hardware -- -j8 -l8
[0.976s] DEBUG:colcon.colcon_core.event_handler.log_command:Invoking command in '/home/duo/dev_ws/build/hinson_hardware': CMAKE_PREFIX_PATH=${CMAKE_PREFIX_PATH}:/home/duo/dev_ws/install/custom_laser_filter:/opt/ros/humble /usr/bin/cmake --install /home/duo/dev_ws/build/hinson_hardware
[0.979s] Level 1:colcon.colcon_core.environment:create_environment_scripts_only(lap_thu_amr_description)
[0.979s] Level 1:colcon.colcon_core.environment:checking '/home/duo/dev_ws/install/lap_thu_amr_description' for CMake module files
[0.980s] DEBUG:colcon.colcon_core.event_handler.log_command:Invoked command in '/home/duo/dev_ws/build/lap_thu_amr_description' returned '0': CMAKE_PREFIX_PATH=${CMAKE_PREFIX_PATH}:/home/duo/dev_ws/install/custom_laser_filter:/opt/ros/humble /usr/bin/cmake --install /home/duo/dev_ws/build/lap_thu_amr_description
[0.982s] Level 1:colcon.colcon_core.environment:checking '/home/duo/dev_ws/install/lap_thu_amr_description' for CMake config files
[0.986s] Level 1:colcon.colcon_core.shell:create_environment_hook('lap_thu_amr_description', 'cmake_prefix_path')
[0.987s] INFO:colcon.colcon_core.shell:Creating environment hook '/home/duo/dev_ws/install/lap_thu_amr_description/share/lap_thu_amr_description/hook/cmake_prefix_path.ps1'
[0.988s] INFO:colcon.colcon_core.shell:Creating environment descriptor '/home/duo/dev_ws/install/lap_thu_amr_description/share/lap_thu_amr_description/hook/cmake_prefix_path.dsv'
[0.989s] INFO:colcon.colcon_core.shell:Creating environment hook '/home/duo/dev_ws/install/lap_thu_amr_description/share/lap_thu_amr_description/hook/cmake_prefix_path.sh'
[0.990s] Level 1:colcon.colcon_core.environment:checking '/home/duo/dev_ws/install/lap_thu_amr_description/bin'
[0.991s] Level 1:colcon.colcon_core.environment:checking '/home/duo/dev_ws/install/lap_thu_amr_description/lib/pkgconfig/lap_thu_amr_description.pc'
[0.991s] Level 1:colcon.colcon_core.environment:checking '/home/duo/dev_ws/install/lap_thu_amr_description/lib/python3.10/site-packages'
[0.992s] Level 1:colcon.colcon_core.environment:checking '/home/duo/dev_ws/install/lap_thu_amr_description/bin'
[0.992s] INFO:colcon.colcon_core.shell:Creating package script '/home/duo/dev_ws/install/lap_thu_amr_description/share/lap_thu_amr_description/package.ps1'
[0.994s] INFO:colcon.colcon_core.shell:Creating package descriptor '/home/duo/dev_ws/install/lap_thu_amr_description/share/lap_thu_amr_description/package.dsv'
[0.995s] INFO:colcon.colcon_core.shell:Creating package script '/home/duo/dev_ws/install/lap_thu_amr_description/share/lap_thu_amr_description/package.sh'
[0.997s] INFO:colcon.colcon_core.shell:Creating package script '/home/duo/dev_ws/install/lap_thu_amr_description/share/lap_thu_amr_description/package.bash'
[0.998s] INFO:colcon.colcon_core.shell:Creating package script '/home/duo/dev_ws/install/lap_thu_amr_description/share/lap_thu_amr_description/package.zsh'
[0.999s] Level 1:colcon.colcon_core.environment:create_file_with_runtime_dependencies(/home/duo/dev_ws/install/lap_thu_amr_description/share/colcon-core/packages/lap_thu_amr_description)
[1.001s] Level 1:colcon.colcon_core.environment:create_environment_scripts_only(lap_thu_amr_description)
[1.001s] Level 1:colcon.colcon_core.environment:checking '/home/duo/dev_ws/install/lap_thu_amr_description' for CMake module files
[1.002s] Level 1:colcon.colcon_core.environment:checking '/home/duo/dev_ws/install/lap_thu_amr_description' for CMake config files
[1.004s] Level 1:colcon.colcon_core.shell:create_environment_hook('lap_thu_amr_description', 'cmake_prefix_path')
[1.005s] INFO:colcon.colcon_core.shell:Creating environment hook '/home/duo/dev_ws/install/lap_thu_amr_description/share/lap_thu_amr_description/hook/cmake_prefix_path.ps1'
[1.006s] INFO:colcon.colcon_core.shell:Creating environment descriptor '/home/duo/dev_ws/install/lap_thu_amr_description/share/lap_thu_amr_description/hook/cmake_prefix_path.dsv'
[1.006s] INFO:colcon.colcon_core.shell:Creating environment hook '/home/duo/dev_ws/install/lap_thu_amr_description/share/lap_thu_amr_description/hook/cmake_prefix_path.sh'
[1.007s] Level 1:colcon.colcon_core.environment:checking '/home/duo/dev_ws/install/lap_thu_amr_description/bin'
[1.007s] Level 1:colcon.colcon_core.environment:checking '/home/duo/dev_ws/install/lap_thu_amr_description/lib/pkgconfig/lap_thu_amr_description.pc'
[1.008s] Level 1:colcon.colcon_core.environment:checking '/home/duo/dev_ws/install/lap_thu_amr_description/lib/python3.10/site-packages'
[1.008s] Level 1:colcon.colcon_core.environment:checking '/home/duo/dev_ws/install/lap_thu_amr_description/bin'
[1.009s] INFO:colcon.colcon_core.shell:Creating package script '/home/duo/dev_ws/install/lap_thu_amr_description/share/lap_thu_amr_description/package.ps1'
[1.011s] INFO:colcon.colcon_core.shell:Creating package descriptor '/home/duo/dev_ws/install/lap_thu_amr_description/share/lap_thu_amr_description/package.dsv'
[1.012s] INFO:colcon.colcon_core.shell:Creating package script '/home/duo/dev_ws/install/lap_thu_amr_description/share/lap_thu_amr_description/package.sh'
[1.013s] INFO:colcon.colcon_core.shell:Creating package script '/home/duo/dev_ws/install/lap_thu_amr_description/share/lap_thu_amr_description/package.bash'
[1.014s] INFO:colcon.colcon_core.shell:Creating package script '/home/duo/dev_ws/install/lap_thu_amr_description/share/lap_thu_amr_description/package.zsh'
[1.015s] Level 1:colcon.colcon_core.environment:create_file_with_runtime_dependencies(/home/duo/dev_ws/install/lap_thu_amr_description/share/colcon-core/packages/lap_thu_amr_description)
[1.016s] Level 1:colcon.colcon_core.environment:create_environment_scripts_only(duobot_one)
[1.017s] Level 1:colcon.colcon_core.environment:checking '/home/duo/dev_ws/install/duobot_one' for CMake module files
[1.018s] DEBUG:colcon.colcon_core.event_handler.log_command:Invoked command in '/home/duo/dev_ws/build/duobot_one' returned '0': CMAKE_PREFIX_PATH=${CMAKE_PREFIX_PATH}:/home/duo/dev_ws/install/custom_laser_filter:/opt/ros/humble /usr/bin/cmake --install /home/duo/dev_ws/build/duobot_one
[1.018s] Level 1:colcon.colcon_core.environment:checking '/home/duo/dev_ws/install/duobot_one' for CMake config files
[1.019s] Level 1:colcon.colcon_core.shell:create_environment_hook('duobot_one', 'cmake_prefix_path')
[1.019s] INFO:colcon.colcon_core.shell:Creating environment hook '/home/duo/dev_ws/install/duobot_one/share/duobot_one/hook/cmake_prefix_path.ps1'
[1.020s] INFO:colcon.colcon_core.shell:Creating environment descriptor '/home/duo/dev_ws/install/duobot_one/share/duobot_one/hook/cmake_prefix_path.dsv'
[1.021s] INFO:colcon.colcon_core.shell:Creating environment hook '/home/duo/dev_ws/install/duobot_one/share/duobot_one/hook/cmake_prefix_path.sh'
[1.021s] Level 1:colcon.colcon_core.environment:checking '/home/duo/dev_ws/install/duobot_one/bin'
[1.022s] Level 1:colcon.colcon_core.environment:checking '/home/duo/dev_ws/install/duobot_one/lib/pkgconfig/duobot_one.pc'
[1.022s] Level 1:colcon.colcon_core.environment:checking '/home/duo/dev_ws/install/duobot_one/lib/python3.10/site-packages'
[1.022s] Level 1:colcon.colcon_core.environment:checking '/home/duo/dev_ws/install/duobot_one/bin'
[1.023s] INFO:colcon.colcon_core.shell:Creating package script '/home/duo/dev_ws/install/duobot_one/share/duobot_one/package.ps1'
[1.024s] INFO:colcon.colcon_core.shell:Creating package descriptor '/home/duo/dev_ws/install/duobot_one/share/duobot_one/package.dsv'
[1.025s] INFO:colcon.colcon_core.shell:Creating package script '/home/duo/dev_ws/install/duobot_one/share/duobot_one/package.sh'
[1.025s] INFO:colcon.colcon_core.shell:Creating package script '/home/duo/dev_ws/install/duobot_one/share/duobot_one/package.bash'
[1.026s] INFO:colcon.colcon_core.shell:Creating package script '/home/duo/dev_ws/install/duobot_one/share/duobot_one/package.zsh'
[1.027s] Level 1:colcon.colcon_core.environment:create_file_with_runtime_dependencies(/home/duo/dev_ws/install/duobot_one/share/colcon-core/packages/duobot_one)
[1.027s] Level 1:colcon.colcon_core.environment:create_environment_scripts_only(duobot_one)
[1.028s] Level 1:colcon.colcon_core.environment:checking '/home/duo/dev_ws/install/duobot_one' for CMake module files
[1.029s] Level 1:colcon.colcon_core.environment:checking '/home/duo/dev_ws/install/duobot_one' for CMake config files
[1.029s] Level 1:colcon.colcon_core.shell:create_environment_hook('duobot_one', 'cmake_prefix_path')
[1.030s] INFO:colcon.colcon_core.shell:Creating environment hook '/home/duo/dev_ws/install/duobot_one/share/duobot_one/hook/cmake_prefix_path.ps1'
[1.031s] INFO:colcon.colcon_core.shell:Creating environment descriptor '/home/duo/dev_ws/install/duobot_one/share/duobot_one/hook/cmake_prefix_path.dsv'
[1.031s] INFO:colcon.colcon_core.shell:Creating environment hook '/home/duo/dev_ws/install/duobot_one/share/duobot_one/hook/cmake_prefix_path.sh'
[1.032s] Level 1:colcon.colcon_core.environment:checking '/home/duo/dev_ws/install/duobot_one/bin'
[1.032s] Level 1:colcon.colcon_core.environment:checking '/home/duo/dev_ws/install/duobot_one/lib/pkgconfig/duobot_one.pc'
[1.033s] Level 1:colcon.colcon_core.environment:checking '/home/duo/dev_ws/install/duobot_one/lib/python3.10/site-packages'
[1.033s] Level 1:colcon.colcon_core.environment:checking '/home/duo/dev_ws/install/duobot_one/bin'
[1.034s] INFO:colcon.colcon_core.shell:Creating package script '/home/duo/dev_ws/install/duobot_one/share/duobot_one/package.ps1'
[1.035s] INFO:colcon.colcon_core.shell:Creating package descriptor '/home/duo/dev_ws/install/duobot_one/share/duobot_one/package.dsv'
[1.036s] INFO:colcon.colcon_core.shell:Creating package script '/home/duo/dev_ws/install/duobot_one/share/duobot_one/package.sh'
[1.037s] INFO:colcon.colcon_core.shell:Creating package script '/home/duo/dev_ws/install/duobot_one/share/duobot_one/package.bash'
[1.038s] INFO:colcon.colcon_core.shell:Creating package script '/home/duo/dev_ws/install/duobot_one/share/duobot_one/package.zsh'
[1.039s] Level 1:colcon.colcon_core.environment:create_file_with_runtime_dependencies(/home/duo/dev_ws/install/duobot_one/share/colcon-core/packages/duobot_one)
[1.039s] Level 1:colcon.colcon_core.environment:create_environment_scripts_only(hinson_hardware)
[1.040s] Level 1:colcon.colcon_core.environment:checking '/home/duo/dev_ws/install/hinson_hardware' for CMake module files
[1.041s] Level 1:colcon.colcon_core.environment:checking '/home/duo/dev_ws/install/hinson_hardware' for CMake config files
[1.041s] DEBUG:colcon.colcon_core.event_handler.log_command:Invoked command in '/home/duo/dev_ws/build/hinson_hardware' returned '0': CMAKE_PREFIX_PATH=${CMAKE_PREFIX_PATH}:/home/duo/dev_ws/install/custom_laser_filter:/opt/ros/humble /usr/bin/cmake --install /home/duo/dev_ws/build/hinson_hardware
[1.042s] Level 1:colcon.colcon_core.shell:create_environment_hook('hinson_hardware', 'cmake_prefix_path')
[1.042s] INFO:colcon.colcon_core.shell:Creating environment hook '/home/duo/dev_ws/install/hinson_hardware/share/hinson_hardware/hook/cmake_prefix_path.ps1'
[1.043s] INFO:colcon.colcon_core.shell:Creating environment descriptor '/home/duo/dev_ws/install/hinson_hardware/share/hinson_hardware/hook/cmake_prefix_path.dsv'
[1.043s] INFO:colcon.colcon_core.shell:Creating environment hook '/home/duo/dev_ws/install/hinson_hardware/share/hinson_hardware/hook/cmake_prefix_path.sh'
[1.044s] Level 1:colcon.colcon_core.environment:checking '/home/duo/dev_ws/install/hinson_hardware/lib'
[1.044s] Level 1:colcon.colcon_core.shell:create_environment_hook('hinson_hardware', 'ld_library_path_lib')
[1.044s] INFO:colcon.colcon_core.shell:Creating environment hook '/home/duo/dev_ws/install/hinson_hardware/share/hinson_hardware/hook/ld_library_path_lib.ps1'
[1.045s] INFO:colcon.colcon_core.shell:Creating environment descriptor '/home/duo/dev_ws/install/hinson_hardware/share/hinson_hardware/hook/ld_library_path_lib.dsv'
[1.045s] INFO:colcon.colcon_core.shell:Creating environment hook '/home/duo/dev_ws/install/hinson_hardware/share/hinson_hardware/hook/ld_library_path_lib.sh'
[1.046s] Level 1:colcon.colcon_core.environment:checking '/home/duo/dev_ws/install/hinson_hardware/bin'
[1.046s] Level 1:colcon.colcon_core.environment:checking '/home/duo/dev_ws/install/hinson_hardware/lib/pkgconfig/hinson_hardware.pc'
[1.046s] Level 1:colcon.colcon_core.environment:checking '/home/duo/dev_ws/install/hinson_hardware/lib/python3.10/site-packages'
[1.046s] Level 1:colcon.colcon_core.environment:checking '/home/duo/dev_ws/install/hinson_hardware/bin'
[1.047s] INFO:colcon.colcon_core.shell:Creating package script '/home/duo/dev_ws/install/hinson_hardware/share/hinson_hardware/package.ps1'
[1.048s] INFO:colcon.colcon_core.shell:Creating package descriptor '/home/duo/dev_ws/install/hinson_hardware/share/hinson_hardware/package.dsv'
[1.048s] INFO:colcon.colcon_core.shell:Creating package script '/home/duo/dev_ws/install/hinson_hardware/share/hinson_hardware/package.sh'
[1.049s] INFO:colcon.colcon_core.shell:Creating package script '/home/duo/dev_ws/install/hinson_hardware/share/hinson_hardware/package.bash'
[1.049s] INFO:colcon.colcon_core.shell:Creating package script '/home/duo/dev_ws/install/hinson_hardware/share/hinson_hardware/package.zsh'
[1.050s] Level 1:colcon.colcon_core.environment:create_file_with_runtime_dependencies(/home/duo/dev_ws/install/hinson_hardware/share/colcon-core/packages/hinson_hardware)
[1.050s] Level 1:colcon.colcon_core.environment:create_environment_scripts_only(hinson_hardware)
[1.051s] Level 1:colcon.colcon_core.environment:checking '/home/duo/dev_ws/install/hinson_hardware' for CMake module files
[1.051s] Level 1:colcon.colcon_core.environment:checking '/home/duo/dev_ws/install/hinson_hardware' for CMake config files
[1.051s] Level 1:colcon.colcon_core.shell:create_environment_hook('hinson_hardware', 'cmake_prefix_path')
[1.052s] INFO:colcon.colcon_core.shell:Creating environment hook '/home/duo/dev_ws/install/hinson_hardware/share/hinson_hardware/hook/cmake_prefix_path.ps1'
[1.052s] INFO:colcon.colcon_core.shell:Creating environment descriptor '/home/duo/dev_ws/install/hinson_hardware/share/hinson_hardware/hook/cmake_prefix_path.dsv'
[1.053s] INFO:colcon.colcon_core.shell:Creating environment hook '/home/duo/dev_ws/install/hinson_hardware/share/hinson_hardware/hook/cmake_prefix_path.sh'
[1.053s] Level 1:colcon.colcon_core.environment:checking '/home/duo/dev_ws/install/hinson_hardware/lib'
[1.053s] Level 1:colcon.colcon_core.shell:create_environment_hook('hinson_hardware', 'ld_library_path_lib')
[1.054s] INFO:colcon.colcon_core.shell:Creating environment hook '/home/duo/dev_ws/install/hinson_hardware/share/hinson_hardware/hook/ld_library_path_lib.ps1'
[1.054s] INFO:colcon.colcon_core.shell:Creating environment descriptor '/home/duo/dev_ws/install/hinson_hardware/share/hinson_hardware/hook/ld_library_path_lib.dsv'
[1.055s] INFO:colcon.colcon_core.shell:Creating environment hook '/home/duo/dev_ws/install/hinson_hardware/share/hinson_hardware/hook/ld_library_path_lib.sh'
[1.055s] Level 1:colcon.colcon_core.environment:checking '/home/duo/dev_ws/install/hinson_hardware/bin'
[1.055s] Level 1:colcon.colcon_core.environment:checking '/home/duo/dev_ws/install/hinson_hardware/lib/pkgconfig/hinson_hardware.pc'
[1.055s] Level 1:colcon.colcon_core.environment:checking '/home/duo/dev_ws/install/hinson_hardware/lib/python3.10/site-packages'
[1.056s] Level 1:colcon.colcon_core.environment:checking '/home/duo/dev_ws/install/hinson_hardware/bin'
[1.056s] INFO:colcon.colcon_core.shell:Creating package script '/home/duo/dev_ws/install/hinson_hardware/share/hinson_hardware/package.ps1'
[1.057s] INFO:colcon.colcon_core.shell:Creating package descriptor '/home/duo/dev_ws/install/hinson_hardware/share/hinson_hardware/package.dsv'
[1.058s] INFO:colcon.colcon_core.shell:Creating package script '/home/duo/dev_ws/install/hinson_hardware/share/hinson_hardware/package.sh'
[1.058s] INFO:colcon.colcon_core.shell:Creating package script '/home/duo/dev_ws/install/hinson_hardware/share/hinson_hardware/package.bash'
[1.059s] INFO:colcon.colcon_core.shell:Creating package script '/home/duo/dev_ws/install/hinson_hardware/share/hinson_hardware/package.zsh'
[1.059s] Level 1:colcon.colcon_core.environment:create_file_with_runtime_dependencies(/home/duo/dev_ws/install/hinson_hardware/share/colcon-core/packages/hinson_hardware)
[1.375s] DEBUG:colcon.colcon_core.event_handler.log_command:Invoking command in '/home/duo/dev_ws/build/custom_laser_filter': PYTHONPATH=/home/duo/dev_ws/build/custom_laser_filter/prefix_override:/usr/lib/python3/dist-packages/colcon_core/task/python/colcon_distutils_commands:/home/duo/dev_ws/install/custom_laser_filter/lib/python3.10/site-packages:${PYTHONPATH} /usr/bin/python3 -W ignore:setup.py install is deprecated -W ignore:easy_install command is deprecated setup.py develop --editable --build-directory /home/duo/dev_ws/build/custom_laser_filter/build --no-deps symlink_data
[1.947s] Level 1:colcon.colcon_core.shell:create_environment_hook('custom_laser_filter', 'pythonpath_develop')
[1.948s] INFO:colcon.colcon_core.shell:Creating environment hook '/home/duo/dev_ws/build/custom_laser_filter/share/custom_laser_filter/hook/pythonpath_develop.ps1'
[1.948s] DEBUG:colcon.colcon_core.event_handler.log_command:Invoked command in '/home/duo/dev_ws/build/custom_laser_filter' returned '0': PYTHONPATH=/home/duo/dev_ws/build/custom_laser_filter/prefix_override:/usr/lib/python3/dist-packages/colcon_core/task/python/colcon_distutils_commands:/home/duo/dev_ws/install/custom_laser_filter/lib/python3.10/site-packages:${PYTHONPATH} /usr/bin/python3 -W ignore:setup.py install is deprecated -W ignore:easy_install command is deprecated setup.py develop --editable --build-directory /home/duo/dev_ws/build/custom_laser_filter/build --no-deps symlink_data
[1.949s] INFO:colcon.colcon_core.shell:Creating environment descriptor '/home/duo/dev_ws/build/custom_laser_filter/share/custom_laser_filter/hook/pythonpath_develop.dsv'
[1.950s] INFO:colcon.colcon_core.shell:Creating environment hook '/home/duo/dev_ws/build/custom_laser_filter/share/custom_laser_filter/hook/pythonpath_develop.sh'
[1.952s] Level 1:colcon.colcon_core.environment:checking '/home/duo/dev_ws/install/custom_laser_filter' for CMake module files
[1.953s] Level 1:colcon.colcon_core.environment:checking '/home/duo/dev_ws/install/custom_laser_filter' for CMake config files
[1.954s] Level 1:colcon.colcon_core.environment:checking '/home/duo/dev_ws/install/custom_laser_filter/lib'
[1.954s] Level 1:colcon.colcon_core.environment:checking '/home/duo/dev_ws/install/custom_laser_filter/bin'
[1.955s] Level 1:colcon.colcon_core.environment:checking '/home/duo/dev_ws/install/custom_laser_filter/lib/pkgconfig/custom_laser_filter.pc'
[1.955s] Level 1:colcon.colcon_core.environment:checking '/home/duo/dev_ws/install/custom_laser_filter/lib/python3.10/site-packages'
[1.955s] Level 1:colcon.colcon_core.shell:create_environment_hook('custom_laser_filter', 'pythonpath')
[1.956s] INFO:colcon.colcon_core.shell:Creating environment hook '/home/duo/dev_ws/install/custom_laser_filter/share/custom_laser_filter/hook/pythonpath.ps1'
[1.957s] INFO:colcon.colcon_core.shell:Creating environment descriptor '/home/duo/dev_ws/install/custom_laser_filter/share/custom_laser_filter/hook/pythonpath.dsv'
[1.958s] INFO:colcon.colcon_core.shell:Creating environment hook '/home/duo/dev_ws/install/custom_laser_filter/share/custom_laser_filter/hook/pythonpath.sh'
[1.960s] Level 1:colcon.colcon_core.environment:checking '/home/duo/dev_ws/install/custom_laser_filter/bin'
[1.961s] Level 1:colcon.colcon_core.environment:create_environment_scripts_only(custom_laser_filter)
[1.962s] INFO:colcon.colcon_core.shell:Creating package script '/home/duo/dev_ws/install/custom_laser_filter/share/custom_laser_filter/package.ps1'
[1.964s] INFO:colcon.colcon_core.shell:Creating package descriptor '/home/duo/dev_ws/install/custom_laser_filter/share/custom_laser_filter/package.dsv'
[1.965s] INFO:colcon.colcon_core.shell:Creating package script '/home/duo/dev_ws/install/custom_laser_filter/share/custom_laser_filter/package.sh'
[1.966s] INFO:colcon.colcon_core.shell:Creating package script '/home/duo/dev_ws/install/custom_laser_filter/share/custom_laser_filter/package.bash'
[1.968s] INFO:colcon.colcon_core.shell:Creating package script '/home/duo/dev_ws/install/custom_laser_filter/share/custom_laser_filter/package.zsh'
[1.969s] Level 1:colcon.colcon_core.environment:create_file_with_runtime_dependencies(/home/duo/dev_ws/install/custom_laser_filter/share/colcon-core/packages/custom_laser_filter)
[1.970s] DEBUG:colcon.colcon_parallel_executor.executor.parallel:closing loop
[1.970s] DEBUG:colcon.colcon_parallel_executor.executor.parallel:loop closed
[1.971s] DEBUG:colcon.colcon_parallel_executor.executor.parallel:run_until_complete finished with '0'
[1.971s] DEBUG:colcon.colcon_core.event_reactor:joining thread
[1.984s] INFO:colcon.colcon_core.plugin_system:Skipping extension 'colcon_notification.desktop_notification.terminal_notifier': Not used on non-Darwin systems
[1.984s] INFO:colcon.colcon_core.plugin_system:Skipping extension 'colcon_notification.desktop_notification.win32': Not used on non-Windows systems
[1.984s] INFO:colcon.colcon_notification.desktop_notification:Sending desktop notification using 'notify2'
[2.002s] DEBUG:colcon.colcon_core.event_reactor:joined thread
[2.002s] INFO:colcon.colcon_core.shell:Creating prefix script '/home/duo/dev_ws/install/local_setup.ps1'
[2.004s] INFO:colcon.colcon_core.shell:Creating prefix util module '/home/duo/dev_ws/install/_local_setup_util_ps1.py'
[2.006s] INFO:colcon.colcon_core.shell:Creating prefix chain script '/home/duo/dev_ws/install/setup.ps1'
[2.008s] INFO:colcon.colcon_core.shell:Creating prefix script '/home/duo/dev_ws/install/local_setup.sh'
[2.009s] INFO:colcon.colcon_core.shell:Creating prefix util module '/home/duo/dev_ws/install/_local_setup_util_sh.py'
[2.009s] INFO:colcon.colcon_core.shell:Creating prefix chain script '/home/duo/dev_ws/install/setup.sh'
[2.011s] INFO:colcon.colcon_core.shell:Creating prefix script '/home/duo/dev_ws/install/local_setup.bash'
[2.012s] INFO:colcon.colcon_core.shell:Creating prefix chain script '/home/duo/dev_ws/install/setup.bash'
[2.013s] INFO:colcon.colcon_core.shell:Creating prefix script '/home/duo/dev_ws/install/local_setup.zsh'
[2.014s] INFO:colcon.colcon_core.shell:Creating prefix chain script '/home/duo/dev_ws/install/setup.zsh'
