[0.055s] Invoking command in '/home/duo/dev_ws/build/amr_lan_2_mesh': CMAKE_PREFIX_PATH=${CMAKE_PREFIX_PATH}:/home/duo/dev_ws/install/custom_laser_filter:/opt/ros/humble /usr/bin/cmake --build /home/duo/dev_ws/build/amr_lan_2_mesh -- -j8 -l8
[0.429s] Invoked command in '/home/duo/dev_ws/build/amr_lan_2_mesh' returned '0': CMAKE_PREFIX_PATH=${CMAKE_PREFIX_PATH}:/home/duo/dev_ws/install/custom_laser_filter:/opt/ros/humble /usr/bin/cmake --build /home/duo/dev_ws/build/amr_lan_2_mesh -- -j8 -l8
[0.434s] Invoking command in '/home/duo/dev_ws/build/amr_lan_2_mesh': CMAKE_PREFIX_PATH=${CMAKE_PREFIX_PATH}:/home/duo/dev_ws/install/custom_laser_filter:/opt/ros/humble /usr/bin/cmake --install /home/duo/dev_ws/build/amr_lan_2_mesh
[0.452s] -- Install configuration: ""
[0.452s] -- Execute custom install script
[0.455s] -- Up-to-date symlink: /home/duo/dev_ws/install/amr_lan_2_mesh/share/amr_lan_2_mesh/config/controllers.yaml
[0.456s] -- Up-to-date symlink: /home/duo/dev_ws/install/amr_lan_2_mesh/share/amr_lan_2_mesh/description/gazebo_control.xacro
[0.456s] -- Up-to-date symlink: /home/duo/dev_ws/install/amr_lan_2_mesh/share/amr_lan_2_mesh/description/inertial_macros.xacro
[0.456s] -- Up-to-date symlink: /home/duo/dev_ws/install/amr_lan_2_mesh/share/amr_lan_2_mesh/description/lidar.xacro
[0.457s] -- Up-to-date symlink: /home/duo/dev_ws/install/amr_lan_2_mesh/share/amr_lan_2_mesh/description/lidar_xacro.txt
[0.457s] -- Up-to-date symlink: /home/duo/dev_ws/install/amr_lan_2_mesh/share/amr_lan_2_mesh/description/robot.urdf.xacro
[0.457s] -- Up-to-date symlink: /home/duo/dev_ws/install/amr_lan_2_mesh/share/amr_lan_2_mesh/description/robot_core.xacro
[0.458s] -- Up-to-date symlink: /home/duo/dev_ws/install/amr_lan_2_mesh/share/amr_lan_2_mesh/description/ros2_control.xacro
[0.458s] -- Up-to-date symlink: /home/duo/dev_ws/install/amr_lan_2_mesh/share/amr_lan_2_mesh/description/temp_2
[0.458s] -- Up-to-date symlink: /home/duo/dev_ws/install/amr_lan_2_mesh/share/amr_lan_2_mesh/description/tmep
[0.458s] -- Up-to-date symlink: /home/duo/dev_ws/install/amr_lan_2_mesh/share/amr_lan_2_mesh/launch/launch_robot.launch.py
[0.459s] -- Up-to-date symlink: /home/duo/dev_ws/install/amr_lan_2_mesh/share/amr_lan_2_mesh/launch/launch_sim.launch.py
[0.459s] -- Up-to-date symlink: /home/duo/dev_ws/install/amr_lan_2_mesh/share/amr_lan_2_mesh/launch/rsp.launch.py
[0.461s] -- Up-to-date symlink: /home/duo/dev_ws/install/amr_lan_2_mesh/share/amr_lan_2_mesh/meshes/base_footprint.STL
[0.461s] -- Up-to-date symlink: /home/duo/dev_ws/install/amr_lan_2_mesh/share/amr_lan_2_mesh/meshes/base_link.STL
[0.461s] -- Up-to-date symlink: /home/duo/dev_ws/install/amr_lan_2_mesh/share/amr_lan_2_mesh/meshes/caster_wheel_left_behind.STL
[0.461s] -- Up-to-date symlink: /home/duo/dev_ws/install/amr_lan_2_mesh/share/amr_lan_2_mesh/meshes/caster_wheel_left_front.STL
[0.461s] -- Up-to-date symlink: /home/duo/dev_ws/install/amr_lan_2_mesh/share/amr_lan_2_mesh/meshes/caster_wheel_right_behind.STL
[0.462s] -- Up-to-date symlink: /home/duo/dev_ws/install/amr_lan_2_mesh/share/amr_lan_2_mesh/meshes/caster_wheel_right_front.STL
[0.462s] -- Up-to-date symlink: /home/duo/dev_ws/install/amr_lan_2_mesh/share/amr_lan_2_mesh/meshes/imu_link.STL
[0.462s] -- Up-to-date symlink: /home/duo/dev_ws/install/amr_lan_2_mesh/share/amr_lan_2_mesh/meshes/laser_frame.STL
[0.462s] -- Up-to-date symlink: /home/duo/dev_ws/install/amr_lan_2_mesh/share/amr_lan_2_mesh/meshes/left_wheel.STL
[0.462s] [31mCMake Error at ament_cmake_symlink_install/ament_cmake_symlink_install.cmake:105 (message):
[0.462s]   ament_cmake_symlink_install_directory() can't find
[0.463s]   '/home/duo/dev_ws/src/amr_lan_2_mesh/worlds'
[0.463s] Call Stack (most recent call first):
[0.463s]   ament_cmake_symlink_install/ament_cmake_symlink_install.cmake:319 (ament_cmake_symlink_install_directory)
[0.463s]   cmake_install.cmake:46 (include)
[0.463s] 
[0.463s] [0m
[0.463s] -- Up-to-date symlink: /home/duo/dev_ws/install/amr_lan_2_mesh/share/amr_lan_2_mesh/meshes/right_wheel.STL
