[0.016s] Invoking command in '/home/duo/dev_ws/build/amr_lan_3': CMAKE_PREFIX_PATH=${CMAKE_PREFIX_PATH}:/home/duo/dev_ws/install/custom_laser_filter:/opt/ros/humble /usr/bin/cmake --build /home/duo/dev_ws/build/amr_lan_3 -- -j8 -l8
[0.076s] Invoked command in '/home/duo/dev_ws/build/amr_lan_3' returned '0': CMAKE_PREFIX_PATH=${CMAKE_PREFIX_PATH}:/home/duo/dev_ws/install/custom_laser_filter:/opt/ros/humble /usr/bin/cmake --build /home/duo/dev_ws/build/amr_lan_3 -- -j8 -l8
[0.088s] Invoking command in '/home/duo/dev_ws/build/amr_lan_3': CMAKE_PREFIX_PATH=${CMAKE_PREFIX_PATH}:/home/duo/dev_ws/install/custom_laser_filter:/opt/ros/humble /usr/bin/cmake --install /home/duo/dev_ws/build/amr_lan_3
[0.106s] -- Install configuration: ""
[0.106s] -- Execute custom install script
[0.106s] -- Symlinking: /home/duo/dev_ws/install/amr_lan_3/share/amr_lan_3/description/robot.urdf.xacro
[0.121s] -- Symlinking: /home/duo/dev_ws/install/amr_lan_3/share/amr_lan_3/description/robot_core.xacro
[0.139s] -- Symlinking: /home/duo/dev_ws/install/amr_lan_3/share/amr_lan_3/launch/rsp.launch.py
[0.157s] -- Up-to-date symlink: /home/duo/dev_ws/install/amr_lan_3/share/ament_index/resource_index/package_run_dependencies/amr_lan_3
[0.157s] -- Up-to-date symlink: /home/duo/dev_ws/install/amr_lan_3/share/ament_index/resource_index/parent_prefix_path/amr_lan_3
[0.157s] -- Up-to-date symlink: /home/duo/dev_ws/install/amr_lan_3/share/amr_lan_3/environment/ament_prefix_path.sh
[0.158s] -- Up-to-date symlink: /home/duo/dev_ws/install/amr_lan_3/share/amr_lan_3/environment/ament_prefix_path.dsv
[0.158s] -- Up-to-date symlink: /home/duo/dev_ws/install/amr_lan_3/share/amr_lan_3/environment/path.sh
[0.158s] -- Up-to-date symlink: /home/duo/dev_ws/install/amr_lan_3/share/amr_lan_3/environment/path.dsv
[0.158s] -- Up-to-date symlink: /home/duo/dev_ws/install/amr_lan_3/share/amr_lan_3/local_setup.bash
[0.159s] -- Up-to-date symlink: /home/duo/dev_ws/install/amr_lan_3/share/amr_lan_3/local_setup.sh
[0.159s] -- Up-to-date symlink: /home/duo/dev_ws/install/amr_lan_3/share/amr_lan_3/local_setup.zsh
[0.159s] -- Up-to-date symlink: /home/duo/dev_ws/install/amr_lan_3/share/amr_lan_3/local_setup.dsv
[0.159s] -- Symlinking: /home/duo/dev_ws/install/amr_lan_3/share/amr_lan_3/package.dsv
[0.170s] -- Up-to-date symlink: /home/duo/dev_ws/install/amr_lan_3/share/ament_index/resource_index/packages/amr_lan_3
[0.171s] -- Up-to-date symlink: /home/duo/dev_ws/install/amr_lan_3/share/amr_lan_3/cmake/amr_lan_3Config.cmake
[0.171s] -- Up-to-date symlink: /home/duo/dev_ws/install/amr_lan_3/share/amr_lan_3/cmake/amr_lan_3Config-version.cmake
[0.171s] -- Up-to-date symlink: /home/duo/dev_ws/install/amr_lan_3/share/amr_lan_3/package.xml
[0.175s] Invoked command in '/home/duo/dev_ws/build/amr_lan_3' returned '0': CMAKE_PREFIX_PATH=${CMAKE_PREFIX_PATH}:/home/duo/dev_ws/install/custom_laser_filter:/opt/ros/humble /usr/bin/cmake --install /home/duo/dev_ws/build/amr_lan_3
