[0.405s] Invoking command in '/home/duo/dev_ws/build/hinson_hardware': CMAKE_PREFIX_PATH=${CMAKE_PREFIX_PATH}:/home/duo/dev_ws/install/custom_laser_filter:/opt/ros/humble /usr/bin/cmake --build /home/duo/dev_ws/build/hinson_hardware -- -j8 -l8
[0.511s] [100%] Built target hinson_hardware
[0.574s] Invoked command in '/home/duo/dev_ws/build/hinson_hardware' returned '0': CMAKE_PREFIX_PATH=${CMAKE_PREFIX_PATH}:/home/duo/dev_ws/install/custom_laser_filter:/opt/ros/humble /usr/bin/cmake --build /home/duo/dev_ws/build/hinson_hardware -- -j8 -l8
[0.576s] Invoking command in '/home/duo/dev_ws/build/hinson_hardware': CMAKE_PREFIX_PATH=${CMAKE_PREFIX_PATH}:/home/duo/dev_ws/install/custom_laser_filter:/opt/ros/humble /usr/bin/cmake --install /home/duo/dev_ws/build/hinson_hardware
[0.588s] -- Install configuration: ""
[0.588s] -- Execute custom install script
[0.588s] -- Up-to-date symlink: /home/duo/dev_ws/install/hinson_hardware/share/hinson_hardware//hinson_hardware.xml
[0.589s] -- Up-to-date symlink: /home/duo/dev_ws/install/hinson_hardware/lib/libhinson_hardware.so
[0.590s] -- Up-to-date symlink: /home/duo/dev_ws/install/hinson_hardware/include/hinson_hardware/hinson_system.hpp
[0.590s] -- Up-to-date symlink: /home/duo/dev_ws/install/hinson_hardware/share/hinson_hardware/hinson_hardware.xml
[0.591s] -- Up-to-date symlink: /home/duo/dev_ws/install/hinson_hardware/share/hinson_hardware/environment/library_path.sh
[0.591s] -- Up-to-date symlink: /home/duo/dev_ws/install/hinson_hardware/share/hinson_hardware/environment/library_path.dsv
[0.592s] -- Up-to-date symlink: /home/duo/dev_ws/install/hinson_hardware/share/ament_index/resource_index/package_run_dependencies/hinson_hardware
[0.592s] -- Up-to-date symlink: /home/duo/dev_ws/install/hinson_hardware/share/ament_index/resource_index/parent_prefix_path/hinson_hardware
[0.592s] -- Up-to-date symlink: /home/duo/dev_ws/install/hinson_hardware/share/hinson_hardware/environment/ament_prefix_path.sh
[0.592s] -- Up-to-date symlink: /home/duo/dev_ws/install/hinson_hardware/share/hinson_hardware/environment/ament_prefix_path.dsv
[0.592s] -- Up-to-date symlink: /home/duo/dev_ws/install/hinson_hardware/share/hinson_hardware/environment/path.sh
[0.593s] -- Up-to-date symlink: /home/duo/dev_ws/install/hinson_hardware/share/hinson_hardware/environment/path.dsv
[0.593s] -- Up-to-date symlink: /home/duo/dev_ws/install/hinson_hardware/share/hinson_hardware/local_setup.bash
[0.594s] -- Up-to-date symlink: /home/duo/dev_ws/install/hinson_hardware/share/hinson_hardware/local_setup.sh
[0.594s] -- Up-to-date symlink: /home/duo/dev_ws/install/hinson_hardware/share/hinson_hardware/local_setup.zsh
[0.594s] -- Up-to-date symlink: /home/duo/dev_ws/install/hinson_hardware/share/hinson_hardware/local_setup.dsv
[0.594s] -- Symlinking: /home/duo/dev_ws/install/hinson_hardware/share/hinson_hardware/package.dsv
[0.609s] -- Up-to-date symlink: /home/duo/dev_ws/install/hinson_hardware/share/ament_index/resource_index/packages/hinson_hardware
[0.609s] -- Up-to-date symlink: /home/duo/dev_ws/install/hinson_hardware/share/ament_index/resource_index/hardware_interface__pluginlib__plugin/hinson_hardware
[0.609s] -- Up-to-date symlink: /home/duo/dev_ws/install/hinson_hardware/share/hinson_hardware/cmake/ament_cmake_export_include_directories-extras.cmake
[0.609s] -- Up-to-date symlink: /home/duo/dev_ws/install/hinson_hardware/share/hinson_hardware/cmake/ament_cmake_export_libraries-extras.cmake
[0.609s] -- Up-to-date symlink: /home/duo/dev_ws/install/hinson_hardware/share/hinson_hardware/cmake/ament_cmake_export_dependencies-extras.cmake
[0.610s] -- Up-to-date symlink: /home/duo/dev_ws/install/hinson_hardware/share/hinson_hardware/cmake/hinson_hardwareConfig.cmake
[0.610s] -- Up-to-date symlink: /home/duo/dev_ws/install/hinson_hardware/share/hinson_hardware/cmake/hinson_hardwareConfig-version.cmake
[0.610s] -- Up-to-date symlink: /home/duo/dev_ws/install/hinson_hardware/share/hinson_hardware/package.xml
[0.614s] Invoked command in '/home/duo/dev_ws/build/hinson_hardware' returned '0': CMAKE_PREFIX_PATH=${CMAKE_PREFIX_PATH}:/home/duo/dev_ws/install/custom_laser_filter:/opt/ros/humble /usr/bin/cmake --install /home/duo/dev_ws/build/hinson_hardware
