[0.142s] DEBUG:colcon:Command line arguments: ['/usr/bin/colcon', 'build', '--symlink-install']
[0.142s] DEBUG:colcon:Parsed command line arguments: Namespace(log_base=None, log_level=None, verb_name='build', build_base='build', install_base='install', merge_install=False, symlink_install=True, test_result_base=None, continue_on_error=False, executor='parallel', parallel_workers=8, event_handlers=None, ignore_user_meta=False, metas=['./colcon.meta'], base_paths=['.'], packages_ignore=None, packages_ignore_regex=None, paths=None, packages_up_to=None, packages_up_to_regex=None, packages_above=None, packages_above_and_dependencies=None, packages_above_depth=None, packages_select_by_dep=None, packages_skip_by_dep=None, packages_skip_up_to=None, packages_select_build_failed=False, packages_skip_build_finished=False, packages_select_test_failures=False, packages_skip_test_passed=False, packages_select=None, packages_skip=None, packages_select_regex=None, packages_skip_regex=None, packages_start=None, packages_end=None, allow_overriding=[], cmake_args=None, cmake_target=None, cmake_target_skip_unavailable=False, cmake_clean_cache=False, cmake_clean_first=False, cmake_force_configure=False, ament_cmake_args=None, catkin_cmake_args=None, catkin_skip_building_tests=False, verb_parser=<colcon_defaults.argument_parser.defaults.DefaultArgumentsDecorator object at 0x750c92c29270>, verb_extension=<colcon_core.verb.build.BuildVerb object at 0x750c92c28c70>, main=<bound method BuildVerb.main of <colcon_core.verb.build.BuildVerb object at 0x750c92c28c70>>)
[0.418s] Level 1:colcon.colcon_core.package_discovery:discover_packages(colcon_meta) check parameters
[0.418s] Level 1:colcon.colcon_core.package_discovery:discover_packages(recursive) check parameters
[0.418s] Level 1:colcon.colcon_core.package_discovery:discover_packages(ignore) check parameters
[0.418s] Level 1:colcon.colcon_core.package_discovery:discover_packages(path) check parameters
[0.418s] Level 1:colcon.colcon_core.package_discovery:discover_packages(colcon_meta) discover
[0.418s] Level 1:colcon.colcon_core.package_discovery:discover_packages(recursive) discover
[0.418s] INFO:colcon.colcon_core.package_discovery:Crawling recursively for packages in '/home/duo/dev_ws'
[0.419s] Level 1:colcon.colcon_core.package_identification:_identify(.) by extensions ['ignore', 'ignore_ament_install']
[0.419s] Level 1:colcon.colcon_core.package_identification:_identify(.) by extension 'ignore'
[0.419s] Level 1:colcon.colcon_core.package_identification:_identify(.) by extension 'ignore_ament_install'
[0.419s] Level 1:colcon.colcon_core.package_identification:_identify(.) by extensions ['colcon_pkg']
[0.419s] Level 1:colcon.colcon_core.package_identification:_identify(.) by extension 'colcon_pkg'
[0.419s] Level 1:colcon.colcon_core.package_identification:_identify(.) by extensions ['colcon_meta']
[0.419s] Level 1:colcon.colcon_core.package_identification:_identify(.) by extension 'colcon_meta'
[0.419s] Level 1:colcon.colcon_core.package_identification:_identify(.) by extensions ['ros']
[0.419s] Level 1:colcon.colcon_core.package_identification:_identify(.) by extension 'ros'
[0.433s] Level 1:colcon.colcon_core.package_identification:_identify(.) by extensions ['cmake', 'python']
[0.433s] Level 1:colcon.colcon_core.package_identification:_identify(.) by extension 'cmake'
[0.433s] Level 1:colcon.colcon_core.package_identification:_identify(.) by extension 'python'
[0.433s] Level 1:colcon.colcon_core.package_identification:_identify(.) by extensions ['python_setup_py']
[0.433s] Level 1:colcon.colcon_core.package_identification:_identify(.) by extension 'python_setup_py'
[0.433s] Level 1:colcon.colcon_core.package_identification:_identify(build) by extensions ['ignore', 'ignore_ament_install']
[0.433s] Level 1:colcon.colcon_core.package_identification:_identify(build) by extension 'ignore'
[0.433s] Level 1:colcon.colcon_core.package_identification:_identify(build) ignored
[0.434s] Level 1:colcon.colcon_core.package_identification:_identify(install) by extensions ['ignore', 'ignore_ament_install']
[0.434s] Level 1:colcon.colcon_core.package_identification:_identify(install) by extension 'ignore'
[0.434s] Level 1:colcon.colcon_core.package_identification:_identify(install) ignored
[0.434s] Level 1:colcon.colcon_core.package_identification:_identify(log) by extensions ['ignore', 'ignore_ament_install']
[0.434s] Level 1:colcon.colcon_core.package_identification:_identify(log) by extension 'ignore'
[0.434s] Level 1:colcon.colcon_core.package_identification:_identify(log) ignored
[0.434s] Level 1:colcon.colcon_core.package_identification:_identify(src) by extensions ['ignore', 'ignore_ament_install']
[0.434s] Level 1:colcon.colcon_core.package_identification:_identify(src) by extension 'ignore'
[0.434s] Level 1:colcon.colcon_core.package_identification:_identify(src) by extension 'ignore_ament_install'
[0.434s] Level 1:colcon.colcon_core.package_identification:_identify(src) by extensions ['colcon_pkg']
[0.434s] Level 1:colcon.colcon_core.package_identification:_identify(src) by extension 'colcon_pkg'
[0.434s] Level 1:colcon.colcon_core.package_identification:_identify(src) by extensions ['colcon_meta']
[0.434s] Level 1:colcon.colcon_core.package_identification:_identify(src) by extension 'colcon_meta'
[0.434s] Level 1:colcon.colcon_core.package_identification:_identify(src) by extensions ['ros']
[0.435s] Level 1:colcon.colcon_core.package_identification:_identify(src) by extension 'ros'
[0.435s] Level 1:colcon.colcon_core.package_identification:_identify(src) by extensions ['cmake', 'python']
[0.435s] Level 1:colcon.colcon_core.package_identification:_identify(src) by extension 'cmake'
[0.435s] Level 1:colcon.colcon_core.package_identification:_identify(src) by extension 'python'
[0.435s] Level 1:colcon.colcon_core.package_identification:_identify(src) by extensions ['python_setup_py']
[0.435s] Level 1:colcon.colcon_core.package_identification:_identify(src) by extension 'python_setup_py'
[0.435s] Level 1:colcon.colcon_core.package_identification:_identify(src/amr_lan_2) by extensions ['ignore', 'ignore_ament_install']
[0.435s] Level 1:colcon.colcon_core.package_identification:_identify(src/amr_lan_2) by extension 'ignore'
[0.435s] Level 1:colcon.colcon_core.package_identification:_identify(src/amr_lan_2) by extension 'ignore_ament_install'
[0.435s] Level 1:colcon.colcon_core.package_identification:_identify(src/amr_lan_2) by extensions ['colcon_pkg']
[0.435s] Level 1:colcon.colcon_core.package_identification:_identify(src/amr_lan_2) by extension 'colcon_pkg'
[0.435s] Level 1:colcon.colcon_core.package_identification:_identify(src/amr_lan_2) by extensions ['colcon_meta']
[0.435s] Level 1:colcon.colcon_core.package_identification:_identify(src/amr_lan_2) by extension 'colcon_meta'
[0.435s] Level 1:colcon.colcon_core.package_identification:_identify(src/amr_lan_2) by extensions ['ros']
[0.435s] Level 1:colcon.colcon_core.package_identification:_identify(src/amr_lan_2) by extension 'ros'
[0.439s] DEBUG:colcon.colcon_core.package_identification:Package 'src/amr_lan_2' with type 'ros.ament_cmake' and name 'amr_lan_2'
[0.439s] Level 1:colcon.colcon_core.package_identification:_identify(src/amr_lan_2_mesh) by extensions ['ignore', 'ignore_ament_install']
[0.439s] Level 1:colcon.colcon_core.package_identification:_identify(src/amr_lan_2_mesh) by extension 'ignore'
[0.439s] Level 1:colcon.colcon_core.package_identification:_identify(src/amr_lan_2_mesh) by extension 'ignore_ament_install'
[0.439s] Level 1:colcon.colcon_core.package_identification:_identify(src/amr_lan_2_mesh) by extensions ['colcon_pkg']
[0.439s] Level 1:colcon.colcon_core.package_identification:_identify(src/amr_lan_2_mesh) by extension 'colcon_pkg'
[0.440s] Level 1:colcon.colcon_core.package_identification:_identify(src/amr_lan_2_mesh) by extensions ['colcon_meta']
[0.440s] Level 1:colcon.colcon_core.package_identification:_identify(src/amr_lan_2_mesh) by extension 'colcon_meta'
[0.440s] Level 1:colcon.colcon_core.package_identification:_identify(src/amr_lan_2_mesh) by extensions ['ros']
[0.440s] Level 1:colcon.colcon_core.package_identification:_identify(src/amr_lan_2_mesh) by extension 'ros'
[0.441s] DEBUG:colcon.colcon_core.package_identification:Package 'src/amr_lan_2_mesh' with type 'ros.ament_cmake' and name 'amr_lan_2_mesh'
[0.441s] Level 1:colcon.colcon_core.package_identification:_identify(src/duobot_one) by extensions ['ignore', 'ignore_ament_install']
[0.441s] Level 1:colcon.colcon_core.package_identification:_identify(src/duobot_one) by extension 'ignore'
[0.441s] Level 1:colcon.colcon_core.package_identification:_identify(src/duobot_one) by extension 'ignore_ament_install'
[0.441s] Level 1:colcon.colcon_core.package_identification:_identify(src/duobot_one) by extensions ['colcon_pkg']
[0.441s] Level 1:colcon.colcon_core.package_identification:_identify(src/duobot_one) by extension 'colcon_pkg'
[0.441s] Level 1:colcon.colcon_core.package_identification:_identify(src/duobot_one) by extensions ['colcon_meta']
[0.441s] Level 1:colcon.colcon_core.package_identification:_identify(src/duobot_one) by extension 'colcon_meta'
[0.441s] Level 1:colcon.colcon_core.package_identification:_identify(src/duobot_one) by extensions ['ros']
[0.441s] Level 1:colcon.colcon_core.package_identification:_identify(src/duobot_one) by extension 'ros'
[0.442s] DEBUG:colcon.colcon_core.package_identification:Package 'src/duobot_one' with type 'ros.ament_cmake' and name 'duobot_one'
[0.443s] Level 1:colcon.colcon_core.package_identification:_identify(src/lap_thu_amr_description) by extensions ['ignore', 'ignore_ament_install']
[0.443s] Level 1:colcon.colcon_core.package_identification:_identify(src/lap_thu_amr_description) by extension 'ignore'
[0.443s] Level 1:colcon.colcon_core.package_identification:_identify(src/lap_thu_amr_description) by extension 'ignore_ament_install'
[0.443s] Level 1:colcon.colcon_core.package_identification:_identify(src/lap_thu_amr_description) by extensions ['colcon_pkg']
[0.443s] Level 1:colcon.colcon_core.package_identification:_identify(src/lap_thu_amr_description) by extension 'colcon_pkg'
[0.443s] Level 1:colcon.colcon_core.package_identification:_identify(src/lap_thu_amr_description) by extensions ['colcon_meta']
[0.443s] Level 1:colcon.colcon_core.package_identification:_identify(src/lap_thu_amr_description) by extension 'colcon_meta'
[0.443s] Level 1:colcon.colcon_core.package_identification:_identify(src/lap_thu_amr_description) by extensions ['ros']
[0.443s] Level 1:colcon.colcon_core.package_identification:_identify(src/lap_thu_amr_description) by extension 'ros'
[0.444s] DEBUG:colcon.colcon_core.package_identification:Package 'src/lap_thu_amr_description' with type 'ros.ament_cmake' and name 'lap_thu_amr_description'
[0.444s] Level 1:colcon.colcon_core.package_discovery:discover_packages(recursive) using defaults
[0.444s] Level 1:colcon.colcon_core.package_discovery:discover_packages(ignore) discover
[0.444s] Level 1:colcon.colcon_core.package_discovery:discover_packages(ignore) using defaults
[0.444s] Level 1:colcon.colcon_core.package_discovery:discover_packages(path) discover
[0.444s] Level 1:colcon.colcon_core.package_discovery:discover_packages(path) using defaults
[0.486s] Level 1:colcon.colcon_core.package_discovery:discover_packages(prefix_path) check parameters
[0.486s] Level 1:colcon.colcon_core.package_discovery:discover_packages(prefix_path) discover
[0.490s] DEBUG:colcon.colcon_installed_package_information.package_discovery:Found 479 installed packages in /opt/ros/humble
[0.493s] Level 1:colcon.colcon_core.package_discovery:discover_packages(prefix_path) using defaults
[0.559s] Level 5:colcon.colcon_core.verb:set package 'amr_lan_2' build argument 'cmake_args' from command line to 'None'
[0.559s] Level 5:colcon.colcon_core.verb:set package 'amr_lan_2' build argument 'cmake_target' from command line to 'None'
[0.559s] Level 5:colcon.colcon_core.verb:set package 'amr_lan_2' build argument 'cmake_target_skip_unavailable' from command line to 'False'
[0.559s] Level 5:colcon.colcon_core.verb:set package 'amr_lan_2' build argument 'cmake_clean_cache' from command line to 'False'
[0.559s] Level 5:colcon.colcon_core.verb:set package 'amr_lan_2' build argument 'cmake_clean_first' from command line to 'False'
[0.559s] Level 5:colcon.colcon_core.verb:set package 'amr_lan_2' build argument 'cmake_force_configure' from command line to 'False'
[0.559s] Level 5:colcon.colcon_core.verb:set package 'amr_lan_2' build argument 'ament_cmake_args' from command line to 'None'
[0.559s] Level 5:colcon.colcon_core.verb:set package 'amr_lan_2' build argument 'catkin_cmake_args' from command line to 'None'
[0.559s] Level 5:colcon.colcon_core.verb:set package 'amr_lan_2' build argument 'catkin_skip_building_tests' from command line to 'False'
[0.559s] DEBUG:colcon.colcon_core.verb:Building package 'amr_lan_2' with the following arguments: {'ament_cmake_args': None, 'build_base': '/home/duo/dev_ws/build/amr_lan_2', 'catkin_cmake_args': None, 'catkin_skip_building_tests': False, 'cmake_args': None, 'cmake_clean_cache': False, 'cmake_clean_first': False, 'cmake_force_configure': False, 'cmake_target': None, 'cmake_target_skip_unavailable': False, 'install_base': '/home/duo/dev_ws/install/amr_lan_2', 'merge_install': False, 'path': '/home/duo/dev_ws/src/amr_lan_2', 'symlink_install': True, 'test_result_base': None}
[0.560s] Level 5:colcon.colcon_core.verb:set package 'amr_lan_2_mesh' build argument 'cmake_args' from command line to 'None'
[0.560s] Level 5:colcon.colcon_core.verb:set package 'amr_lan_2_mesh' build argument 'cmake_target' from command line to 'None'
[0.560s] Level 5:colcon.colcon_core.verb:set package 'amr_lan_2_mesh' build argument 'cmake_target_skip_unavailable' from command line to 'False'
[0.560s] Level 5:colcon.colcon_core.verb:set package 'amr_lan_2_mesh' build argument 'cmake_clean_cache' from command line to 'False'
[0.560s] Level 5:colcon.colcon_core.verb:set package 'amr_lan_2_mesh' build argument 'cmake_clean_first' from command line to 'False'
[0.560s] Level 5:colcon.colcon_core.verb:set package 'amr_lan_2_mesh' build argument 'cmake_force_configure' from command line to 'False'
[0.560s] Level 5:colcon.colcon_core.verb:set package 'amr_lan_2_mesh' build argument 'ament_cmake_args' from command line to 'None'
[0.560s] Level 5:colcon.colcon_core.verb:set package 'amr_lan_2_mesh' build argument 'catkin_cmake_args' from command line to 'None'
[0.560s] Level 5:colcon.colcon_core.verb:set package 'amr_lan_2_mesh' build argument 'catkin_skip_building_tests' from command line to 'False'
[0.560s] DEBUG:colcon.colcon_core.verb:Building package 'amr_lan_2_mesh' with the following arguments: {'ament_cmake_args': None, 'build_base': '/home/duo/dev_ws/build/amr_lan_2_mesh', 'catkin_cmake_args': None, 'catkin_skip_building_tests': False, 'cmake_args': None, 'cmake_clean_cache': False, 'cmake_clean_first': False, 'cmake_force_configure': False, 'cmake_target': None, 'cmake_target_skip_unavailable': False, 'install_base': '/home/duo/dev_ws/install/amr_lan_2_mesh', 'merge_install': False, 'path': '/home/duo/dev_ws/src/amr_lan_2_mesh', 'symlink_install': True, 'test_result_base': None}
[0.560s] Level 5:colcon.colcon_core.verb:set package 'duobot_one' build argument 'cmake_args' from command line to 'None'
[0.560s] Level 5:colcon.colcon_core.verb:set package 'duobot_one' build argument 'cmake_target' from command line to 'None'
[0.560s] Level 5:colcon.colcon_core.verb:set package 'duobot_one' build argument 'cmake_target_skip_unavailable' from command line to 'False'
[0.560s] Level 5:colcon.colcon_core.verb:set package 'duobot_one' build argument 'cmake_clean_cache' from command line to 'False'
[0.560s] Level 5:colcon.colcon_core.verb:set package 'duobot_one' build argument 'cmake_clean_first' from command line to 'False'
[0.560s] Level 5:colcon.colcon_core.verb:set package 'duobot_one' build argument 'cmake_force_configure' from command line to 'False'
[0.560s] Level 5:colcon.colcon_core.verb:set package 'duobot_one' build argument 'ament_cmake_args' from command line to 'None'
[0.560s] Level 5:colcon.colcon_core.verb:set package 'duobot_one' build argument 'catkin_cmake_args' from command line to 'None'
[0.560s] Level 5:colcon.colcon_core.verb:set package 'duobot_one' build argument 'catkin_skip_building_tests' from command line to 'False'
[0.560s] DEBUG:colcon.colcon_core.verb:Building package 'duobot_one' with the following arguments: {'ament_cmake_args': None, 'build_base': '/home/duo/dev_ws/build/duobot_one', 'catkin_cmake_args': None, 'catkin_skip_building_tests': False, 'cmake_args': None, 'cmake_clean_cache': False, 'cmake_clean_first': False, 'cmake_force_configure': False, 'cmake_target': None, 'cmake_target_skip_unavailable': False, 'install_base': '/home/duo/dev_ws/install/duobot_one', 'merge_install': False, 'path': '/home/duo/dev_ws/src/duobot_one', 'symlink_install': True, 'test_result_base': None}
[0.561s] Level 5:colcon.colcon_core.verb:set package 'lap_thu_amr_description' build argument 'cmake_args' from command line to 'None'
[0.561s] Level 5:colcon.colcon_core.verb:set package 'lap_thu_amr_description' build argument 'cmake_target' from command line to 'None'
[0.561s] Level 5:colcon.colcon_core.verb:set package 'lap_thu_amr_description' build argument 'cmake_target_skip_unavailable' from command line to 'False'
[0.561s] Level 5:colcon.colcon_core.verb:set package 'lap_thu_amr_description' build argument 'cmake_clean_cache' from command line to 'False'
[0.561s] Level 5:colcon.colcon_core.verb:set package 'lap_thu_amr_description' build argument 'cmake_clean_first' from command line to 'False'
[0.561s] Level 5:colcon.colcon_core.verb:set package 'lap_thu_amr_description' build argument 'cmake_force_configure' from command line to 'False'
[0.561s] Level 5:colcon.colcon_core.verb:set package 'lap_thu_amr_description' build argument 'ament_cmake_args' from command line to 'None'
[0.561s] Level 5:colcon.colcon_core.verb:set package 'lap_thu_amr_description' build argument 'catkin_cmake_args' from command line to 'None'
[0.561s] Level 5:colcon.colcon_core.verb:set package 'lap_thu_amr_description' build argument 'catkin_skip_building_tests' from command line to 'False'
[0.561s] DEBUG:colcon.colcon_core.verb:Building package 'lap_thu_amr_description' with the following arguments: {'ament_cmake_args': None, 'build_base': '/home/duo/dev_ws/build/lap_thu_amr_description', 'catkin_cmake_args': None, 'catkin_skip_building_tests': False, 'cmake_args': None, 'cmake_clean_cache': False, 'cmake_clean_first': False, 'cmake_force_configure': False, 'cmake_target': None, 'cmake_target_skip_unavailable': False, 'install_base': '/home/duo/dev_ws/install/lap_thu_amr_description', 'merge_install': False, 'path': '/home/duo/dev_ws/src/lap_thu_amr_description', 'symlink_install': True, 'test_result_base': None}
[0.561s] INFO:colcon.colcon_core.executor:Executing jobs using 'parallel' executor
[0.562s] DEBUG:colcon.colcon_parallel_executor.executor.parallel:run_until_complete
[0.563s] INFO:colcon.colcon_ros.task.ament_cmake.build:Building ROS package in '/home/duo/dev_ws/src/amr_lan_2' with build type 'ament_cmake'
[0.563s] INFO:colcon.colcon_cmake.task.cmake.build:Building CMake package in '/home/duo/dev_ws/src/amr_lan_2'
[0.566s] INFO:colcon.colcon_core.plugin_system:Skipping extension 'colcon_core.shell.bat': Not used on non-Windows systems
[0.566s] INFO:colcon.colcon_core.shell:Skip shell extension 'powershell' for command environment: Not usable outside of PowerShell
[0.566s] DEBUG:colcon.colcon_core.shell:Skip shell extension 'dsv' for command environment
[0.571s] INFO:colcon.colcon_ros.task.ament_cmake.build:Building ROS package in '/home/duo/dev_ws/src/amr_lan_2_mesh' with build type 'ament_cmake'
[0.571s] INFO:colcon.colcon_cmake.task.cmake.build:Building CMake package in '/home/duo/dev_ws/src/amr_lan_2_mesh'
[0.571s] INFO:colcon.colcon_core.shell:Skip shell extension 'powershell' for command environment: Not usable outside of PowerShell
[0.571s] DEBUG:colcon.colcon_core.shell:Skip shell extension 'dsv' for command environment
[0.576s] INFO:colcon.colcon_ros.task.ament_cmake.build:Building ROS package in '/home/duo/dev_ws/src/duobot_one' with build type 'ament_cmake'
[0.576s] INFO:colcon.colcon_cmake.task.cmake.build:Building CMake package in '/home/duo/dev_ws/src/duobot_one'
[0.577s] INFO:colcon.colcon_core.shell:Skip shell extension 'powershell' for command environment: Not usable outside of PowerShell
[0.577s] DEBUG:colcon.colcon_core.shell:Skip shell extension 'dsv' for command environment
[0.583s] INFO:colcon.colcon_ros.task.ament_cmake.build:Building ROS package in '/home/duo/dev_ws/src/lap_thu_amr_description' with build type 'ament_cmake'
[0.583s] INFO:colcon.colcon_cmake.task.cmake.build:Building CMake package in '/home/duo/dev_ws/src/lap_thu_amr_description'
[0.583s] INFO:colcon.colcon_core.shell:Skip shell extension 'powershell' for command environment: Not usable outside of PowerShell
[0.583s] DEBUG:colcon.colcon_core.shell:Skip shell extension 'dsv' for command environment
[0.593s] DEBUG:colcon.colcon_core.event_handler.log_command:Invoking command in '/home/duo/dev_ws/build/amr_lan_2': CMAKE_PREFIX_PATH=/opt/ros/humble /usr/bin/cmake --build /home/duo/dev_ws/build/amr_lan_2 -- -j8 -l8
[0.599s] DEBUG:colcon.colcon_core.event_handler.log_command:Invoking command in '/home/duo/dev_ws/build/amr_lan_2_mesh': CMAKE_PREFIX_PATH=/opt/ros/humble /usr/bin/cmake --build /home/duo/dev_ws/build/amr_lan_2_mesh -- -j8 -l8
[0.604s] DEBUG:colcon.colcon_core.event_handler.log_command:Invoking command in '/home/duo/dev_ws/build/duobot_one': CMAKE_PREFIX_PATH=/opt/ros/humble /usr/bin/cmake --build /home/duo/dev_ws/build/duobot_one -- -j8 -l8
[0.609s] DEBUG:colcon.colcon_core.event_handler.log_command:Invoking command in '/home/duo/dev_ws/build/lap_thu_amr_description': CMAKE_PREFIX_PATH=/opt/ros/humble /usr/bin/cmake --build /home/duo/dev_ws/build/lap_thu_amr_description -- -j8 -l8
[0.655s] DEBUG:colcon.colcon_core.event_handler.log_command:Invoked command in '/home/duo/dev_ws/build/duobot_one' returned '0': CMAKE_PREFIX_PATH=/opt/ros/humble /usr/bin/cmake --build /home/duo/dev_ws/build/duobot_one -- -j8 -l8
[0.668s] DEBUG:colcon.colcon_core.event_handler.log_command:Invoking command in '/home/duo/dev_ws/build/duobot_one': CMAKE_PREFIX_PATH=/opt/ros/humble /usr/bin/cmake --install /home/duo/dev_ws/build/duobot_one
[0.669s] DEBUG:colcon.colcon_core.event_handler.log_command:Invoked command in '/home/duo/dev_ws/build/amr_lan_2' returned '0': CMAKE_PREFIX_PATH=/opt/ros/humble /usr/bin/cmake --build /home/duo/dev_ws/build/amr_lan_2 -- -j8 -l8
[0.671s] DEBUG:colcon.colcon_core.event_handler.log_command:Invoking command in '/home/duo/dev_ws/build/amr_lan_2': CMAKE_PREFIX_PATH=/opt/ros/humble /usr/bin/cmake --install /home/duo/dev_ws/build/amr_lan_2
[0.673s] DEBUG:colcon.colcon_core.event_handler.log_command:Invoked command in '/home/duo/dev_ws/build/lap_thu_amr_description' returned '0': CMAKE_PREFIX_PATH=/opt/ros/humble /usr/bin/cmake --build /home/duo/dev_ws/build/lap_thu_amr_description -- -j8 -l8
[0.676s] DEBUG:colcon.colcon_core.event_handler.log_command:Invoking command in '/home/duo/dev_ws/build/lap_thu_amr_description': CMAKE_PREFIX_PATH=/opt/ros/humble /usr/bin/cmake --install /home/duo/dev_ws/build/lap_thu_amr_description
[0.711s] Level 1:colcon.colcon_core.environment:create_environment_scripts_only(duobot_one)
[0.712s] DEBUG:colcon.colcon_core.event_handler.log_command:Invoked command in '/home/duo/dev_ws/build/duobot_one' returned '0': CMAKE_PREFIX_PATH=/opt/ros/humble /usr/bin/cmake --install /home/duo/dev_ws/build/duobot_one
[0.718s] Level 1:colcon.colcon_core.environment:checking '/home/duo/dev_ws/install/duobot_one' for CMake module files
[0.719s] Level 1:colcon.colcon_core.environment:checking '/home/duo/dev_ws/install/duobot_one' for CMake config files
[0.720s] Level 1:colcon.colcon_core.shell:create_environment_hook('duobot_one', 'cmake_prefix_path')
[0.720s] INFO:colcon.colcon_core.shell:Creating environment hook '/home/duo/dev_ws/install/duobot_one/share/duobot_one/hook/cmake_prefix_path.ps1'
[0.721s] INFO:colcon.colcon_core.shell:Creating environment descriptor '/home/duo/dev_ws/install/duobot_one/share/duobot_one/hook/cmake_prefix_path.dsv'
[0.722s] INFO:colcon.colcon_core.shell:Creating environment hook '/home/duo/dev_ws/install/duobot_one/share/duobot_one/hook/cmake_prefix_path.sh'
[0.723s] Level 1:colcon.colcon_core.environment:checking '/home/duo/dev_ws/install/duobot_one/bin'
[0.723s] Level 1:colcon.colcon_core.environment:checking '/home/duo/dev_ws/install/duobot_one/lib/pkgconfig/duobot_one.pc'
[0.724s] Level 1:colcon.colcon_core.environment:checking '/home/duo/dev_ws/install/duobot_one/lib/python3.10/site-packages'
[0.724s] Level 1:colcon.colcon_core.environment:checking '/home/duo/dev_ws/install/duobot_one/bin'
[0.724s] INFO:colcon.colcon_core.shell:Creating package script '/home/duo/dev_ws/install/duobot_one/share/duobot_one/package.ps1'
[0.726s] INFO:colcon.colcon_core.shell:Creating package descriptor '/home/duo/dev_ws/install/duobot_one/share/duobot_one/package.dsv'
[0.727s] INFO:colcon.colcon_core.shell:Creating package script '/home/duo/dev_ws/install/duobot_one/share/duobot_one/package.sh'
[0.728s] INFO:colcon.colcon_core.shell:Creating package script '/home/duo/dev_ws/install/duobot_one/share/duobot_one/package.bash'
[0.729s] INFO:colcon.colcon_core.shell:Creating package script '/home/duo/dev_ws/install/duobot_one/share/duobot_one/package.zsh'
[0.730s] Level 1:colcon.colcon_core.environment:create_file_with_runtime_dependencies(/home/duo/dev_ws/install/duobot_one/share/colcon-core/packages/duobot_one)
[0.731s] Level 1:colcon.colcon_core.environment:create_environment_scripts_only(duobot_one)
[0.731s] Level 1:colcon.colcon_core.environment:checking '/home/duo/dev_ws/install/duobot_one' for CMake module files
[0.732s] Level 1:colcon.colcon_core.environment:checking '/home/duo/dev_ws/install/duobot_one' for CMake config files
[0.732s] Level 1:colcon.colcon_core.shell:create_environment_hook('duobot_one', 'cmake_prefix_path')
[0.732s] INFO:colcon.colcon_core.shell:Creating environment hook '/home/duo/dev_ws/install/duobot_one/share/duobot_one/hook/cmake_prefix_path.ps1'
[0.733s] INFO:colcon.colcon_core.shell:Creating environment descriptor '/home/duo/dev_ws/install/duobot_one/share/duobot_one/hook/cmake_prefix_path.dsv'
[0.733s] INFO:colcon.colcon_core.shell:Creating environment hook '/home/duo/dev_ws/install/duobot_one/share/duobot_one/hook/cmake_prefix_path.sh'
[0.734s] Level 1:colcon.colcon_core.environment:checking '/home/duo/dev_ws/install/duobot_one/bin'
[0.734s] Level 1:colcon.colcon_core.environment:checking '/home/duo/dev_ws/install/duobot_one/lib/pkgconfig/duobot_one.pc'
[0.734s] Level 1:colcon.colcon_core.environment:checking '/home/duo/dev_ws/install/duobot_one/lib/python3.10/site-packages'
[0.735s] Level 1:colcon.colcon_core.environment:checking '/home/duo/dev_ws/install/duobot_one/bin'
[0.735s] INFO:colcon.colcon_core.shell:Creating package script '/home/duo/dev_ws/install/duobot_one/share/duobot_one/package.ps1'
[0.736s] INFO:colcon.colcon_core.shell:Creating package descriptor '/home/duo/dev_ws/install/duobot_one/share/duobot_one/package.dsv'
[0.736s] INFO:colcon.colcon_core.shell:Creating package script '/home/duo/dev_ws/install/duobot_one/share/duobot_one/package.sh'
[0.737s] INFO:colcon.colcon_core.shell:Creating package script '/home/duo/dev_ws/install/duobot_one/share/duobot_one/package.bash'
[0.737s] INFO:colcon.colcon_core.shell:Creating package script '/home/duo/dev_ws/install/duobot_one/share/duobot_one/package.zsh'
[0.738s] Level 1:colcon.colcon_core.environment:create_file_with_runtime_dependencies(/home/duo/dev_ws/install/duobot_one/share/colcon-core/packages/duobot_one)
[0.739s] Level 1:colcon.colcon_core.environment:create_environment_scripts_only(amr_lan_2)
[0.740s] Level 1:colcon.colcon_core.environment:checking '/home/duo/dev_ws/install/amr_lan_2' for CMake module files
[0.741s] DEBUG:colcon.colcon_core.event_handler.log_command:Invoked command in '/home/duo/dev_ws/build/amr_lan_2' returned '0': CMAKE_PREFIX_PATH=/opt/ros/humble /usr/bin/cmake --install /home/duo/dev_ws/build/amr_lan_2
[0.741s] Level 1:colcon.colcon_core.environment:checking '/home/duo/dev_ws/install/amr_lan_2' for CMake config files
[0.742s] Level 1:colcon.colcon_core.shell:create_environment_hook('amr_lan_2', 'cmake_prefix_path')
[0.743s] INFO:colcon.colcon_core.shell:Creating environment hook '/home/duo/dev_ws/install/amr_lan_2/share/amr_lan_2/hook/cmake_prefix_path.ps1'
[0.743s] INFO:colcon.colcon_core.shell:Creating environment descriptor '/home/duo/dev_ws/install/amr_lan_2/share/amr_lan_2/hook/cmake_prefix_path.dsv'
[0.744s] INFO:colcon.colcon_core.shell:Creating environment hook '/home/duo/dev_ws/install/amr_lan_2/share/amr_lan_2/hook/cmake_prefix_path.sh'
[0.744s] Level 1:colcon.colcon_core.environment:checking '/home/duo/dev_ws/install/amr_lan_2/bin'
[0.744s] Level 1:colcon.colcon_core.environment:checking '/home/duo/dev_ws/install/amr_lan_2/lib/pkgconfig/amr_lan_2.pc'
[0.744s] Level 1:colcon.colcon_core.environment:checking '/home/duo/dev_ws/install/amr_lan_2/lib/python3.10/site-packages'
[0.745s] Level 1:colcon.colcon_core.environment:checking '/home/duo/dev_ws/install/amr_lan_2/bin'
[0.745s] INFO:colcon.colcon_core.shell:Creating package script '/home/duo/dev_ws/install/amr_lan_2/share/amr_lan_2/package.ps1'
[0.746s] INFO:colcon.colcon_core.shell:Creating package descriptor '/home/duo/dev_ws/install/amr_lan_2/share/amr_lan_2/package.dsv'
[0.746s] INFO:colcon.colcon_core.shell:Creating package script '/home/duo/dev_ws/install/amr_lan_2/share/amr_lan_2/package.sh'
[0.747s] INFO:colcon.colcon_core.shell:Creating package script '/home/duo/dev_ws/install/amr_lan_2/share/amr_lan_2/package.bash'
[0.747s] INFO:colcon.colcon_core.shell:Creating package script '/home/duo/dev_ws/install/amr_lan_2/share/amr_lan_2/package.zsh'
[0.747s] Level 1:colcon.colcon_core.environment:create_file_with_runtime_dependencies(/home/duo/dev_ws/install/amr_lan_2/share/colcon-core/packages/amr_lan_2)
[0.748s] Level 1:colcon.colcon_core.environment:create_environment_scripts_only(amr_lan_2)
[0.749s] Level 1:colcon.colcon_core.environment:checking '/home/duo/dev_ws/install/amr_lan_2' for CMake module files
[0.749s] Level 1:colcon.colcon_core.environment:checking '/home/duo/dev_ws/install/amr_lan_2' for CMake config files
[0.750s] Level 1:colcon.colcon_core.shell:create_environment_hook('amr_lan_2', 'cmake_prefix_path')
[0.750s] INFO:colcon.colcon_core.shell:Creating environment hook '/home/duo/dev_ws/install/amr_lan_2/share/amr_lan_2/hook/cmake_prefix_path.ps1'
[0.751s] INFO:colcon.colcon_core.shell:Creating environment descriptor '/home/duo/dev_ws/install/amr_lan_2/share/amr_lan_2/hook/cmake_prefix_path.dsv'
[0.751s] INFO:colcon.colcon_core.shell:Creating environment hook '/home/duo/dev_ws/install/amr_lan_2/share/amr_lan_2/hook/cmake_prefix_path.sh'
[0.752s] Level 1:colcon.colcon_core.environment:checking '/home/duo/dev_ws/install/amr_lan_2/bin'
[0.752s] Level 1:colcon.colcon_core.environment:checking '/home/duo/dev_ws/install/amr_lan_2/lib/pkgconfig/amr_lan_2.pc'
[0.752s] Level 1:colcon.colcon_core.environment:checking '/home/duo/dev_ws/install/amr_lan_2/lib/python3.10/site-packages'
[0.752s] Level 1:colcon.colcon_core.environment:checking '/home/duo/dev_ws/install/amr_lan_2/bin'
[0.752s] INFO:colcon.colcon_core.shell:Creating package script '/home/duo/dev_ws/install/amr_lan_2/share/amr_lan_2/package.ps1'
[0.753s] INFO:colcon.colcon_core.shell:Creating package descriptor '/home/duo/dev_ws/install/amr_lan_2/share/amr_lan_2/package.dsv'
[0.754s] INFO:colcon.colcon_core.shell:Creating package script '/home/duo/dev_ws/install/amr_lan_2/share/amr_lan_2/package.sh'
[0.754s] INFO:colcon.colcon_core.shell:Creating package script '/home/duo/dev_ws/install/amr_lan_2/share/amr_lan_2/package.bash'
[0.755s] INFO:colcon.colcon_core.shell:Creating package script '/home/duo/dev_ws/install/amr_lan_2/share/amr_lan_2/package.zsh'
[0.755s] Level 1:colcon.colcon_core.environment:create_file_with_runtime_dependencies(/home/duo/dev_ws/install/amr_lan_2/share/colcon-core/packages/amr_lan_2)
[0.755s] Level 1:colcon.colcon_core.environment:create_environment_scripts_only(lap_thu_amr_description)
[0.756s] Level 1:colcon.colcon_core.environment:checking '/home/duo/dev_ws/install/lap_thu_amr_description' for CMake module files
[0.757s] DEBUG:colcon.colcon_core.event_handler.log_command:Invoked command in '/home/duo/dev_ws/build/lap_thu_amr_description' returned '0': CMAKE_PREFIX_PATH=/opt/ros/humble /usr/bin/cmake --install /home/duo/dev_ws/build/lap_thu_amr_description
[0.757s] Level 1:colcon.colcon_core.environment:checking '/home/duo/dev_ws/install/lap_thu_amr_description' for CMake config files
[0.758s] Level 1:colcon.colcon_core.shell:create_environment_hook('lap_thu_amr_description', 'cmake_prefix_path')
[0.758s] INFO:colcon.colcon_core.shell:Creating environment hook '/home/duo/dev_ws/install/lap_thu_amr_description/share/lap_thu_amr_description/hook/cmake_prefix_path.ps1'
[0.759s] INFO:colcon.colcon_core.shell:Creating environment descriptor '/home/duo/dev_ws/install/lap_thu_amr_description/share/lap_thu_amr_description/hook/cmake_prefix_path.dsv'
[0.759s] INFO:colcon.colcon_core.shell:Creating environment hook '/home/duo/dev_ws/install/lap_thu_amr_description/share/lap_thu_amr_description/hook/cmake_prefix_path.sh'
[0.760s] Level 1:colcon.colcon_core.environment:checking '/home/duo/dev_ws/install/lap_thu_amr_description/bin'
[0.760s] Level 1:colcon.colcon_core.environment:checking '/home/duo/dev_ws/install/lap_thu_amr_description/lib/pkgconfig/lap_thu_amr_description.pc'
[0.760s] Level 1:colcon.colcon_core.environment:checking '/home/duo/dev_ws/install/lap_thu_amr_description/lib/python3.10/site-packages'
[0.761s] Level 1:colcon.colcon_core.environment:checking '/home/duo/dev_ws/install/lap_thu_amr_description/bin'
[0.761s] INFO:colcon.colcon_core.shell:Creating package script '/home/duo/dev_ws/install/lap_thu_amr_description/share/lap_thu_amr_description/package.ps1'
[0.762s] INFO:colcon.colcon_core.shell:Creating package descriptor '/home/duo/dev_ws/install/lap_thu_amr_description/share/lap_thu_amr_description/package.dsv'
[0.762s] INFO:colcon.colcon_core.shell:Creating package script '/home/duo/dev_ws/install/lap_thu_amr_description/share/lap_thu_amr_description/package.sh'
[0.763s] INFO:colcon.colcon_core.shell:Creating package script '/home/duo/dev_ws/install/lap_thu_amr_description/share/lap_thu_amr_description/package.bash'
[0.763s] INFO:colcon.colcon_core.shell:Creating package script '/home/duo/dev_ws/install/lap_thu_amr_description/share/lap_thu_amr_description/package.zsh'
[0.764s] Level 1:colcon.colcon_core.environment:create_file_with_runtime_dependencies(/home/duo/dev_ws/install/lap_thu_amr_description/share/colcon-core/packages/lap_thu_amr_description)
[0.765s] Level 1:colcon.colcon_core.environment:create_environment_scripts_only(lap_thu_amr_description)
[0.765s] Level 1:colcon.colcon_core.environment:checking '/home/duo/dev_ws/install/lap_thu_amr_description' for CMake module files
[0.765s] Level 1:colcon.colcon_core.environment:checking '/home/duo/dev_ws/install/lap_thu_amr_description' for CMake config files
[0.766s] Level 1:colcon.colcon_core.shell:create_environment_hook('lap_thu_amr_description', 'cmake_prefix_path')
[0.766s] INFO:colcon.colcon_core.shell:Creating environment hook '/home/duo/dev_ws/install/lap_thu_amr_description/share/lap_thu_amr_description/hook/cmake_prefix_path.ps1'
[0.767s] INFO:colcon.colcon_core.shell:Creating environment descriptor '/home/duo/dev_ws/install/lap_thu_amr_description/share/lap_thu_amr_description/hook/cmake_prefix_path.dsv'
[0.768s] INFO:colcon.colcon_core.shell:Creating environment hook '/home/duo/dev_ws/install/lap_thu_amr_description/share/lap_thu_amr_description/hook/cmake_prefix_path.sh'
[0.769s] Level 1:colcon.colcon_core.environment:checking '/home/duo/dev_ws/install/lap_thu_amr_description/bin'
[0.769s] Level 1:colcon.colcon_core.environment:checking '/home/duo/dev_ws/install/lap_thu_amr_description/lib/pkgconfig/lap_thu_amr_description.pc'
[0.769s] Level 1:colcon.colcon_core.environment:checking '/home/duo/dev_ws/install/lap_thu_amr_description/lib/python3.10/site-packages'
[0.769s] Level 1:colcon.colcon_core.environment:checking '/home/duo/dev_ws/install/lap_thu_amr_description/bin'
[0.770s] INFO:colcon.colcon_core.shell:Creating package script '/home/duo/dev_ws/install/lap_thu_amr_description/share/lap_thu_amr_description/package.ps1'
[0.771s] INFO:colcon.colcon_core.shell:Creating package descriptor '/home/duo/dev_ws/install/lap_thu_amr_description/share/lap_thu_amr_description/package.dsv'
[0.771s] INFO:colcon.colcon_core.shell:Creating package script '/home/duo/dev_ws/install/lap_thu_amr_description/share/lap_thu_amr_description/package.sh'
[0.772s] INFO:colcon.colcon_core.shell:Creating package script '/home/duo/dev_ws/install/lap_thu_amr_description/share/lap_thu_amr_description/package.bash'
[0.773s] INFO:colcon.colcon_core.shell:Creating package script '/home/duo/dev_ws/install/lap_thu_amr_description/share/lap_thu_amr_description/package.zsh'
[0.773s] Level 1:colcon.colcon_core.environment:create_file_with_runtime_dependencies(/home/duo/dev_ws/install/lap_thu_amr_description/share/colcon-core/packages/lap_thu_amr_description)
[0.976s] DEBUG:colcon.colcon_core.event_handler.log_command:Invoked command in '/home/duo/dev_ws/build/amr_lan_2_mesh' returned '0': CMAKE_PREFIX_PATH=/opt/ros/humble /usr/bin/cmake --build /home/duo/dev_ws/build/amr_lan_2_mesh -- -j8 -l8
[0.978s] DEBUG:colcon.colcon_core.event_handler.log_command:Invoking command in '/home/duo/dev_ws/build/amr_lan_2_mesh': CMAKE_PREFIX_PATH=/opt/ros/humble /usr/bin/cmake --install /home/duo/dev_ws/build/amr_lan_2_mesh
[1.022s] Level 1:colcon.colcon_core.environment:create_environment_scripts_only(amr_lan_2_mesh)
[1.023s] Level 1:colcon.colcon_core.environment:checking '/home/duo/dev_ws/install/amr_lan_2_mesh' for CMake module files
[1.023s] DEBUG:colcon.colcon_core.event_handler.log_command:Invoked command in '/home/duo/dev_ws/build/amr_lan_2_mesh' returned '0': CMAKE_PREFIX_PATH=/opt/ros/humble /usr/bin/cmake --install /home/duo/dev_ws/build/amr_lan_2_mesh
[1.024s] Level 1:colcon.colcon_core.environment:checking '/home/duo/dev_ws/install/amr_lan_2_mesh' for CMake config files
[1.025s] Level 1:colcon.colcon_core.shell:create_environment_hook('amr_lan_2_mesh', 'cmake_prefix_path')
[1.025s] INFO:colcon.colcon_core.shell:Creating environment hook '/home/duo/dev_ws/install/amr_lan_2_mesh/share/amr_lan_2_mesh/hook/cmake_prefix_path.ps1'
[1.025s] INFO:colcon.colcon_core.shell:Creating environment descriptor '/home/duo/dev_ws/install/amr_lan_2_mesh/share/amr_lan_2_mesh/hook/cmake_prefix_path.dsv'
[1.026s] INFO:colcon.colcon_core.shell:Creating environment hook '/home/duo/dev_ws/install/amr_lan_2_mesh/share/amr_lan_2_mesh/hook/cmake_prefix_path.sh'
[1.026s] Level 1:colcon.colcon_core.environment:checking '/home/duo/dev_ws/install/amr_lan_2_mesh/bin'
[1.026s] Level 1:colcon.colcon_core.environment:checking '/home/duo/dev_ws/install/amr_lan_2_mesh/lib/pkgconfig/amr_lan_2_mesh.pc'
[1.027s] Level 1:colcon.colcon_core.environment:checking '/home/duo/dev_ws/install/amr_lan_2_mesh/lib/python3.10/site-packages'
[1.027s] Level 1:colcon.colcon_core.environment:checking '/home/duo/dev_ws/install/amr_lan_2_mesh/bin'
[1.027s] INFO:colcon.colcon_core.shell:Creating package script '/home/duo/dev_ws/install/amr_lan_2_mesh/share/amr_lan_2_mesh/package.ps1'
[1.028s] INFO:colcon.colcon_core.shell:Creating package descriptor '/home/duo/dev_ws/install/amr_lan_2_mesh/share/amr_lan_2_mesh/package.dsv'
[1.028s] INFO:colcon.colcon_core.shell:Creating package script '/home/duo/dev_ws/install/amr_lan_2_mesh/share/amr_lan_2_mesh/package.sh'
[1.029s] INFO:colcon.colcon_core.shell:Creating package script '/home/duo/dev_ws/install/amr_lan_2_mesh/share/amr_lan_2_mesh/package.bash'
[1.029s] INFO:colcon.colcon_core.shell:Creating package script '/home/duo/dev_ws/install/amr_lan_2_mesh/share/amr_lan_2_mesh/package.zsh'
[1.029s] Level 1:colcon.colcon_core.environment:create_file_with_runtime_dependencies(/home/duo/dev_ws/install/amr_lan_2_mesh/share/colcon-core/packages/amr_lan_2_mesh)
[1.030s] Level 1:colcon.colcon_core.environment:create_environment_scripts_only(amr_lan_2_mesh)
[1.030s] Level 1:colcon.colcon_core.environment:checking '/home/duo/dev_ws/install/amr_lan_2_mesh' for CMake module files
[1.031s] Level 1:colcon.colcon_core.environment:checking '/home/duo/dev_ws/install/amr_lan_2_mesh' for CMake config files
[1.031s] Level 1:colcon.colcon_core.shell:create_environment_hook('amr_lan_2_mesh', 'cmake_prefix_path')
[1.032s] INFO:colcon.colcon_core.shell:Creating environment hook '/home/duo/dev_ws/install/amr_lan_2_mesh/share/amr_lan_2_mesh/hook/cmake_prefix_path.ps1'
[1.032s] INFO:colcon.colcon_core.shell:Creating environment descriptor '/home/duo/dev_ws/install/amr_lan_2_mesh/share/amr_lan_2_mesh/hook/cmake_prefix_path.dsv'
[1.032s] INFO:colcon.colcon_core.shell:Creating environment hook '/home/duo/dev_ws/install/amr_lan_2_mesh/share/amr_lan_2_mesh/hook/cmake_prefix_path.sh'
[1.033s] Level 1:colcon.colcon_core.environment:checking '/home/duo/dev_ws/install/amr_lan_2_mesh/bin'
[1.033s] Level 1:colcon.colcon_core.environment:checking '/home/duo/dev_ws/install/amr_lan_2_mesh/lib/pkgconfig/amr_lan_2_mesh.pc'
[1.033s] Level 1:colcon.colcon_core.environment:checking '/home/duo/dev_ws/install/amr_lan_2_mesh/lib/python3.10/site-packages'
[1.033s] Level 1:colcon.colcon_core.environment:checking '/home/duo/dev_ws/install/amr_lan_2_mesh/bin'
[1.034s] INFO:colcon.colcon_core.shell:Creating package script '/home/duo/dev_ws/install/amr_lan_2_mesh/share/amr_lan_2_mesh/package.ps1'
[1.034s] INFO:colcon.colcon_core.shell:Creating package descriptor '/home/duo/dev_ws/install/amr_lan_2_mesh/share/amr_lan_2_mesh/package.dsv'
[1.035s] INFO:colcon.colcon_core.shell:Creating package script '/home/duo/dev_ws/install/amr_lan_2_mesh/share/amr_lan_2_mesh/package.sh'
[1.036s] INFO:colcon.colcon_core.shell:Creating package script '/home/duo/dev_ws/install/amr_lan_2_mesh/share/amr_lan_2_mesh/package.bash'
[1.037s] INFO:colcon.colcon_core.shell:Creating package script '/home/duo/dev_ws/install/amr_lan_2_mesh/share/amr_lan_2_mesh/package.zsh'
[1.038s] Level 1:colcon.colcon_core.environment:create_file_with_runtime_dependencies(/home/duo/dev_ws/install/amr_lan_2_mesh/share/colcon-core/packages/amr_lan_2_mesh)
[1.038s] DEBUG:colcon.colcon_parallel_executor.executor.parallel:closing loop
[1.039s] DEBUG:colcon.colcon_parallel_executor.executor.parallel:loop closed
[1.040s] DEBUG:colcon.colcon_parallel_executor.executor.parallel:run_until_complete finished with '0'
[1.040s] DEBUG:colcon.colcon_core.event_reactor:joining thread
[1.056s] INFO:colcon.colcon_core.plugin_system:Skipping extension 'colcon_notification.desktop_notification.terminal_notifier': Not used on non-Darwin systems
[1.056s] INFO:colcon.colcon_core.plugin_system:Skipping extension 'colcon_notification.desktop_notification.win32': Not used on non-Windows systems
[1.056s] INFO:colcon.colcon_notification.desktop_notification:Sending desktop notification using 'notify2'
[1.102s] DEBUG:colcon.colcon_core.event_reactor:joined thread
[1.103s] INFO:colcon.colcon_core.shell:Creating prefix script '/home/duo/dev_ws/install/local_setup.ps1'
[1.106s] INFO:colcon.colcon_core.shell:Creating prefix util module '/home/duo/dev_ws/install/_local_setup_util_ps1.py'
[1.109s] INFO:colcon.colcon_core.shell:Creating prefix chain script '/home/duo/dev_ws/install/setup.ps1'
[1.112s] INFO:colcon.colcon_core.shell:Creating prefix script '/home/duo/dev_ws/install/local_setup.sh'
[1.114s] INFO:colcon.colcon_core.shell:Creating prefix util module '/home/duo/dev_ws/install/_local_setup_util_sh.py'
[1.116s] INFO:colcon.colcon_core.shell:Creating prefix chain script '/home/duo/dev_ws/install/setup.sh'
[1.119s] INFO:colcon.colcon_core.shell:Creating prefix script '/home/duo/dev_ws/install/local_setup.bash'
[1.121s] INFO:colcon.colcon_core.shell:Creating prefix chain script '/home/duo/dev_ws/install/setup.bash'
[1.124s] INFO:colcon.colcon_core.shell:Creating prefix script '/home/duo/dev_ws/install/local_setup.zsh'
[1.126s] INFO:colcon.colcon_core.shell:Creating prefix chain script '/home/duo/dev_ws/install/setup.zsh'
