[0.056s] Invoking command in '/home/duo/dev_ws/build/amr_lan_2': CMAKE_PREFIX_PATH=${CMAKE_PREFIX_PATH}:/home/duo/dev_ws/install/custom_laser_filter:/opt/ros/humble /usr/bin/cmake --build /home/duo/dev_ws/build/amr_lan_2 -- -j8 -l8
[0.496s] Invoked command in '/home/duo/dev_ws/build/amr_lan_2' returned '0': CMAKE_PREFIX_PATH=${CMAKE_PREFIX_PATH}:/home/duo/dev_ws/install/custom_laser_filter:/opt/ros/humble /usr/bin/cmake --build /home/duo/dev_ws/build/amr_lan_2 -- -j8 -l8
[0.501s] Invoking command in '/home/duo/dev_ws/build/amr_lan_2': CMAKE_PREFIX_PATH=${CMAKE_PREFIX_PATH}:/home/duo/dev_ws/install/custom_laser_filter:/opt/ros/humble /usr/bin/cmake --install /home/duo/dev_ws/build/amr_lan_2
[0.523s] -- Install configuration: ""
[0.523s] -- Execute custom install script
[0.528s] -- Up-to-date symlink: /home/duo/dev_ws/install/amr_lan_2/share/amr_lan_2/config/view_bot.rviz
[0.534s] -- Up-to-date symlink: /home/duo/dev_ws/install/amr_lan_2/share/amr_lan_2/description/gazebo_control.xacro
[0.535s] -- Up-to-date symlink: /home/duo/dev_ws/install/amr_lan_2/share/amr_lan_2/description/inertial_macros.xacro
[0.535s] -- Up-to-date symlink: /home/duo/dev_ws/install/amr_lan_2/share/amr_lan_2/description/robot.urdf.xacro
[0.535s] -- Up-to-date symlink: /home/duo/dev_ws/install/amr_lan_2/share/amr_lan_2/description/robot_core.xacro
[0.535s] -- Up-to-date symlink: /home/duo/dev_ws/install/amr_lan_2/share/amr_lan_2/description/tmep
[0.537s] -- Up-to-date symlink: /home/duo/dev_ws/install/amr_lan_2/share/amr_lan_2/launch/launch_sim.launch.py
[0.537s] -- Up-to-date symlink: /home/duo/dev_ws/install/amr_lan_2/share/amr_lan_2/launch/rsp.launch.py
[0.537s] -- Up-to-date symlink: /home/duo/dev_ws/install/amr_lan_2/share/amr_lan_2/meshes/base_footprint.STL
[0.541s] -- Up-to-date symlink: /home/duo/dev_ws/install/amr_lan_2/share/amr_lan_2/meshes/base_link.STL
[0.541s] -- Up-to-date symlink: /home/duo/dev_ws/install/amr_lan_2/share/amr_lan_2/meshes/caster_wheel_left_behind.STL
[0.541s] -- Up-to-date symlink: /home/duo/dev_ws/install/amr_lan_2/share/amr_lan_2/meshes/caster_wheel_left_front.STL
[0.541s] -- Up-to-date symlink: /home/duo/dev_ws/install/amr_lan_2/share/amr_lan_2/meshes/caster_wheel_right_behind.STL
[0.542s] -- Up-to-date symlink: /home/duo/dev_ws/install/amr_lan_2/share/amr_lan_2/meshes/caster_wheel_right_front.STL
[0.543s] [31mCMake Error at ament_cmake_symlink_install/ament_cmake_symlink_install.cmake:105 (message):
[0.543s]   ament_cmake_symlink_install_directory() can't find
[0.543s]   '/home/duo/dev_ws/src/amr_lan_2/worlds'
[0.543s] Call Stack (most recent call first):
[0.543s]   ament_cmake_symlink_install/ament_cmake_symlink_install.cmake:319 (ament_cmake_symlink_install_directory)
[0.543s]   cmake_install.cmake:46 (include)
[0.544s] 
[0.544s] [0m
[0.544s] -- Up-to-date symlink: /home/duo/dev_ws/install/amr_lan_2/share/amr_lan_2/meshes/imu_link.STL
[0.544s] -- Up-to-date symlink: /home/duo/dev_ws/install/amr_lan_2/share/amr_lan_2/meshes/laser_frame.STL
[0.544s] -- Up-to-date symlink: /home/duo/dev_ws/install/amr_lan_2/share/amr_lan_2/meshes/left_wheel.STL
[0.544s] -- Up-to-date symlink: /home/duo/dev_ws/install/amr_lan_2/share/amr_lan_2/meshes/right_wheel.STL
[0.575s] Invoked command in '/home/duo/dev_ws/build/amr_lan_2' returned '1': CMAKE_PREFIX_PATH=${CMAKE_PREFIX_PATH}:/home/duo/dev_ws/install/custom_laser_filter:/opt/ros/humble /usr/bin/cmake --install /home/duo/dev_ws/build/amr_lan_2
