-- Install configuration: ""
-- Execute custom install script
-- Up-to-date symlink: /home/duo/dev_ws/install/amr_lan_3/share/amr_lan_3/description/inertial_macros.xacro
-- Up-to-date symlink: /home/duo/dev_ws/install/amr_lan_3/share/amr_lan_3/description/lidar.xacro
-- Up-to-date symlink: /home/duo/dev_ws/install/amr_lan_3/share/amr_lan_3/description/robot.urdf.xacro
-- Up-to-date symlink: /home/duo/dev_ws/install/amr_lan_3/share/amr_lan_3/description/robot_core.xacro
-- Up-to-date symlink: /home/duo/dev_ws/install/amr_lan_3/share/amr_lan_3/launch/rsp.launch.py
-- Up-to-date symlink: /home/duo/dev_ws/install/amr_lan_3/share/ament_index/resource_index/package_run_dependencies/amr_lan_3
-- Up-to-date symlink: /home/duo/dev_ws/install/amr_lan_3/share/ament_index/resource_index/parent_prefix_path/amr_lan_3
-- Up-to-date symlink: /home/duo/dev_ws/install/amr_lan_3/share/amr_lan_3/environment/ament_prefix_path.sh
-- Up-to-date symlink: /home/duo/dev_ws/install/amr_lan_3/share/amr_lan_3/environment/ament_prefix_path.dsv
-- Up-to-date symlink: /home/duo/dev_ws/install/amr_lan_3/share/amr_lan_3/environment/path.sh
-- Up-to-date symlink: /home/duo/dev_ws/install/amr_lan_3/share/amr_lan_3/environment/path.dsv
-- Up-to-date symlink: /home/duo/dev_ws/install/amr_lan_3/share/amr_lan_3/local_setup.bash
-- Up-to-date symlink: /home/duo/dev_ws/install/amr_lan_3/share/amr_lan_3/local_setup.sh
-- Up-to-date symlink: /home/duo/dev_ws/install/amr_lan_3/share/amr_lan_3/local_setup.zsh
-- Up-to-date symlink: /home/duo/dev_ws/install/amr_lan_3/share/amr_lan_3/local_setup.dsv
-- Symlinking: /home/duo/dev_ws/install/amr_lan_3/share/amr_lan_3/package.dsv
-- Up-to-date symlink: /home/duo/dev_ws/install/amr_lan_3/share/ament_index/resource_index/packages/amr_lan_3
-- Up-to-date symlink: /home/duo/dev_ws/install/amr_lan_3/share/amr_lan_3/cmake/amr_lan_3Config.cmake
-- Up-to-date symlink: /home/duo/dev_ws/install/amr_lan_3/share/amr_lan_3/cmake/amr_lan_3Config-version.cmake
-- Up-to-date symlink: /home/duo/dev_ws/install/amr_lan_3/share/amr_lan_3/package.xml
