[0.016s] Invoking command in '/home/duo/dev_ws/build/amr_lan_3': CMAKE_PREFIX_PATH=/opt/ros/humble /usr/bin/cmake --build /home/duo/dev_ws/build/amr_lan_3 -- -j8 -l8
[0.063s] Invoked command in '/home/duo/dev_ws/build/amr_lan_3' returned '0': CMAKE_PREFIX_PATH=/opt/ros/humble /usr/bin/cmake --build /home/duo/dev_ws/build/amr_lan_3 -- -j8 -l8
[0.077s] Invoking command in '/home/duo/dev_ws/build/amr_lan_3': CMAKE_PREFIX_PATH=/opt/ros/humble /usr/bin/cmake --install /home/duo/dev_ws/build/amr_lan_3
[0.085s] -- Install configuration: ""
[0.086s] -- Execute custom install script
[0.086s] -- Up-to-date symlink: /home/duo/dev_ws/install/amr_lan_3/share/amr_lan_3/description/inertial_macros.xacro
[0.086s] -- Up-to-date symlink: /home/duo/dev_ws/install/amr_lan_3/share/amr_lan_3/description/lidar.xacro
[0.086s] -- Up-to-date symlink: /home/duo/dev_ws/install/amr_lan_3/share/amr_lan_3/description/robot.urdf.xacro
[0.087s] -- Up-to-date symlink: /home/duo/dev_ws/install/amr_lan_3/share/amr_lan_3/description/robot_core.xacro
[0.087s] -- Up-to-date symlink: /home/duo/dev_ws/install/amr_lan_3/share/amr_lan_3/launch/rsp.launch.py
[0.087s] -- Up-to-date symlink: /home/duo/dev_ws/install/amr_lan_3/share/ament_index/resource_index/package_run_dependencies/amr_lan_3
[0.087s] -- Up-to-date symlink: /home/duo/dev_ws/install/amr_lan_3/share/ament_index/resource_index/parent_prefix_path/amr_lan_3
[0.088s] -- Up-to-date symlink: /home/duo/dev_ws/install/amr_lan_3/share/amr_lan_3/environment/ament_prefix_path.sh
[0.088s] -- Up-to-date symlink: /home/duo/dev_ws/install/amr_lan_3/share/amr_lan_3/environment/ament_prefix_path.dsv
[0.088s] -- Up-to-date symlink: /home/duo/dev_ws/install/amr_lan_3/share/amr_lan_3/environment/path.sh
[0.088s] -- Up-to-date symlink: /home/duo/dev_ws/install/amr_lan_3/share/amr_lan_3/environment/path.dsv
[0.089s] -- Up-to-date symlink: /home/duo/dev_ws/install/amr_lan_3/share/amr_lan_3/local_setup.bash
[0.089s] -- Up-to-date symlink: /home/duo/dev_ws/install/amr_lan_3/share/amr_lan_3/local_setup.sh
[0.089s] -- Up-to-date symlink: /home/duo/dev_ws/install/amr_lan_3/share/amr_lan_3/local_setup.zsh
[0.089s] -- Up-to-date symlink: /home/duo/dev_ws/install/amr_lan_3/share/amr_lan_3/local_setup.dsv
[0.089s] -- Symlinking: /home/duo/dev_ws/install/amr_lan_3/share/amr_lan_3/package.dsv
[0.102s] -- Up-to-date symlink: /home/duo/dev_ws/install/amr_lan_3/share/ament_index/resource_index/packages/amr_lan_3
[0.102s] -- Up-to-date symlink: /home/duo/dev_ws/install/amr_lan_3/share/amr_lan_3/cmake/amr_lan_3Config.cmake
[0.103s] -- Up-to-date symlink: /home/duo/dev_ws/install/amr_lan_3/share/amr_lan_3/cmake/amr_lan_3Config-version.cmake
[0.103s] -- Up-to-date symlink: /home/duo/dev_ws/install/amr_lan_3/share/amr_lan_3/package.xml
[0.106s] Invoked command in '/home/duo/dev_ws/build/amr_lan_3' returned '0': CMAKE_PREFIX_PATH=/opt/ros/humble /usr/bin/cmake --install /home/duo/dev_ws/build/amr_lan_3
