[0.021s] Invoking command in '/home/duo/dev_ws/build/amr_lan_2': CMAKE_PREFIX_PATH=/opt/ros/humble /usr/bin/cmake --build /home/duo/dev_ws/build/amr_lan_2 -- -j8 -l8
[0.084s] Invoked command in '/home/duo/dev_ws/build/amr_lan_2' returned '0': CMAKE_PREFIX_PATH=/opt/ros/humble /usr/bin/cmake --build /home/duo/dev_ws/build/amr_lan_2 -- -j8 -l8
[0.101s] Invoking command in '/home/duo/dev_ws/build/amr_lan_2': CMAKE_PREFIX_PATH=/opt/ros/humble /usr/bin/cmake --install /home/duo/dev_ws/build/amr_lan_2
[0.111s] -- Install configuration: ""
[0.112s] -- Execute custom install script
[0.113s] -- Up-to-date symlink: /home/duo/dev_ws/install/amr_lan_2/share/amr_lan_2/description/robot.urdf.xacro
[0.113s] -- Symlinking: /home/duo/dev_ws/install/amr_lan_2/share/amr_lan_2/launch/rsp.launch.py
[0.133s] -- Up-to-date symlink: /home/duo/dev_ws/install/amr_lan_2/share/ament_index/resource_index/package_run_dependencies/amr_lan_2
[0.133s] -- Up-to-date symlink: /home/duo/dev_ws/install/amr_lan_2/share/ament_index/resource_index/parent_prefix_path/amr_lan_2
[0.134s] -- Up-to-date symlink: /home/duo/dev_ws/install/amr_lan_2/share/amr_lan_2/environment/ament_prefix_path.sh
[0.136s] -- Up-to-date symlink: /home/duo/dev_ws/install/amr_lan_2/share/amr_lan_2/environment/ament_prefix_path.dsv
[0.137s] -- Up-to-date symlink: /home/duo/dev_ws/install/amr_lan_2/share/amr_lan_2/environment/path.sh
[0.137s] -- Up-to-date symlink: /home/duo/dev_ws/install/amr_lan_2/share/amr_lan_2/environment/path.dsv
[0.138s] -- Up-to-date symlink: /home/duo/dev_ws/install/amr_lan_2/share/amr_lan_2/local_setup.bash
[0.138s] -- Up-to-date symlink: /home/duo/dev_ws/install/amr_lan_2/share/amr_lan_2/local_setup.sh
[0.138s] -- Up-to-date symlink: /home/duo/dev_ws/install/amr_lan_2/share/amr_lan_2/local_setup.zsh
[0.138s] -- Up-to-date symlink: /home/duo/dev_ws/install/amr_lan_2/share/amr_lan_2/local_setup.dsv
[0.139s] -- Symlinking: /home/duo/dev_ws/install/amr_lan_2/share/amr_lan_2/package.dsv
[0.151s] -- Up-to-date symlink: /home/duo/dev_ws/install/amr_lan_2/share/ament_index/resource_index/packages/amr_lan_2
[0.152s] -- Up-to-date symlink: /home/duo/dev_ws/install/amr_lan_2/share/amr_lan_2/cmake/amr_lan_2Config.cmake
[0.152s] -- Up-to-date symlink: /home/duo/dev_ws/install/amr_lan_2/share/amr_lan_2/cmake/amr_lan_2Config-version.cmake
[0.153s] -- Up-to-date symlink: /home/duo/dev_ws/install/amr_lan_2/share/amr_lan_2/package.xml
[0.204s] Invoked command in '/home/duo/dev_ws/build/amr_lan_2' returned '0': CMAKE_PREFIX_PATH=/opt/ros/humble /usr/bin/cmake --install /home/duo/dev_ws/build/amr_lan_2
