[0.415s] Invoking command in '/home/duo/dev_ws/build/hinson_hardware': CMAKE_PREFIX_PATH=${CMAKE_PREFIX_PATH}:/home/duo/dev_ws/install/custom_laser_filter:/opt/ros/humble /usr/bin/cmake --build /home/duo/dev_ws/build/hinson_hardware -- -j8 -l8
[0.511s] [35m[1mConsolidate compiler generated dependencies of target hinson_hardware[0m
[0.529s] [ 50%] [32mBuilding CXX object CMakeFiles/hinson_hardware.dir/src/hinson_system.cpp.o[0m
[5.016s] [100%] [32m[1mLinking CXX shared library libhinson_hardware.so[0m
[5.313s] [100%] Built target hinson_hardware
[5.334s] Invoked command in '/home/duo/dev_ws/build/hinson_hardware' returned '0': CMAKE_PREFIX_PATH=${CMAKE_PREFIX_PATH}:/home/duo/dev_ws/install/custom_laser_filter:/opt/ros/humble /usr/bin/cmake --build /home/duo/dev_ws/build/hinson_hardware -- -j8 -l8
[5.338s] Invoking command in '/home/duo/dev_ws/build/hinson_hardware': CMAKE_PREFIX_PATH=${CMAKE_PREFIX_PATH}:/home/duo/dev_ws/install/custom_laser_filter:/opt/ros/humble /usr/bin/cmake --install /home/duo/dev_ws/build/hinson_hardware
[5.357s] -- Install configuration: ""
[5.357s] -- Execute custom install script
[5.358s] -- Up-to-date symlink: /home/duo/dev_ws/install/hinson_hardware/share/hinson_hardware//hinson_hardware.xml
[5.358s] -- Up-to-date symlink: /home/duo/dev_ws/install/hinson_hardware/lib/libhinson_hardware.so
[5.359s] -- Up-to-date symlink: /home/duo/dev_ws/install/hinson_hardware/include/hinson_hardware/hinson_system.hpp
[5.359s] -- Up-to-date symlink: /home/duo/dev_ws/install/hinson_hardware/share/hinson_hardware/hinson_hardware.xml
[5.360s] -- Up-to-date symlink: /home/duo/dev_ws/install/hinson_hardware/share/hinson_hardware/environment/library_path.sh
[5.360s] -- Up-to-date symlink: /home/duo/dev_ws/install/hinson_hardware/share/hinson_hardware/environment/library_path.dsv
[5.361s] -- Up-to-date symlink: /home/duo/dev_ws/install/hinson_hardware/share/ament_index/resource_index/package_run_dependencies/hinson_hardware
[5.361s] -- Up-to-date symlink: /home/duo/dev_ws/install/hinson_hardware/share/ament_index/resource_index/parent_prefix_path/hinson_hardware
[5.361s] -- Up-to-date symlink: /home/duo/dev_ws/install/hinson_hardware/share/hinson_hardware/environment/ament_prefix_path.sh
[5.362s] -- Up-to-date symlink: /home/duo/dev_ws/install/hinson_hardware/share/hinson_hardware/environment/ament_prefix_path.dsv
[5.362s] -- Up-to-date symlink: /home/duo/dev_ws/install/hinson_hardware/share/hinson_hardware/environment/path.sh
[5.362s] -- Up-to-date symlink: /home/duo/dev_ws/install/hinson_hardware/share/hinson_hardware/environment/path.dsv
[5.362s] -- Up-to-date symlink: /home/duo/dev_ws/install/hinson_hardware/share/hinson_hardware/local_setup.bash
[5.362s] -- Up-to-date symlink: /home/duo/dev_ws/install/hinson_hardware/share/hinson_hardware/local_setup.sh
[5.362s] -- Up-to-date symlink: /home/duo/dev_ws/install/hinson_hardware/share/hinson_hardware/local_setup.zsh
[5.362s] -- Up-to-date symlink: /home/duo/dev_ws/install/hinson_hardware/share/hinson_hardware/local_setup.dsv
[5.363s] -- Symlinking: /home/duo/dev_ws/install/hinson_hardware/share/hinson_hardware/package.dsv
[5.376s] -- Up-to-date symlink: /home/duo/dev_ws/install/hinson_hardware/share/ament_index/resource_index/packages/hinson_hardware
[5.376s] -- Up-to-date symlink: /home/duo/dev_ws/install/hinson_hardware/share/ament_index/resource_index/hardware_interface__pluginlib__plugin/hinson_hardware
[5.376s] -- Up-to-date symlink: /home/duo/dev_ws/install/hinson_hardware/share/hinson_hardware/cmake/ament_cmake_export_include_directories-extras.cmake
[5.377s] -- Up-to-date symlink: /home/duo/dev_ws/install/hinson_hardware/share/hinson_hardware/cmake/ament_cmake_export_libraries-extras.cmake
[5.377s] -- Up-to-date symlink: /home/duo/dev_ws/install/hinson_hardware/share/hinson_hardware/cmake/ament_cmake_export_dependencies-extras.cmake
[5.377s] -- Up-to-date symlink: /home/duo/dev_ws/install/hinson_hardware/share/hinson_hardware/cmake/hinson_hardwareConfig.cmake
[5.378s] -- Up-to-date symlink: /home/duo/dev_ws/install/hinson_hardware/share/hinson_hardware/cmake/hinson_hardwareConfig-version.cmake
[5.378s] -- Up-to-date symlink: /home/duo/dev_ws/install/hinson_hardware/share/hinson_hardware/package.xml
[5.381s] Invoked command in '/home/duo/dev_ws/build/hinson_hardware' returned '0': CMAKE_PREFIX_PATH=${CMAKE_PREFIX_PATH}:/home/duo/dev_ws/install/custom_laser_filter:/opt/ros/humble /usr/bin/cmake --install /home/duo/dev_ws/build/hinson_hardware
