[0.127s] DEBUG:colcon:Command line arguments: ['/usr/bin/colcon', 'build', '--symlink-install']
[0.127s] DEBUG:colcon:Parsed command line arguments: Namespace(log_base=None, log_level=None, verb_name='build', build_base='build', install_base='install', merge_install=False, symlink_install=True, test_result_base=None, continue_on_error=False, executor='parallel', parallel_workers=8, event_handlers=None, ignore_user_meta=False, metas=['./colcon.meta'], base_paths=['.'], packages_ignore=None, packages_ignore_regex=None, paths=None, packages_up_to=None, packages_up_to_regex=None, packages_above=None, packages_above_and_dependencies=None, packages_above_depth=None, packages_select_by_dep=None, packages_skip_by_dep=None, packages_skip_up_to=None, packages_select_build_failed=False, packages_skip_build_finished=False, packages_select_test_failures=False, packages_skip_test_passed=False, packages_select=None, packages_skip=None, packages_select_regex=None, packages_skip_regex=None, packages_start=None, packages_end=None, allow_overriding=[], cmake_args=None, cmake_target=None, cmake_target_skip_unavailable=False, cmake_clean_cache=False, cmake_clean_first=False, cmake_force_configure=False, ament_cmake_args=None, catkin_cmake_args=None, catkin_skip_building_tests=False, verb_parser=<colcon_defaults.argument_parser.defaults.DefaultArgumentsDecorator object at 0x78e09c8717b0>, verb_extension=<colcon_core.verb.build.BuildVerb object at 0x78e09c8711b0>, main=<bound method BuildVerb.main of <colcon_core.verb.build.BuildVerb object at 0x78e09c8711b0>>)
[0.359s] Level 1:colcon.colcon_core.package_discovery:discover_packages(colcon_meta) check parameters
[0.359s] Level 1:colcon.colcon_core.package_discovery:discover_packages(recursive) check parameters
[0.359s] Level 1:colcon.colcon_core.package_discovery:discover_packages(ignore) check parameters
[0.359s] Level 1:colcon.colcon_core.package_discovery:discover_packages(path) check parameters
[0.359s] Level 1:colcon.colcon_core.package_discovery:discover_packages(colcon_meta) discover
[0.359s] Level 1:colcon.colcon_core.package_discovery:discover_packages(recursive) discover
[0.359s] INFO:colcon.colcon_core.package_discovery:Crawling recursively for packages in '/home/duo/dev_ws'
[0.359s] Level 1:colcon.colcon_core.package_identification:_identify(.) by extensions ['ignore', 'ignore_ament_install']
[0.360s] Level 1:colcon.colcon_core.package_identification:_identify(.) by extension 'ignore'
[0.360s] Level 1:colcon.colcon_core.package_identification:_identify(.) by extension 'ignore_ament_install'
[0.360s] Level 1:colcon.colcon_core.package_identification:_identify(.) by extensions ['colcon_pkg']
[0.360s] Level 1:colcon.colcon_core.package_identification:_identify(.) by extension 'colcon_pkg'
[0.360s] Level 1:colcon.colcon_core.package_identification:_identify(.) by extensions ['colcon_meta']
[0.360s] Level 1:colcon.colcon_core.package_identification:_identify(.) by extension 'colcon_meta'
[0.360s] Level 1:colcon.colcon_core.package_identification:_identify(.) by extensions ['ros']
[0.360s] Level 1:colcon.colcon_core.package_identification:_identify(.) by extension 'ros'
[0.373s] Level 1:colcon.colcon_core.package_identification:_identify(.) by extensions ['cmake', 'python']
[0.373s] Level 1:colcon.colcon_core.package_identification:_identify(.) by extension 'cmake'
[0.374s] Level 1:colcon.colcon_core.package_identification:_identify(.) by extension 'python'
[0.374s] Level 1:colcon.colcon_core.package_identification:_identify(.) by extensions ['python_setup_py']
[0.374s] Level 1:colcon.colcon_core.package_identification:_identify(.) by extension 'python_setup_py'
[0.374s] Level 1:colcon.colcon_core.package_identification:_identify(build) by extensions ['ignore', 'ignore_ament_install']
[0.374s] Level 1:colcon.colcon_core.package_identification:_identify(build) by extension 'ignore'
[0.374s] Level 1:colcon.colcon_core.package_identification:_identify(build) ignored
[0.374s] Level 1:colcon.colcon_core.package_identification:_identify(install) by extensions ['ignore', 'ignore_ament_install']
[0.374s] Level 1:colcon.colcon_core.package_identification:_identify(install) by extension 'ignore'
[0.374s] Level 1:colcon.colcon_core.package_identification:_identify(install) ignored
[0.375s] Level 1:colcon.colcon_core.package_identification:_identify(log) by extensions ['ignore', 'ignore_ament_install']
[0.375s] Level 1:colcon.colcon_core.package_identification:_identify(log) by extension 'ignore'
[0.375s] Level 1:colcon.colcon_core.package_identification:_identify(log) ignored
[0.375s] Level 1:colcon.colcon_core.package_identification:_identify(src) by extensions ['ignore', 'ignore_ament_install']
[0.375s] Level 1:colcon.colcon_core.package_identification:_identify(src) by extension 'ignore'
[0.375s] Level 1:colcon.colcon_core.package_identification:_identify(src) by extension 'ignore_ament_install'
[0.375s] Level 1:colcon.colcon_core.package_identification:_identify(src) by extensions ['colcon_pkg']
[0.375s] Level 1:colcon.colcon_core.package_identification:_identify(src) by extension 'colcon_pkg'
[0.375s] Level 1:colcon.colcon_core.package_identification:_identify(src) by extensions ['colcon_meta']
[0.375s] Level 1:colcon.colcon_core.package_identification:_identify(src) by extension 'colcon_meta'
[0.376s] Level 1:colcon.colcon_core.package_identification:_identify(src) by extensions ['ros']
[0.376s] Level 1:colcon.colcon_core.package_identification:_identify(src) by extension 'ros'
[0.376s] Level 1:colcon.colcon_core.package_identification:_identify(src) by extensions ['cmake', 'python']
[0.376s] Level 1:colcon.colcon_core.package_identification:_identify(src) by extension 'cmake'
[0.376s] Level 1:colcon.colcon_core.package_identification:_identify(src) by extension 'python'
[0.376s] Level 1:colcon.colcon_core.package_identification:_identify(src) by extensions ['python_setup_py']
[0.376s] Level 1:colcon.colcon_core.package_identification:_identify(src) by extension 'python_setup_py'
[0.376s] Level 1:colcon.colcon_core.package_identification:_identify(src/amr_lan_2) by extensions ['ignore', 'ignore_ament_install']
[0.376s] Level 1:colcon.colcon_core.package_identification:_identify(src/amr_lan_2) by extension 'ignore'
[0.376s] Level 1:colcon.colcon_core.package_identification:_identify(src/amr_lan_2) by extension 'ignore_ament_install'
[0.376s] Level 1:colcon.colcon_core.package_identification:_identify(src/amr_lan_2) by extensions ['colcon_pkg']
[0.376s] Level 1:colcon.colcon_core.package_identification:_identify(src/amr_lan_2) by extension 'colcon_pkg'
[0.376s] Level 1:colcon.colcon_core.package_identification:_identify(src/amr_lan_2) by extensions ['colcon_meta']
[0.376s] Level 1:colcon.colcon_core.package_identification:_identify(src/amr_lan_2) by extension 'colcon_meta'
[0.376s] Level 1:colcon.colcon_core.package_identification:_identify(src/amr_lan_2) by extensions ['ros']
[0.376s] Level 1:colcon.colcon_core.package_identification:_identify(src/amr_lan_2) by extension 'ros'
[0.380s] DEBUG:colcon.colcon_core.package_identification:Package 'src/amr_lan_2' with type 'ros.ament_cmake' and name 'amr_lan_2'
[0.381s] Level 1:colcon.colcon_core.package_identification:_identify(src/amr_lan_2_mesh) by extensions ['ignore', 'ignore_ament_install']
[0.381s] Level 1:colcon.colcon_core.package_identification:_identify(src/amr_lan_2_mesh) by extension 'ignore'
[0.381s] Level 1:colcon.colcon_core.package_identification:_identify(src/amr_lan_2_mesh) by extension 'ignore_ament_install'
[0.381s] Level 1:colcon.colcon_core.package_identification:_identify(src/amr_lan_2_mesh) by extensions ['colcon_pkg']
[0.381s] Level 1:colcon.colcon_core.package_identification:_identify(src/amr_lan_2_mesh) by extension 'colcon_pkg'
[0.381s] Level 1:colcon.colcon_core.package_identification:_identify(src/amr_lan_2_mesh) by extensions ['colcon_meta']
[0.381s] Level 1:colcon.colcon_core.package_identification:_identify(src/amr_lan_2_mesh) by extension 'colcon_meta'
[0.381s] Level 1:colcon.colcon_core.package_identification:_identify(src/amr_lan_2_mesh) by extensions ['ros']
[0.381s] Level 1:colcon.colcon_core.package_identification:_identify(src/amr_lan_2_mesh) by extension 'ros'
[0.382s] DEBUG:colcon.colcon_core.package_identification:Package 'src/amr_lan_2_mesh' with type 'ros.ament_cmake' and name 'amr_lan_2_mesh'
[0.382s] Level 1:colcon.colcon_core.package_identification:_identify(src/amr_lan_3) by extensions ['ignore', 'ignore_ament_install']
[0.382s] Level 1:colcon.colcon_core.package_identification:_identify(src/amr_lan_3) by extension 'ignore'
[0.382s] Level 1:colcon.colcon_core.package_identification:_identify(src/amr_lan_3) by extension 'ignore_ament_install'
[0.383s] Level 1:colcon.colcon_core.package_identification:_identify(src/amr_lan_3) by extensions ['colcon_pkg']
[0.383s] Level 1:colcon.colcon_core.package_identification:_identify(src/amr_lan_3) by extension 'colcon_pkg'
[0.383s] Level 1:colcon.colcon_core.package_identification:_identify(src/amr_lan_3) by extensions ['colcon_meta']
[0.383s] Level 1:colcon.colcon_core.package_identification:_identify(src/amr_lan_3) by extension 'colcon_meta'
[0.383s] Level 1:colcon.colcon_core.package_identification:_identify(src/amr_lan_3) by extensions ['ros']
[0.383s] Level 1:colcon.colcon_core.package_identification:_identify(src/amr_lan_3) by extension 'ros'
[0.383s] DEBUG:colcon.colcon_core.package_identification:Package 'src/amr_lan_3' with type 'ros.ament_cmake' and name 'amr_lan_3'
[0.384s] Level 1:colcon.colcon_core.package_identification:_identify(src/custom_laser_filter) by extensions ['ignore', 'ignore_ament_install']
[0.384s] Level 1:colcon.colcon_core.package_identification:_identify(src/custom_laser_filter) by extension 'ignore'
[0.384s] Level 1:colcon.colcon_core.package_identification:_identify(src/custom_laser_filter) by extension 'ignore_ament_install'
[0.384s] Level 1:colcon.colcon_core.package_identification:_identify(src/custom_laser_filter) by extensions ['colcon_pkg']
[0.384s] Level 1:colcon.colcon_core.package_identification:_identify(src/custom_laser_filter) by extension 'colcon_pkg'
[0.384s] Level 1:colcon.colcon_core.package_identification:_identify(src/custom_laser_filter) by extensions ['colcon_meta']
[0.384s] Level 1:colcon.colcon_core.package_identification:_identify(src/custom_laser_filter) by extension 'colcon_meta'
[0.384s] Level 1:colcon.colcon_core.package_identification:_identify(src/custom_laser_filter) by extensions ['ros']
[0.384s] Level 1:colcon.colcon_core.package_identification:_identify(src/custom_laser_filter) by extension 'ros'
[0.385s] DEBUG:colcon.colcon_core.package_identification:Package 'src/custom_laser_filter' with type 'ros.ament_python' and name 'custom_laser_filter'
[0.385s] Level 1:colcon.colcon_core.package_identification:_identify(src/duobot_one) by extensions ['ignore', 'ignore_ament_install']
[0.385s] Level 1:colcon.colcon_core.package_identification:_identify(src/duobot_one) by extension 'ignore'
[0.385s] Level 1:colcon.colcon_core.package_identification:_identify(src/duobot_one) by extension 'ignore_ament_install'
[0.385s] Level 1:colcon.colcon_core.package_identification:_identify(src/duobot_one) by extensions ['colcon_pkg']
[0.385s] Level 1:colcon.colcon_core.package_identification:_identify(src/duobot_one) by extension 'colcon_pkg'
[0.385s] Level 1:colcon.colcon_core.package_identification:_identify(src/duobot_one) by extensions ['colcon_meta']
[0.385s] Level 1:colcon.colcon_core.package_identification:_identify(src/duobot_one) by extension 'colcon_meta'
[0.385s] Level 1:colcon.colcon_core.package_identification:_identify(src/duobot_one) by extensions ['ros']
[0.385s] Level 1:colcon.colcon_core.package_identification:_identify(src/duobot_one) by extension 'ros'
[0.386s] DEBUG:colcon.colcon_core.package_identification:Package 'src/duobot_one' with type 'ros.ament_cmake' and name 'duobot_one'
[0.386s] Level 1:colcon.colcon_core.package_identification:_identify(src/hinson_hardware) by extensions ['ignore', 'ignore_ament_install']
[0.386s] Level 1:colcon.colcon_core.package_identification:_identify(src/hinson_hardware) by extension 'ignore'
[0.386s] Level 1:colcon.colcon_core.package_identification:_identify(src/hinson_hardware) by extension 'ignore_ament_install'
[0.387s] Level 1:colcon.colcon_core.package_identification:_identify(src/hinson_hardware) by extensions ['colcon_pkg']
[0.387s] Level 1:colcon.colcon_core.package_identification:_identify(src/hinson_hardware) by extension 'colcon_pkg'
[0.387s] Level 1:colcon.colcon_core.package_identification:_identify(src/hinson_hardware) by extensions ['colcon_meta']
[0.387s] Level 1:colcon.colcon_core.package_identification:_identify(src/hinson_hardware) by extension 'colcon_meta'
[0.387s] Level 1:colcon.colcon_core.package_identification:_identify(src/hinson_hardware) by extensions ['ros']
[0.387s] Level 1:colcon.colcon_core.package_identification:_identify(src/hinson_hardware) by extension 'ros'
[0.388s] DEBUG:colcon.colcon_core.package_identification:Package 'src/hinson_hardware' with type 'ros.ament_cmake' and name 'hinson_hardware'
[0.388s] Level 1:colcon.colcon_core.package_identification:_identify(src/lap_thu_amr_description) by extensions ['ignore', 'ignore_ament_install']
[0.388s] Level 1:colcon.colcon_core.package_identification:_identify(src/lap_thu_amr_description) by extension 'ignore'
[0.388s] Level 1:colcon.colcon_core.package_identification:_identify(src/lap_thu_amr_description) by extension 'ignore_ament_install'
[0.388s] Level 1:colcon.colcon_core.package_identification:_identify(src/lap_thu_amr_description) by extensions ['colcon_pkg']
[0.388s] Level 1:colcon.colcon_core.package_identification:_identify(src/lap_thu_amr_description) by extension 'colcon_pkg'
[0.388s] Level 1:colcon.colcon_core.package_identification:_identify(src/lap_thu_amr_description) by extensions ['colcon_meta']
[0.388s] Level 1:colcon.colcon_core.package_identification:_identify(src/lap_thu_amr_description) by extension 'colcon_meta'
[0.388s] Level 1:colcon.colcon_core.package_identification:_identify(src/lap_thu_amr_description) by extensions ['ros']
[0.388s] Level 1:colcon.colcon_core.package_identification:_identify(src/lap_thu_amr_description) by extension 'ros'
[0.389s] DEBUG:colcon.colcon_core.package_identification:Package 'src/lap_thu_amr_description' with type 'ros.ament_cmake' and name 'lap_thu_amr_description'
[0.389s] Level 1:colcon.colcon_core.package_discovery:discover_packages(recursive) using defaults
[0.389s] Level 1:colcon.colcon_core.package_discovery:discover_packages(ignore) discover
[0.389s] Level 1:colcon.colcon_core.package_discovery:discover_packages(ignore) using defaults
[0.389s] Level 1:colcon.colcon_core.package_discovery:discover_packages(path) discover
[0.389s] Level 1:colcon.colcon_core.package_discovery:discover_packages(path) using defaults
[0.432s] Level 1:colcon.colcon_core.package_discovery:discover_packages(prefix_path) check parameters
[0.432s] Level 1:colcon.colcon_core.package_discovery:discover_packages(prefix_path) discover
[0.435s] DEBUG:colcon.colcon_installed_package_information.package_discovery:Found 7 installed packages in /home/duo/dev_ws/install
[0.438s] DEBUG:colcon.colcon_installed_package_information.package_discovery:Found 486 installed packages in /opt/ros/humble
[0.441s] Level 1:colcon.colcon_core.package_discovery:discover_packages(prefix_path) using defaults
[0.526s] Level 5:colcon.colcon_core.verb:set package 'amr_lan_2' build argument 'cmake_args' from command line to 'None'
[0.526s] Level 5:colcon.colcon_core.verb:set package 'amr_lan_2' build argument 'cmake_target' from command line to 'None'
[0.526s] Level 5:colcon.colcon_core.verb:set package 'amr_lan_2' build argument 'cmake_target_skip_unavailable' from command line to 'False'
[0.526s] Level 5:colcon.colcon_core.verb:set package 'amr_lan_2' build argument 'cmake_clean_cache' from command line to 'False'
[0.527s] Level 5:colcon.colcon_core.verb:set package 'amr_lan_2' build argument 'cmake_clean_first' from command line to 'False'
[0.527s] Level 5:colcon.colcon_core.verb:set package 'amr_lan_2' build argument 'cmake_force_configure' from command line to 'False'
[0.527s] Level 5:colcon.colcon_core.verb:set package 'amr_lan_2' build argument 'ament_cmake_args' from command line to 'None'
[0.527s] Level 5:colcon.colcon_core.verb:set package 'amr_lan_2' build argument 'catkin_cmake_args' from command line to 'None'
[0.527s] Level 5:colcon.colcon_core.verb:set package 'amr_lan_2' build argument 'catkin_skip_building_tests' from command line to 'False'
[0.527s] DEBUG:colcon.colcon_core.verb:Building package 'amr_lan_2' with the following arguments: {'ament_cmake_args': None, 'build_base': '/home/duo/dev_ws/build/amr_lan_2', 'catkin_cmake_args': None, 'catkin_skip_building_tests': False, 'cmake_args': None, 'cmake_clean_cache': False, 'cmake_clean_first': False, 'cmake_force_configure': False, 'cmake_target': None, 'cmake_target_skip_unavailable': False, 'install_base': '/home/duo/dev_ws/install/amr_lan_2', 'merge_install': False, 'path': '/home/duo/dev_ws/src/amr_lan_2', 'symlink_install': True, 'test_result_base': None}
[0.527s] Level 5:colcon.colcon_core.verb:set package 'amr_lan_2_mesh' build argument 'cmake_args' from command line to 'None'
[0.527s] Level 5:colcon.colcon_core.verb:set package 'amr_lan_2_mesh' build argument 'cmake_target' from command line to 'None'
[0.527s] Level 5:colcon.colcon_core.verb:set package 'amr_lan_2_mesh' build argument 'cmake_target_skip_unavailable' from command line to 'False'
[0.527s] Level 5:colcon.colcon_core.verb:set package 'amr_lan_2_mesh' build argument 'cmake_clean_cache' from command line to 'False'
[0.527s] Level 5:colcon.colcon_core.verb:set package 'amr_lan_2_mesh' build argument 'cmake_clean_first' from command line to 'False'
[0.527s] Level 5:colcon.colcon_core.verb:set package 'amr_lan_2_mesh' build argument 'cmake_force_configure' from command line to 'False'
[0.528s] Level 5:colcon.colcon_core.verb:set package 'amr_lan_2_mesh' build argument 'ament_cmake_args' from command line to 'None'
[0.528s] Level 5:colcon.colcon_core.verb:set package 'amr_lan_2_mesh' build argument 'catkin_cmake_args' from command line to 'None'
[0.528s] Level 5:colcon.colcon_core.verb:set package 'amr_lan_2_mesh' build argument 'catkin_skip_building_tests' from command line to 'False'
[0.528s] DEBUG:colcon.colcon_core.verb:Building package 'amr_lan_2_mesh' with the following arguments: {'ament_cmake_args': None, 'build_base': '/home/duo/dev_ws/build/amr_lan_2_mesh', 'catkin_cmake_args': None, 'catkin_skip_building_tests': False, 'cmake_args': None, 'cmake_clean_cache': False, 'cmake_clean_first': False, 'cmake_force_configure': False, 'cmake_target': None, 'cmake_target_skip_unavailable': False, 'install_base': '/home/duo/dev_ws/install/amr_lan_2_mesh', 'merge_install': False, 'path': '/home/duo/dev_ws/src/amr_lan_2_mesh', 'symlink_install': True, 'test_result_base': None}
[0.528s] Level 5:colcon.colcon_core.verb:set package 'amr_lan_3' build argument 'cmake_args' from command line to 'None'
[0.528s] Level 5:colcon.colcon_core.verb:set package 'amr_lan_3' build argument 'cmake_target' from command line to 'None'
[0.528s] Level 5:colcon.colcon_core.verb:set package 'amr_lan_3' build argument 'cmake_target_skip_unavailable' from command line to 'False'
[0.528s] Level 5:colcon.colcon_core.verb:set package 'amr_lan_3' build argument 'cmake_clean_cache' from command line to 'False'
[0.528s] Level 5:colcon.colcon_core.verb:set package 'amr_lan_3' build argument 'cmake_clean_first' from command line to 'False'
[0.528s] Level 5:colcon.colcon_core.verb:set package 'amr_lan_3' build argument 'cmake_force_configure' from command line to 'False'
[0.528s] Level 5:colcon.colcon_core.verb:set package 'amr_lan_3' build argument 'ament_cmake_args' from command line to 'None'
[0.529s] Level 5:colcon.colcon_core.verb:set package 'amr_lan_3' build argument 'catkin_cmake_args' from command line to 'None'
[0.529s] Level 5:colcon.colcon_core.verb:set package 'amr_lan_3' build argument 'catkin_skip_building_tests' from command line to 'False'
[0.529s] DEBUG:colcon.colcon_core.verb:Building package 'amr_lan_3' with the following arguments: {'ament_cmake_args': None, 'build_base': '/home/duo/dev_ws/build/amr_lan_3', 'catkin_cmake_args': None, 'catkin_skip_building_tests': False, 'cmake_args': None, 'cmake_clean_cache': False, 'cmake_clean_first': False, 'cmake_force_configure': False, 'cmake_target': None, 'cmake_target_skip_unavailable': False, 'install_base': '/home/duo/dev_ws/install/amr_lan_3', 'merge_install': False, 'path': '/home/duo/dev_ws/src/amr_lan_3', 'symlink_install': True, 'test_result_base': None}
[0.529s] Level 5:colcon.colcon_core.verb:set package 'custom_laser_filter' build argument 'cmake_args' from command line to 'None'
[0.529s] Level 5:colcon.colcon_core.verb:set package 'custom_laser_filter' build argument 'cmake_target' from command line to 'None'
[0.529s] Level 5:colcon.colcon_core.verb:set package 'custom_laser_filter' build argument 'cmake_target_skip_unavailable' from command line to 'False'
[0.529s] Level 5:colcon.colcon_core.verb:set package 'custom_laser_filter' build argument 'cmake_clean_cache' from command line to 'False'
[0.529s] Level 5:colcon.colcon_core.verb:set package 'custom_laser_filter' build argument 'cmake_clean_first' from command line to 'False'
[0.529s] Level 5:colcon.colcon_core.verb:set package 'custom_laser_filter' build argument 'cmake_force_configure' from command line to 'False'
[0.529s] Level 5:colcon.colcon_core.verb:set package 'custom_laser_filter' build argument 'ament_cmake_args' from command line to 'None'
[0.529s] Level 5:colcon.colcon_core.verb:set package 'custom_laser_filter' build argument 'catkin_cmake_args' from command line to 'None'
[0.529s] Level 5:colcon.colcon_core.verb:set package 'custom_laser_filter' build argument 'catkin_skip_building_tests' from command line to 'False'
[0.530s] DEBUG:colcon.colcon_core.verb:Building package 'custom_laser_filter' with the following arguments: {'ament_cmake_args': None, 'build_base': '/home/duo/dev_ws/build/custom_laser_filter', 'catkin_cmake_args': None, 'catkin_skip_building_tests': False, 'cmake_args': None, 'cmake_clean_cache': False, 'cmake_clean_first': False, 'cmake_force_configure': False, 'cmake_target': None, 'cmake_target_skip_unavailable': False, 'install_base': '/home/duo/dev_ws/install/custom_laser_filter', 'merge_install': False, 'path': '/home/duo/dev_ws/src/custom_laser_filter', 'symlink_install': True, 'test_result_base': None}
[0.530s] Level 5:colcon.colcon_core.verb:set package 'duobot_one' build argument 'cmake_args' from command line to 'None'
[0.530s] Level 5:colcon.colcon_core.verb:set package 'duobot_one' build argument 'cmake_target' from command line to 'None'
[0.530s] Level 5:colcon.colcon_core.verb:set package 'duobot_one' build argument 'cmake_target_skip_unavailable' from command line to 'False'
[0.530s] Level 5:colcon.colcon_core.verb:set package 'duobot_one' build argument 'cmake_clean_cache' from command line to 'False'
[0.530s] Level 5:colcon.colcon_core.verb:set package 'duobot_one' build argument 'cmake_clean_first' from command line to 'False'
[0.530s] Level 5:colcon.colcon_core.verb:set package 'duobot_one' build argument 'cmake_force_configure' from command line to 'False'
[0.530s] Level 5:colcon.colcon_core.verb:set package 'duobot_one' build argument 'ament_cmake_args' from command line to 'None'
[0.530s] Level 5:colcon.colcon_core.verb:set package 'duobot_one' build argument 'catkin_cmake_args' from command line to 'None'
[0.530s] Level 5:colcon.colcon_core.verb:set package 'duobot_one' build argument 'catkin_skip_building_tests' from command line to 'False'
[0.530s] DEBUG:colcon.colcon_core.verb:Building package 'duobot_one' with the following arguments: {'ament_cmake_args': None, 'build_base': '/home/duo/dev_ws/build/duobot_one', 'catkin_cmake_args': None, 'catkin_skip_building_tests': False, 'cmake_args': None, 'cmake_clean_cache': False, 'cmake_clean_first': False, 'cmake_force_configure': False, 'cmake_target': None, 'cmake_target_skip_unavailable': False, 'install_base': '/home/duo/dev_ws/install/duobot_one', 'merge_install': False, 'path': '/home/duo/dev_ws/src/duobot_one', 'symlink_install': True, 'test_result_base': None}
[0.531s] Level 5:colcon.colcon_core.verb:set package 'hinson_hardware' build argument 'cmake_args' from command line to 'None'
[0.531s] Level 5:colcon.colcon_core.verb:set package 'hinson_hardware' build argument 'cmake_target' from command line to 'None'
[0.531s] Level 5:colcon.colcon_core.verb:set package 'hinson_hardware' build argument 'cmake_target_skip_unavailable' from command line to 'False'
[0.531s] Level 5:colcon.colcon_core.verb:set package 'hinson_hardware' build argument 'cmake_clean_cache' from command line to 'False'
[0.531s] Level 5:colcon.colcon_core.verb:set package 'hinson_hardware' build argument 'cmake_clean_first' from command line to 'False'
[0.531s] Level 5:colcon.colcon_core.verb:set package 'hinson_hardware' build argument 'cmake_force_configure' from command line to 'False'
[0.531s] Level 5:colcon.colcon_core.verb:set package 'hinson_hardware' build argument 'ament_cmake_args' from command line to 'None'
[0.531s] Level 5:colcon.colcon_core.verb:set package 'hinson_hardware' build argument 'catkin_cmake_args' from command line to 'None'
[0.531s] Level 5:colcon.colcon_core.verb:set package 'hinson_hardware' build argument 'catkin_skip_building_tests' from command line to 'False'
[0.531s] DEBUG:colcon.colcon_core.verb:Building package 'hinson_hardware' with the following arguments: {'ament_cmake_args': None, 'build_base': '/home/duo/dev_ws/build/hinson_hardware', 'catkin_cmake_args': None, 'catkin_skip_building_tests': False, 'cmake_args': None, 'cmake_clean_cache': False, 'cmake_clean_first': False, 'cmake_force_configure': False, 'cmake_target': None, 'cmake_target_skip_unavailable': False, 'install_base': '/home/duo/dev_ws/install/hinson_hardware', 'merge_install': False, 'path': '/home/duo/dev_ws/src/hinson_hardware', 'symlink_install': True, 'test_result_base': None}
[0.531s] Level 5:colcon.colcon_core.verb:set package 'lap_thu_amr_description' build argument 'cmake_args' from command line to 'None'
[0.532s] Level 5:colcon.colcon_core.verb:set package 'lap_thu_amr_description' build argument 'cmake_target' from command line to 'None'
[0.532s] Level 5:colcon.colcon_core.verb:set package 'lap_thu_amr_description' build argument 'cmake_target_skip_unavailable' from command line to 'False'
[0.532s] Level 5:colcon.colcon_core.verb:set package 'lap_thu_amr_description' build argument 'cmake_clean_cache' from command line to 'False'
[0.532s] Level 5:colcon.colcon_core.verb:set package 'lap_thu_amr_description' build argument 'cmake_clean_first' from command line to 'False'
[0.532s] Level 5:colcon.colcon_core.verb:set package 'lap_thu_amr_description' build argument 'cmake_force_configure' from command line to 'False'
[0.532s] Level 5:colcon.colcon_core.verb:set package 'lap_thu_amr_description' build argument 'ament_cmake_args' from command line to 'None'
[0.532s] Level 5:colcon.colcon_core.verb:set package 'lap_thu_amr_description' build argument 'catkin_cmake_args' from command line to 'None'
[0.532s] Level 5:colcon.colcon_core.verb:set package 'lap_thu_amr_description' build argument 'catkin_skip_building_tests' from command line to 'False'
[0.532s] DEBUG:colcon.colcon_core.verb:Building package 'lap_thu_amr_description' with the following arguments: {'ament_cmake_args': None, 'build_base': '/home/duo/dev_ws/build/lap_thu_amr_description', 'catkin_cmake_args': None, 'catkin_skip_building_tests': False, 'cmake_args': None, 'cmake_clean_cache': False, 'cmake_clean_first': False, 'cmake_force_configure': False, 'cmake_target': None, 'cmake_target_skip_unavailable': False, 'install_base': '/home/duo/dev_ws/install/lap_thu_amr_description', 'merge_install': False, 'path': '/home/duo/dev_ws/src/lap_thu_amr_description', 'symlink_install': True, 'test_result_base': None}
[0.532s] INFO:colcon.colcon_core.executor:Executing jobs using 'parallel' executor
[0.533s] DEBUG:colcon.colcon_parallel_executor.executor.parallel:run_until_complete
[0.534s] INFO:colcon.colcon_ros.task.ament_cmake.build:Building ROS package in '/home/duo/dev_ws/src/amr_lan_2' with build type 'ament_cmake'
[0.534s] INFO:colcon.colcon_cmake.task.cmake.build:Building CMake package in '/home/duo/dev_ws/src/amr_lan_2'
[0.538s] INFO:colcon.colcon_core.plugin_system:Skipping extension 'colcon_core.shell.bat': Not used on non-Windows systems
[0.538s] INFO:colcon.colcon_core.shell:Skip shell extension 'powershell' for command environment: Not usable outside of PowerShell
[0.538s] DEBUG:colcon.colcon_core.shell:Skip shell extension 'dsv' for command environment
[0.544s] INFO:colcon.colcon_ros.task.ament_cmake.build:Building ROS package in '/home/duo/dev_ws/src/amr_lan_2_mesh' with build type 'ament_cmake'
[0.544s] INFO:colcon.colcon_cmake.task.cmake.build:Building CMake package in '/home/duo/dev_ws/src/amr_lan_2_mesh'
[0.545s] INFO:colcon.colcon_core.shell:Skip shell extension 'powershell' for command environment: Not usable outside of PowerShell
[0.545s] DEBUG:colcon.colcon_core.shell:Skip shell extension 'dsv' for command environment
[0.551s] INFO:colcon.colcon_ros.task.ament_cmake.build:Building ROS package in '/home/duo/dev_ws/src/amr_lan_3' with build type 'ament_cmake'
[0.551s] INFO:colcon.colcon_cmake.task.cmake.build:Building CMake package in '/home/duo/dev_ws/src/amr_lan_3'
[0.551s] INFO:colcon.colcon_core.shell:Skip shell extension 'powershell' for command environment: Not usable outside of PowerShell
[0.551s] DEBUG:colcon.colcon_core.shell:Skip shell extension 'dsv' for command environment
[0.557s] INFO:colcon.colcon_ros.task.ament_python.build:Building ROS package in '/home/duo/dev_ws/src/custom_laser_filter' with build type 'ament_python'
[0.557s] Level 1:colcon.colcon_core.shell:create_environment_hook('custom_laser_filter', 'ament_prefix_path')
[0.558s] INFO:colcon.colcon_core.shell:Creating environment hook '/home/duo/dev_ws/install/custom_laser_filter/share/custom_laser_filter/hook/ament_prefix_path.ps1'
[0.559s] INFO:colcon.colcon_core.shell:Creating environment descriptor '/home/duo/dev_ws/install/custom_laser_filter/share/custom_laser_filter/hook/ament_prefix_path.dsv'
[0.559s] INFO:colcon.colcon_core.shell:Creating environment hook '/home/duo/dev_ws/install/custom_laser_filter/share/custom_laser_filter/hook/ament_prefix_path.sh'
[0.561s] INFO:colcon.colcon_core.shell:Skip shell extension 'powershell' for command environment: Not usable outside of PowerShell
[0.561s] DEBUG:colcon.colcon_core.shell:Skip shell extension 'dsv' for command environment
[0.567s] INFO:colcon.colcon_ros.task.ament_cmake.build:Building ROS package in '/home/duo/dev_ws/src/duobot_one' with build type 'ament_cmake'
[0.567s] INFO:colcon.colcon_cmake.task.cmake.build:Building CMake package in '/home/duo/dev_ws/src/duobot_one'
[0.568s] INFO:colcon.colcon_core.shell:Skip shell extension 'powershell' for command environment: Not usable outside of PowerShell
[0.568s] DEBUG:colcon.colcon_core.shell:Skip shell extension 'dsv' for command environment
[0.574s] INFO:colcon.colcon_ros.task.ament_cmake.build:Building ROS package in '/home/duo/dev_ws/src/hinson_hardware' with build type 'ament_cmake'
[0.574s] INFO:colcon.colcon_cmake.task.cmake.build:Building CMake package in '/home/duo/dev_ws/src/hinson_hardware'
[0.575s] INFO:colcon.colcon_core.shell:Skip shell extension 'powershell' for command environment: Not usable outside of PowerShell
[0.575s] DEBUG:colcon.colcon_core.shell:Skip shell extension 'dsv' for command environment
[0.581s] INFO:colcon.colcon_ros.task.ament_cmake.build:Building ROS package in '/home/duo/dev_ws/src/lap_thu_amr_description' with build type 'ament_cmake'
[0.581s] INFO:colcon.colcon_cmake.task.cmake.build:Building CMake package in '/home/duo/dev_ws/src/lap_thu_amr_description'
[0.581s] INFO:colcon.colcon_core.shell:Skip shell extension 'powershell' for command environment: Not usable outside of PowerShell
[0.581s] DEBUG:colcon.colcon_core.shell:Skip shell extension 'dsv' for command environment
[0.597s] DEBUG:colcon.colcon_core.event_handler.log_command:Invoking command in '/home/duo/dev_ws/build/amr_lan_2': CMAKE_PREFIX_PATH=${CMAKE_PREFIX_PATH}:/home/duo/dev_ws/install/custom_laser_filter:/opt/ros/humble /usr/bin/cmake --build /home/duo/dev_ws/build/amr_lan_2 -- -j8 -l8
[0.601s] DEBUG:colcon.colcon_core.event_handler.log_command:Invoking command in '/home/duo/dev_ws/build/amr_lan_2_mesh': CMAKE_PREFIX_PATH=${CMAKE_PREFIX_PATH}:/home/duo/dev_ws/install/custom_laser_filter:/opt/ros/humble /usr/bin/cmake --build /home/duo/dev_ws/build/amr_lan_2_mesh -- -j8 -l8
[0.606s] DEBUG:colcon.colcon_core.event_handler.log_command:Invoking command in '/home/duo/dev_ws/build/amr_lan_3': CMAKE_PREFIX_PATH=${CMAKE_PREFIX_PATH}:/home/duo/dev_ws/install/custom_laser_filter:/opt/ros/humble /usr/bin/cmake --build /home/duo/dev_ws/build/amr_lan_3 -- -j8 -l8
[0.969s] INFO:colcon.colcon_core.task.python.build:Building Python package in '/home/duo/dev_ws/src/custom_laser_filter'
[0.970s] INFO:colcon.colcon_core.shell:Skip shell extension 'powershell' for command environment: Not usable outside of PowerShell
[0.970s] DEBUG:colcon.colcon_core.shell:Skip shell extension 'dsv' for command environment
[0.981s] DEBUG:colcon.colcon_core.event_handler.log_command:Invoking command in '/home/duo/dev_ws/build/duobot_one': CMAKE_PREFIX_PATH=${CMAKE_PREFIX_PATH}:/home/duo/dev_ws/install/custom_laser_filter:/opt/ros/humble /usr/bin/cmake --build /home/duo/dev_ws/build/duobot_one -- -j8 -l8
[0.988s] DEBUG:colcon.colcon_core.event_handler.log_command:Invoking command in '/home/duo/dev_ws/build/hinson_hardware': CMAKE_PREFIX_PATH=${CMAKE_PREFIX_PATH}:/home/duo/dev_ws/install/custom_laser_filter:/opt/ros/humble /usr/bin/cmake --build /home/duo/dev_ws/build/hinson_hardware -- -j8 -l8
[0.998s] DEBUG:colcon.colcon_core.event_handler.log_command:Invoking command in '/home/duo/dev_ws/build/lap_thu_amr_description': CMAKE_PREFIX_PATH=${CMAKE_PREFIX_PATH}:/home/duo/dev_ws/install/custom_laser_filter:/opt/ros/humble /usr/bin/cmake --build /home/duo/dev_ws/build/lap_thu_amr_description -- -j8 -l8
[0.999s] DEBUG:colcon.colcon_core.event_handler.log_command:Invoked command in '/home/duo/dev_ws/build/amr_lan_2_mesh' returned '0': CMAKE_PREFIX_PATH=${CMAKE_PREFIX_PATH}:/home/duo/dev_ws/install/custom_laser_filter:/opt/ros/humble /usr/bin/cmake --build /home/duo/dev_ws/build/amr_lan_2_mesh -- -j8 -l8
[1.010s] DEBUG:colcon.colcon_core.event_handler.log_command:Invoking command in '/home/duo/dev_ws/build/amr_lan_2_mesh': CMAKE_PREFIX_PATH=${CMAKE_PREFIX_PATH}:/home/duo/dev_ws/install/custom_laser_filter:/opt/ros/humble /usr/bin/cmake --install /home/duo/dev_ws/build/amr_lan_2_mesh
[1.011s] DEBUG:colcon.colcon_core.event_handler.log_command:Invoked command in '/home/duo/dev_ws/build/amr_lan_3' returned '0': CMAKE_PREFIX_PATH=${CMAKE_PREFIX_PATH}:/home/duo/dev_ws/install/custom_laser_filter:/opt/ros/humble /usr/bin/cmake --build /home/duo/dev_ws/build/amr_lan_3 -- -j8 -l8
[1.014s] DEBUG:colcon.colcon_core.event_handler.log_command:Invoking command in '/home/duo/dev_ws/build/amr_lan_3': CMAKE_PREFIX_PATH=${CMAKE_PREFIX_PATH}:/home/duo/dev_ws/install/custom_laser_filter:/opt/ros/humble /usr/bin/cmake --install /home/duo/dev_ws/build/amr_lan_3
[1.017s] DEBUG:colcon.colcon_core.event_handler.log_command:Invoked command in '/home/duo/dev_ws/build/amr_lan_2' returned '0': CMAKE_PREFIX_PATH=${CMAKE_PREFIX_PATH}:/home/duo/dev_ws/install/custom_laser_filter:/opt/ros/humble /usr/bin/cmake --build /home/duo/dev_ws/build/amr_lan_2 -- -j8 -l8
[1.022s] DEBUG:colcon.colcon_core.event_handler.log_command:Invoking command in '/home/duo/dev_ws/build/amr_lan_2': CMAKE_PREFIX_PATH=${CMAKE_PREFIX_PATH}:/home/duo/dev_ws/install/custom_laser_filter:/opt/ros/humble /usr/bin/cmake --install /home/duo/dev_ws/build/amr_lan_2
[1.066s] Level 1:colcon.colcon_core.environment:create_environment_scripts_only(amr_lan_3)
[1.072s] DEBUG:colcon.colcon_core.event_handler.log_command:Invoked command in '/home/duo/dev_ws/build/duobot_one' returned '0': CMAKE_PREFIX_PATH=${CMAKE_PREFIX_PATH}:/home/duo/dev_ws/install/custom_laser_filter:/opt/ros/humble /usr/bin/cmake --build /home/duo/dev_ws/build/duobot_one -- -j8 -l8
[1.074s] DEBUG:colcon.colcon_core.event_handler.log_command:Invoking command in '/home/duo/dev_ws/build/duobot_one': CMAKE_PREFIX_PATH=${CMAKE_PREFIX_PATH}:/home/duo/dev_ws/install/custom_laser_filter:/opt/ros/humble /usr/bin/cmake --install /home/duo/dev_ws/build/duobot_one
[1.080s] Level 1:colcon.colcon_core.environment:checking '/home/duo/dev_ws/install/amr_lan_3' for CMake module files
[1.081s] DEBUG:colcon.colcon_core.event_handler.log_command:Invoked command in '/home/duo/dev_ws/build/amr_lan_3' returned '0': CMAKE_PREFIX_PATH=${CMAKE_PREFIX_PATH}:/home/duo/dev_ws/install/custom_laser_filter:/opt/ros/humble /usr/bin/cmake --install /home/duo/dev_ws/build/amr_lan_3
[1.086s] Level 1:colcon.colcon_core.environment:checking '/home/duo/dev_ws/install/amr_lan_3' for CMake config files
[1.088s] Level 1:colcon.colcon_core.shell:create_environment_hook('amr_lan_3', 'cmake_prefix_path')
[1.088s] INFO:colcon.colcon_core.shell:Creating environment hook '/home/duo/dev_ws/install/amr_lan_3/share/amr_lan_3/hook/cmake_prefix_path.ps1'
[1.089s] INFO:colcon.colcon_core.shell:Creating environment descriptor '/home/duo/dev_ws/install/amr_lan_3/share/amr_lan_3/hook/cmake_prefix_path.dsv'
[1.089s] INFO:colcon.colcon_core.shell:Creating environment hook '/home/duo/dev_ws/install/amr_lan_3/share/amr_lan_3/hook/cmake_prefix_path.sh'
[1.090s] Level 1:colcon.colcon_core.environment:checking '/home/duo/dev_ws/install/amr_lan_3/bin'
[1.091s] Level 1:colcon.colcon_core.environment:checking '/home/duo/dev_ws/install/amr_lan_3/lib/pkgconfig/amr_lan_3.pc'
[1.091s] Level 1:colcon.colcon_core.environment:checking '/home/duo/dev_ws/install/amr_lan_3/lib/python3.10/site-packages'
[1.091s] Level 1:colcon.colcon_core.environment:checking '/home/duo/dev_ws/install/amr_lan_3/bin'
[1.092s] INFO:colcon.colcon_core.shell:Creating package script '/home/duo/dev_ws/install/amr_lan_3/share/amr_lan_3/package.ps1'
[1.094s] INFO:colcon.colcon_core.shell:Creating package descriptor '/home/duo/dev_ws/install/amr_lan_3/share/amr_lan_3/package.dsv'
[1.095s] INFO:colcon.colcon_core.shell:Creating package script '/home/duo/dev_ws/install/amr_lan_3/share/amr_lan_3/package.sh'
[1.097s] INFO:colcon.colcon_core.shell:Creating package script '/home/duo/dev_ws/install/amr_lan_3/share/amr_lan_3/package.bash'
[1.099s] INFO:colcon.colcon_core.shell:Creating package script '/home/duo/dev_ws/install/amr_lan_3/share/amr_lan_3/package.zsh'
[1.100s] Level 1:colcon.colcon_core.environment:create_file_with_runtime_dependencies(/home/duo/dev_ws/install/amr_lan_3/share/colcon-core/packages/amr_lan_3)
[1.101s] Level 1:colcon.colcon_core.environment:create_environment_scripts_only(amr_lan_3)
[1.102s] Level 1:colcon.colcon_core.environment:checking '/home/duo/dev_ws/install/amr_lan_3' for CMake module files
[1.103s] Level 1:colcon.colcon_core.environment:checking '/home/duo/dev_ws/install/amr_lan_3' for CMake config files
[1.104s] Level 1:colcon.colcon_core.shell:create_environment_hook('amr_lan_3', 'cmake_prefix_path')
[1.104s] INFO:colcon.colcon_core.shell:Creating environment hook '/home/duo/dev_ws/install/amr_lan_3/share/amr_lan_3/hook/cmake_prefix_path.ps1'
[1.105s] INFO:colcon.colcon_core.shell:Creating environment descriptor '/home/duo/dev_ws/install/amr_lan_3/share/amr_lan_3/hook/cmake_prefix_path.dsv'
[1.106s] INFO:colcon.colcon_core.shell:Creating environment hook '/home/duo/dev_ws/install/amr_lan_3/share/amr_lan_3/hook/cmake_prefix_path.sh'
[1.107s] Level 1:colcon.colcon_core.environment:checking '/home/duo/dev_ws/install/amr_lan_3/bin'
[1.107s] Level 1:colcon.colcon_core.environment:checking '/home/duo/dev_ws/install/amr_lan_3/lib/pkgconfig/amr_lan_3.pc'
[1.107s] Level 1:colcon.colcon_core.environment:checking '/home/duo/dev_ws/install/amr_lan_3/lib/python3.10/site-packages'
[1.108s] Level 1:colcon.colcon_core.environment:checking '/home/duo/dev_ws/install/amr_lan_3/bin'
[1.108s] INFO:colcon.colcon_core.shell:Creating package script '/home/duo/dev_ws/install/amr_lan_3/share/amr_lan_3/package.ps1'
[1.110s] INFO:colcon.colcon_core.shell:Creating package descriptor '/home/duo/dev_ws/install/amr_lan_3/share/amr_lan_3/package.dsv'
[1.111s] INFO:colcon.colcon_core.shell:Creating package script '/home/duo/dev_ws/install/amr_lan_3/share/amr_lan_3/package.sh'
[1.111s] INFO:colcon.colcon_core.shell:Creating package script '/home/duo/dev_ws/install/amr_lan_3/share/amr_lan_3/package.bash'
[1.112s] INFO:colcon.colcon_core.shell:Creating package script '/home/duo/dev_ws/install/amr_lan_3/share/amr_lan_3/package.zsh'
[1.113s] Level 1:colcon.colcon_core.environment:create_file_with_runtime_dependencies(/home/duo/dev_ws/install/amr_lan_3/share/colcon-core/packages/amr_lan_3)
[1.117s] DEBUG:colcon.colcon_core.event_handler.log_command:Invoked command in '/home/duo/dev_ws/build/lap_thu_amr_description' returned '0': CMAKE_PREFIX_PATH=${CMAKE_PREFIX_PATH}:/home/duo/dev_ws/install/custom_laser_filter:/opt/ros/humble /usr/bin/cmake --build /home/duo/dev_ws/build/lap_thu_amr_description -- -j8 -l8
[1.120s] Level 1:colcon.colcon_core.environment:create_environment_scripts_only(amr_lan_2)
[1.120s] DEBUG:colcon.colcon_core.event_handler.log_command:Invoking command in '/home/duo/dev_ws/build/lap_thu_amr_description': CMAKE_PREFIX_PATH=${CMAKE_PREFIX_PATH}:/home/duo/dev_ws/install/custom_laser_filter:/opt/ros/humble /usr/bin/cmake --install /home/duo/dev_ws/build/lap_thu_amr_description
[1.121s] Level 1:colcon.colcon_core.environment:checking '/home/duo/dev_ws/install/amr_lan_2' for CMake module files
[1.122s] DEBUG:colcon.colcon_core.event_handler.log_command:Invoked command in '/home/duo/dev_ws/build/amr_lan_2' returned '0': CMAKE_PREFIX_PATH=${CMAKE_PREFIX_PATH}:/home/duo/dev_ws/install/custom_laser_filter:/opt/ros/humble /usr/bin/cmake --install /home/duo/dev_ws/build/amr_lan_2
[1.122s] Level 1:colcon.colcon_core.environment:checking '/home/duo/dev_ws/install/amr_lan_2' for CMake config files
[1.123s] Level 1:colcon.colcon_core.shell:create_environment_hook('amr_lan_2', 'cmake_prefix_path')
[1.124s] INFO:colcon.colcon_core.shell:Creating environment hook '/home/duo/dev_ws/install/amr_lan_2/share/amr_lan_2/hook/cmake_prefix_path.ps1'
[1.125s] INFO:colcon.colcon_core.shell:Creating environment descriptor '/home/duo/dev_ws/install/amr_lan_2/share/amr_lan_2/hook/cmake_prefix_path.dsv'
[1.125s] INFO:colcon.colcon_core.shell:Creating environment hook '/home/duo/dev_ws/install/amr_lan_2/share/amr_lan_2/hook/cmake_prefix_path.sh'
[1.127s] Level 1:colcon.colcon_core.environment:checking '/home/duo/dev_ws/install/amr_lan_2/bin'
[1.127s] Level 1:colcon.colcon_core.environment:checking '/home/duo/dev_ws/install/amr_lan_2/lib/pkgconfig/amr_lan_2.pc'
[1.127s] Level 1:colcon.colcon_core.environment:checking '/home/duo/dev_ws/install/amr_lan_2/lib/python3.10/site-packages'
[1.128s] Level 1:colcon.colcon_core.environment:checking '/home/duo/dev_ws/install/amr_lan_2/bin'
[1.129s] INFO:colcon.colcon_core.shell:Creating package script '/home/duo/dev_ws/install/amr_lan_2/share/amr_lan_2/package.ps1'
[1.130s] INFO:colcon.colcon_core.shell:Creating package descriptor '/home/duo/dev_ws/install/amr_lan_2/share/amr_lan_2/package.dsv'
[1.131s] INFO:colcon.colcon_core.shell:Creating package script '/home/duo/dev_ws/install/amr_lan_2/share/amr_lan_2/package.sh'
[1.134s] INFO:colcon.colcon_core.shell:Creating package script '/home/duo/dev_ws/install/amr_lan_2/share/amr_lan_2/package.bash'
[1.135s] INFO:colcon.colcon_core.shell:Creating package script '/home/duo/dev_ws/install/amr_lan_2/share/amr_lan_2/package.zsh'
[1.137s] Level 1:colcon.colcon_core.environment:create_file_with_runtime_dependencies(/home/duo/dev_ws/install/amr_lan_2/share/colcon-core/packages/amr_lan_2)
[1.141s] Level 1:colcon.colcon_core.environment:create_environment_scripts_only(amr_lan_2)
[1.144s] Level 1:colcon.colcon_core.environment:checking '/home/duo/dev_ws/install/amr_lan_2' for CMake module files
[1.146s] Level 1:colcon.colcon_core.environment:checking '/home/duo/dev_ws/install/amr_lan_2' for CMake config files
[1.147s] Level 1:colcon.colcon_core.shell:create_environment_hook('amr_lan_2', 'cmake_prefix_path')
[1.147s] INFO:colcon.colcon_core.shell:Creating environment hook '/home/duo/dev_ws/install/amr_lan_2/share/amr_lan_2/hook/cmake_prefix_path.ps1'
[1.148s] INFO:colcon.colcon_core.shell:Creating environment descriptor '/home/duo/dev_ws/install/amr_lan_2/share/amr_lan_2/hook/cmake_prefix_path.dsv'
[1.149s] INFO:colcon.colcon_core.shell:Creating environment hook '/home/duo/dev_ws/install/amr_lan_2/share/amr_lan_2/hook/cmake_prefix_path.sh'
[1.151s] Level 1:colcon.colcon_core.environment:checking '/home/duo/dev_ws/install/amr_lan_2/bin'
[1.151s] Level 1:colcon.colcon_core.environment:checking '/home/duo/dev_ws/install/amr_lan_2/lib/pkgconfig/amr_lan_2.pc'
[1.151s] Level 1:colcon.colcon_core.environment:checking '/home/duo/dev_ws/install/amr_lan_2/lib/python3.10/site-packages'
[1.152s] Level 1:colcon.colcon_core.environment:checking '/home/duo/dev_ws/install/amr_lan_2/bin'
[1.153s] INFO:colcon.colcon_core.shell:Creating package script '/home/duo/dev_ws/install/amr_lan_2/share/amr_lan_2/package.ps1'
[1.154s] INFO:colcon.colcon_core.shell:Creating package descriptor '/home/duo/dev_ws/install/amr_lan_2/share/amr_lan_2/package.dsv'
[1.155s] INFO:colcon.colcon_core.shell:Creating package script '/home/duo/dev_ws/install/amr_lan_2/share/amr_lan_2/package.sh'
[1.157s] INFO:colcon.colcon_core.shell:Creating package script '/home/duo/dev_ws/install/amr_lan_2/share/amr_lan_2/package.bash'
[1.158s] INFO:colcon.colcon_core.shell:Creating package script '/home/duo/dev_ws/install/amr_lan_2/share/amr_lan_2/package.zsh'
[1.159s] Level 1:colcon.colcon_core.environment:create_file_with_runtime_dependencies(/home/duo/dev_ws/install/amr_lan_2/share/colcon-core/packages/amr_lan_2)
[1.159s] Level 1:colcon.colcon_core.environment:create_environment_scripts_only(amr_lan_2_mesh)
[1.160s] Level 1:colcon.colcon_core.environment:checking '/home/duo/dev_ws/install/amr_lan_2_mesh' for CMake module files
[1.162s] Level 1:colcon.colcon_core.environment:checking '/home/duo/dev_ws/install/amr_lan_2_mesh' for CMake config files
[1.163s] DEBUG:colcon.colcon_core.event_handler.log_command:Invoked command in '/home/duo/dev_ws/build/amr_lan_2_mesh' returned '0': CMAKE_PREFIX_PATH=${CMAKE_PREFIX_PATH}:/home/duo/dev_ws/install/custom_laser_filter:/opt/ros/humble /usr/bin/cmake --install /home/duo/dev_ws/build/amr_lan_2_mesh
[1.165s] Level 1:colcon.colcon_core.shell:create_environment_hook('amr_lan_2_mesh', 'cmake_prefix_path')
[1.166s] INFO:colcon.colcon_core.shell:Creating environment hook '/home/duo/dev_ws/install/amr_lan_2_mesh/share/amr_lan_2_mesh/hook/cmake_prefix_path.ps1'
[1.166s] INFO:colcon.colcon_core.shell:Creating environment descriptor '/home/duo/dev_ws/install/amr_lan_2_mesh/share/amr_lan_2_mesh/hook/cmake_prefix_path.dsv'
[1.167s] INFO:colcon.colcon_core.shell:Creating environment hook '/home/duo/dev_ws/install/amr_lan_2_mesh/share/amr_lan_2_mesh/hook/cmake_prefix_path.sh'
[1.168s] Level 1:colcon.colcon_core.environment:checking '/home/duo/dev_ws/install/amr_lan_2_mesh/bin'
[1.168s] Level 1:colcon.colcon_core.environment:checking '/home/duo/dev_ws/install/amr_lan_2_mesh/lib/pkgconfig/amr_lan_2_mesh.pc'
[1.169s] Level 1:colcon.colcon_core.environment:checking '/home/duo/dev_ws/install/amr_lan_2_mesh/lib/python3.10/site-packages'
[1.169s] Level 1:colcon.colcon_core.environment:checking '/home/duo/dev_ws/install/amr_lan_2_mesh/bin'
[1.170s] INFO:colcon.colcon_core.shell:Creating package script '/home/duo/dev_ws/install/amr_lan_2_mesh/share/amr_lan_2_mesh/package.ps1'
[1.171s] INFO:colcon.colcon_core.shell:Creating package descriptor '/home/duo/dev_ws/install/amr_lan_2_mesh/share/amr_lan_2_mesh/package.dsv'
[1.171s] INFO:colcon.colcon_core.shell:Creating package script '/home/duo/dev_ws/install/amr_lan_2_mesh/share/amr_lan_2_mesh/package.sh'
[1.172s] INFO:colcon.colcon_core.shell:Creating package script '/home/duo/dev_ws/install/amr_lan_2_mesh/share/amr_lan_2_mesh/package.bash'
[1.173s] INFO:colcon.colcon_core.shell:Creating package script '/home/duo/dev_ws/install/amr_lan_2_mesh/share/amr_lan_2_mesh/package.zsh'
[1.174s] Level 1:colcon.colcon_core.environment:create_file_with_runtime_dependencies(/home/duo/dev_ws/install/amr_lan_2_mesh/share/colcon-core/packages/amr_lan_2_mesh)
[1.175s] Level 1:colcon.colcon_core.environment:create_environment_scripts_only(amr_lan_2_mesh)
[1.176s] Level 1:colcon.colcon_core.environment:checking '/home/duo/dev_ws/install/amr_lan_2_mesh' for CMake module files
[1.177s] Level 1:colcon.colcon_core.environment:checking '/home/duo/dev_ws/install/amr_lan_2_mesh' for CMake config files
[1.178s] Level 1:colcon.colcon_core.shell:create_environment_hook('amr_lan_2_mesh', 'cmake_prefix_path')
[1.179s] INFO:colcon.colcon_core.shell:Creating environment hook '/home/duo/dev_ws/install/amr_lan_2_mesh/share/amr_lan_2_mesh/hook/cmake_prefix_path.ps1'
[1.181s] INFO:colcon.colcon_core.shell:Creating environment descriptor '/home/duo/dev_ws/install/amr_lan_2_mesh/share/amr_lan_2_mesh/hook/cmake_prefix_path.dsv'
[1.182s] INFO:colcon.colcon_core.shell:Creating environment hook '/home/duo/dev_ws/install/amr_lan_2_mesh/share/amr_lan_2_mesh/hook/cmake_prefix_path.sh'
[1.183s] Level 1:colcon.colcon_core.environment:checking '/home/duo/dev_ws/install/amr_lan_2_mesh/bin'
[1.183s] Level 1:colcon.colcon_core.environment:checking '/home/duo/dev_ws/install/amr_lan_2_mesh/lib/pkgconfig/amr_lan_2_mesh.pc'
[1.183s] Level 1:colcon.colcon_core.environment:checking '/home/duo/dev_ws/install/amr_lan_2_mesh/lib/python3.10/site-packages'
[1.184s] Level 1:colcon.colcon_core.environment:checking '/home/duo/dev_ws/install/amr_lan_2_mesh/bin'
[1.185s] INFO:colcon.colcon_core.shell:Creating package script '/home/duo/dev_ws/install/amr_lan_2_mesh/share/amr_lan_2_mesh/package.ps1'
[1.186s] INFO:colcon.colcon_core.shell:Creating package descriptor '/home/duo/dev_ws/install/amr_lan_2_mesh/share/amr_lan_2_mesh/package.dsv'
[1.187s] INFO:colcon.colcon_core.shell:Creating package script '/home/duo/dev_ws/install/amr_lan_2_mesh/share/amr_lan_2_mesh/package.sh'
[1.188s] INFO:colcon.colcon_core.shell:Creating package script '/home/duo/dev_ws/install/amr_lan_2_mesh/share/amr_lan_2_mesh/package.bash'
[1.189s] INFO:colcon.colcon_core.shell:Creating package script '/home/duo/dev_ws/install/amr_lan_2_mesh/share/amr_lan_2_mesh/package.zsh'
[1.190s] Level 1:colcon.colcon_core.environment:create_file_with_runtime_dependencies(/home/duo/dev_ws/install/amr_lan_2_mesh/share/colcon-core/packages/amr_lan_2_mesh)
[1.191s] Level 1:colcon.colcon_core.environment:create_environment_scripts_only(duobot_one)
[1.192s] Level 1:colcon.colcon_core.environment:checking '/home/duo/dev_ws/install/duobot_one' for CMake module files
[1.193s] DEBUG:colcon.colcon_core.event_handler.log_command:Invoked command in '/home/duo/dev_ws/build/duobot_one' returned '0': CMAKE_PREFIX_PATH=${CMAKE_PREFIX_PATH}:/home/duo/dev_ws/install/custom_laser_filter:/opt/ros/humble /usr/bin/cmake --install /home/duo/dev_ws/build/duobot_one
[1.194s] Level 1:colcon.colcon_core.environment:checking '/home/duo/dev_ws/install/duobot_one' for CMake config files
[1.194s] Level 1:colcon.colcon_core.shell:create_environment_hook('duobot_one', 'cmake_prefix_path')
[1.195s] INFO:colcon.colcon_core.shell:Creating environment hook '/home/duo/dev_ws/install/duobot_one/share/duobot_one/hook/cmake_prefix_path.ps1'
[1.196s] INFO:colcon.colcon_core.shell:Creating environment descriptor '/home/duo/dev_ws/install/duobot_one/share/duobot_one/hook/cmake_prefix_path.dsv'
[1.196s] INFO:colcon.colcon_core.shell:Creating environment hook '/home/duo/dev_ws/install/duobot_one/share/duobot_one/hook/cmake_prefix_path.sh'
[1.197s] Level 1:colcon.colcon_core.environment:checking '/home/duo/dev_ws/install/duobot_one/bin'
[1.197s] Level 1:colcon.colcon_core.environment:checking '/home/duo/dev_ws/install/duobot_one/lib/pkgconfig/duobot_one.pc'
[1.198s] Level 1:colcon.colcon_core.environment:checking '/home/duo/dev_ws/install/duobot_one/lib/python3.10/site-packages'
[1.198s] Level 1:colcon.colcon_core.environment:checking '/home/duo/dev_ws/install/duobot_one/bin'
[1.199s] INFO:colcon.colcon_core.shell:Creating package script '/home/duo/dev_ws/install/duobot_one/share/duobot_one/package.ps1'
[1.200s] INFO:colcon.colcon_core.shell:Creating package descriptor '/home/duo/dev_ws/install/duobot_one/share/duobot_one/package.dsv'
[1.200s] INFO:colcon.colcon_core.shell:Creating package script '/home/duo/dev_ws/install/duobot_one/share/duobot_one/package.sh'
[1.201s] INFO:colcon.colcon_core.shell:Creating package script '/home/duo/dev_ws/install/duobot_one/share/duobot_one/package.bash'
[1.202s] INFO:colcon.colcon_core.shell:Creating package script '/home/duo/dev_ws/install/duobot_one/share/duobot_one/package.zsh'
[1.202s] Level 1:colcon.colcon_core.environment:create_file_with_runtime_dependencies(/home/duo/dev_ws/install/duobot_one/share/colcon-core/packages/duobot_one)
[1.203s] Level 1:colcon.colcon_core.environment:create_environment_scripts_only(duobot_one)
[1.204s] Level 1:colcon.colcon_core.environment:checking '/home/duo/dev_ws/install/duobot_one' for CMake module files
[1.205s] Level 1:colcon.colcon_core.environment:checking '/home/duo/dev_ws/install/duobot_one' for CMake config files
[1.205s] Level 1:colcon.colcon_core.shell:create_environment_hook('duobot_one', 'cmake_prefix_path')
[1.206s] INFO:colcon.colcon_core.shell:Creating environment hook '/home/duo/dev_ws/install/duobot_one/share/duobot_one/hook/cmake_prefix_path.ps1'
[1.206s] INFO:colcon.colcon_core.shell:Creating environment descriptor '/home/duo/dev_ws/install/duobot_one/share/duobot_one/hook/cmake_prefix_path.dsv'
[1.207s] INFO:colcon.colcon_core.shell:Creating environment hook '/home/duo/dev_ws/install/duobot_one/share/duobot_one/hook/cmake_prefix_path.sh'
[1.208s] Level 1:colcon.colcon_core.environment:checking '/home/duo/dev_ws/install/duobot_one/bin'
[1.208s] Level 1:colcon.colcon_core.environment:checking '/home/duo/dev_ws/install/duobot_one/lib/pkgconfig/duobot_one.pc'
[1.208s] Level 1:colcon.colcon_core.environment:checking '/home/duo/dev_ws/install/duobot_one/lib/python3.10/site-packages'
[1.209s] Level 1:colcon.colcon_core.environment:checking '/home/duo/dev_ws/install/duobot_one/bin'
[1.210s] INFO:colcon.colcon_core.shell:Creating package script '/home/duo/dev_ws/install/duobot_one/share/duobot_one/package.ps1'
[1.211s] INFO:colcon.colcon_core.shell:Creating package descriptor '/home/duo/dev_ws/install/duobot_one/share/duobot_one/package.dsv'
[1.212s] INFO:colcon.colcon_core.shell:Creating package script '/home/duo/dev_ws/install/duobot_one/share/duobot_one/package.sh'
[1.213s] INFO:colcon.colcon_core.shell:Creating package script '/home/duo/dev_ws/install/duobot_one/share/duobot_one/package.bash'
[1.214s] INFO:colcon.colcon_core.shell:Creating package script '/home/duo/dev_ws/install/duobot_one/share/duobot_one/package.zsh'
[1.215s] Level 1:colcon.colcon_core.environment:create_file_with_runtime_dependencies(/home/duo/dev_ws/install/duobot_one/share/colcon-core/packages/duobot_one)
[1.217s] Level 1:colcon.colcon_core.environment:create_environment_scripts_only(lap_thu_amr_description)
[1.217s] Level 1:colcon.colcon_core.environment:checking '/home/duo/dev_ws/install/lap_thu_amr_description' for CMake module files
[1.218s] DEBUG:colcon.colcon_core.event_handler.log_command:Invoked command in '/home/duo/dev_ws/build/lap_thu_amr_description' returned '0': CMAKE_PREFIX_PATH=${CMAKE_PREFIX_PATH}:/home/duo/dev_ws/install/custom_laser_filter:/opt/ros/humble /usr/bin/cmake --install /home/duo/dev_ws/build/lap_thu_amr_description
[1.219s] Level 1:colcon.colcon_core.environment:checking '/home/duo/dev_ws/install/lap_thu_amr_description' for CMake config files
[1.220s] Level 1:colcon.colcon_core.shell:create_environment_hook('lap_thu_amr_description', 'cmake_prefix_path')
[1.220s] INFO:colcon.colcon_core.shell:Creating environment hook '/home/duo/dev_ws/install/lap_thu_amr_description/share/lap_thu_amr_description/hook/cmake_prefix_path.ps1'
[1.221s] INFO:colcon.colcon_core.shell:Creating environment descriptor '/home/duo/dev_ws/install/lap_thu_amr_description/share/lap_thu_amr_description/hook/cmake_prefix_path.dsv'
[1.222s] INFO:colcon.colcon_core.shell:Creating environment hook '/home/duo/dev_ws/install/lap_thu_amr_description/share/lap_thu_amr_description/hook/cmake_prefix_path.sh'
[1.222s] Level 1:colcon.colcon_core.environment:checking '/home/duo/dev_ws/install/lap_thu_amr_description/bin'
[1.223s] Level 1:colcon.colcon_core.environment:checking '/home/duo/dev_ws/install/lap_thu_amr_description/lib/pkgconfig/lap_thu_amr_description.pc'
[1.223s] Level 1:colcon.colcon_core.environment:checking '/home/duo/dev_ws/install/lap_thu_amr_description/lib/python3.10/site-packages'
[1.224s] Level 1:colcon.colcon_core.environment:checking '/home/duo/dev_ws/install/lap_thu_amr_description/bin'
[1.224s] INFO:colcon.colcon_core.shell:Creating package script '/home/duo/dev_ws/install/lap_thu_amr_description/share/lap_thu_amr_description/package.ps1'
[1.225s] INFO:colcon.colcon_core.shell:Creating package descriptor '/home/duo/dev_ws/install/lap_thu_amr_description/share/lap_thu_amr_description/package.dsv'
[1.226s] INFO:colcon.colcon_core.shell:Creating package script '/home/duo/dev_ws/install/lap_thu_amr_description/share/lap_thu_amr_description/package.sh'
[1.227s] INFO:colcon.colcon_core.shell:Creating package script '/home/duo/dev_ws/install/lap_thu_amr_description/share/lap_thu_amr_description/package.bash'
[1.228s] INFO:colcon.colcon_core.shell:Creating package script '/home/duo/dev_ws/install/lap_thu_amr_description/share/lap_thu_amr_description/package.zsh'
[1.229s] Level 1:colcon.colcon_core.environment:create_file_with_runtime_dependencies(/home/duo/dev_ws/install/lap_thu_amr_description/share/colcon-core/packages/lap_thu_amr_description)
[1.230s] Level 1:colcon.colcon_core.environment:create_environment_scripts_only(lap_thu_amr_description)
[1.230s] Level 1:colcon.colcon_core.environment:checking '/home/duo/dev_ws/install/lap_thu_amr_description' for CMake module files
[1.231s] Level 1:colcon.colcon_core.environment:checking '/home/duo/dev_ws/install/lap_thu_amr_description' for CMake config files
[1.232s] Level 1:colcon.colcon_core.shell:create_environment_hook('lap_thu_amr_description', 'cmake_prefix_path')
[1.232s] INFO:colcon.colcon_core.shell:Creating environment hook '/home/duo/dev_ws/install/lap_thu_amr_description/share/lap_thu_amr_description/hook/cmake_prefix_path.ps1'
[1.233s] INFO:colcon.colcon_core.shell:Creating environment descriptor '/home/duo/dev_ws/install/lap_thu_amr_description/share/lap_thu_amr_description/hook/cmake_prefix_path.dsv'
[1.234s] INFO:colcon.colcon_core.shell:Creating environment hook '/home/duo/dev_ws/install/lap_thu_amr_description/share/lap_thu_amr_description/hook/cmake_prefix_path.sh'
[1.235s] Level 1:colcon.colcon_core.environment:checking '/home/duo/dev_ws/install/lap_thu_amr_description/bin'
[1.235s] Level 1:colcon.colcon_core.environment:checking '/home/duo/dev_ws/install/lap_thu_amr_description/lib/pkgconfig/lap_thu_amr_description.pc'
[1.236s] Level 1:colcon.colcon_core.environment:checking '/home/duo/dev_ws/install/lap_thu_amr_description/lib/python3.10/site-packages'
[1.237s] Level 1:colcon.colcon_core.environment:checking '/home/duo/dev_ws/install/lap_thu_amr_description/bin'
[1.237s] INFO:colcon.colcon_core.shell:Creating package script '/home/duo/dev_ws/install/lap_thu_amr_description/share/lap_thu_amr_description/package.ps1'
[1.239s] INFO:colcon.colcon_core.shell:Creating package descriptor '/home/duo/dev_ws/install/lap_thu_amr_description/share/lap_thu_amr_description/package.dsv'
[1.239s] INFO:colcon.colcon_core.shell:Creating package script '/home/duo/dev_ws/install/lap_thu_amr_description/share/lap_thu_amr_description/package.sh'
[1.240s] INFO:colcon.colcon_core.shell:Creating package script '/home/duo/dev_ws/install/lap_thu_amr_description/share/lap_thu_amr_description/package.bash'
[1.241s] INFO:colcon.colcon_core.shell:Creating package script '/home/duo/dev_ws/install/lap_thu_amr_description/share/lap_thu_amr_description/package.zsh'
[1.242s] Level 1:colcon.colcon_core.environment:create_file_with_runtime_dependencies(/home/duo/dev_ws/install/lap_thu_amr_description/share/colcon-core/packages/lap_thu_amr_description)
[1.608s] DEBUG:colcon.colcon_core.event_handler.log_command:Invoking command in '/home/duo/dev_ws/build/custom_laser_filter': PYTHONPATH=/home/duo/dev_ws/build/custom_laser_filter/prefix_override:/usr/lib/python3/dist-packages/colcon_core/task/python/colcon_distutils_commands:/home/duo/dev_ws/install/custom_laser_filter/lib/python3.10/site-packages:${PYTHONPATH} /usr/bin/python3 -W ignore:setup.py install is deprecated -W ignore:easy_install command is deprecated setup.py develop --editable --build-directory /home/duo/dev_ws/build/custom_laser_filter/build --no-deps symlink_data
[2.323s] Level 1:colcon.colcon_core.shell:create_environment_hook('custom_laser_filter', 'pythonpath_develop')
[2.323s] INFO:colcon.colcon_core.shell:Creating environment hook '/home/duo/dev_ws/build/custom_laser_filter/share/custom_laser_filter/hook/pythonpath_develop.ps1'
[2.325s] DEBUG:colcon.colcon_core.event_handler.log_command:Invoked command in '/home/duo/dev_ws/build/custom_laser_filter' returned '0': PYTHONPATH=/home/duo/dev_ws/build/custom_laser_filter/prefix_override:/usr/lib/python3/dist-packages/colcon_core/task/python/colcon_distutils_commands:/home/duo/dev_ws/install/custom_laser_filter/lib/python3.10/site-packages:${PYTHONPATH} /usr/bin/python3 -W ignore:setup.py install is deprecated -W ignore:easy_install command is deprecated setup.py develop --editable --build-directory /home/duo/dev_ws/build/custom_laser_filter/build --no-deps symlink_data
[2.325s] INFO:colcon.colcon_core.shell:Creating environment descriptor '/home/duo/dev_ws/build/custom_laser_filter/share/custom_laser_filter/hook/pythonpath_develop.dsv'
[2.327s] INFO:colcon.colcon_core.shell:Creating environment hook '/home/duo/dev_ws/build/custom_laser_filter/share/custom_laser_filter/hook/pythonpath_develop.sh'
[2.328s] Level 1:colcon.colcon_core.environment:checking '/home/duo/dev_ws/install/custom_laser_filter' for CMake module files
[2.329s] Level 1:colcon.colcon_core.environment:checking '/home/duo/dev_ws/install/custom_laser_filter' for CMake config files
[2.330s] Level 1:colcon.colcon_core.environment:checking '/home/duo/dev_ws/install/custom_laser_filter/lib'
[2.331s] Level 1:colcon.colcon_core.environment:checking '/home/duo/dev_ws/install/custom_laser_filter/bin'
[2.331s] Level 1:colcon.colcon_core.environment:checking '/home/duo/dev_ws/install/custom_laser_filter/lib/pkgconfig/custom_laser_filter.pc'
[2.332s] Level 1:colcon.colcon_core.environment:checking '/home/duo/dev_ws/install/custom_laser_filter/lib/python3.10/site-packages'
[2.332s] Level 1:colcon.colcon_core.shell:create_environment_hook('custom_laser_filter', 'pythonpath')
[2.332s] INFO:colcon.colcon_core.shell:Creating environment hook '/home/duo/dev_ws/install/custom_laser_filter/share/custom_laser_filter/hook/pythonpath.ps1'
[2.333s] INFO:colcon.colcon_core.shell:Creating environment descriptor '/home/duo/dev_ws/install/custom_laser_filter/share/custom_laser_filter/hook/pythonpath.dsv'
[2.334s] INFO:colcon.colcon_core.shell:Creating environment hook '/home/duo/dev_ws/install/custom_laser_filter/share/custom_laser_filter/hook/pythonpath.sh'
[2.337s] Level 1:colcon.colcon_core.environment:checking '/home/duo/dev_ws/install/custom_laser_filter/bin'
[2.337s] Level 1:colcon.colcon_core.environment:create_environment_scripts_only(custom_laser_filter)
[2.338s] INFO:colcon.colcon_core.shell:Creating package script '/home/duo/dev_ws/install/custom_laser_filter/share/custom_laser_filter/package.ps1'
[2.340s] INFO:colcon.colcon_core.shell:Creating package descriptor '/home/duo/dev_ws/install/custom_laser_filter/share/custom_laser_filter/package.dsv'
[2.341s] INFO:colcon.colcon_core.shell:Creating package script '/home/duo/dev_ws/install/custom_laser_filter/share/custom_laser_filter/package.sh'
[2.342s] INFO:colcon.colcon_core.shell:Creating package script '/home/duo/dev_ws/install/custom_laser_filter/share/custom_laser_filter/package.bash'
[2.343s] INFO:colcon.colcon_core.shell:Creating package script '/home/duo/dev_ws/install/custom_laser_filter/share/custom_laser_filter/package.zsh'
[2.343s] Level 1:colcon.colcon_core.environment:create_file_with_runtime_dependencies(/home/duo/dev_ws/install/custom_laser_filter/share/colcon-core/packages/custom_laser_filter)
[6.232s] DEBUG:colcon.colcon_core.event_handler.log_command:Invoked command in '/home/duo/dev_ws/build/hinson_hardware' returned '0': CMAKE_PREFIX_PATH=${CMAKE_PREFIX_PATH}:/home/duo/dev_ws/install/custom_laser_filter:/opt/ros/humble /usr/bin/cmake --build /home/duo/dev_ws/build/hinson_hardware -- -j8 -l8
[6.236s] DEBUG:colcon.colcon_core.event_handler.log_command:Invoking command in '/home/duo/dev_ws/build/hinson_hardware': CMAKE_PREFIX_PATH=${CMAKE_PREFIX_PATH}:/home/duo/dev_ws/install/custom_laser_filter:/opt/ros/humble /usr/bin/cmake --install /home/duo/dev_ws/build/hinson_hardware
[6.273s] Level 1:colcon.colcon_core.environment:create_environment_scripts_only(hinson_hardware)
[6.274s] Level 1:colcon.colcon_core.environment:checking '/home/duo/dev_ws/install/hinson_hardware' for CMake module files
[6.276s] DEBUG:colcon.colcon_core.event_handler.log_command:Invoked command in '/home/duo/dev_ws/build/hinson_hardware' returned '0': CMAKE_PREFIX_PATH=${CMAKE_PREFIX_PATH}:/home/duo/dev_ws/install/custom_laser_filter:/opt/ros/humble /usr/bin/cmake --install /home/duo/dev_ws/build/hinson_hardware
[6.277s] Level 1:colcon.colcon_core.environment:checking '/home/duo/dev_ws/install/hinson_hardware' for CMake config files
[6.278s] Level 1:colcon.colcon_core.shell:create_environment_hook('hinson_hardware', 'cmake_prefix_path')
[6.279s] INFO:colcon.colcon_core.shell:Creating environment hook '/home/duo/dev_ws/install/hinson_hardware/share/hinson_hardware/hook/cmake_prefix_path.ps1'
[6.280s] INFO:colcon.colcon_core.shell:Creating environment descriptor '/home/duo/dev_ws/install/hinson_hardware/share/hinson_hardware/hook/cmake_prefix_path.dsv'
[6.281s] INFO:colcon.colcon_core.shell:Creating environment hook '/home/duo/dev_ws/install/hinson_hardware/share/hinson_hardware/hook/cmake_prefix_path.sh'
[6.283s] Level 1:colcon.colcon_core.environment:checking '/home/duo/dev_ws/install/hinson_hardware/lib'
[6.283s] Level 1:colcon.colcon_core.shell:create_environment_hook('hinson_hardware', 'ld_library_path_lib')
[6.284s] INFO:colcon.colcon_core.shell:Creating environment hook '/home/duo/dev_ws/install/hinson_hardware/share/hinson_hardware/hook/ld_library_path_lib.ps1'
[6.286s] INFO:colcon.colcon_core.shell:Creating environment descriptor '/home/duo/dev_ws/install/hinson_hardware/share/hinson_hardware/hook/ld_library_path_lib.dsv'
[6.287s] INFO:colcon.colcon_core.shell:Creating environment hook '/home/duo/dev_ws/install/hinson_hardware/share/hinson_hardware/hook/ld_library_path_lib.sh'
[6.289s] Level 1:colcon.colcon_core.environment:checking '/home/duo/dev_ws/install/hinson_hardware/bin'
[6.289s] Level 1:colcon.colcon_core.environment:checking '/home/duo/dev_ws/install/hinson_hardware/lib/pkgconfig/hinson_hardware.pc'
[6.290s] Level 1:colcon.colcon_core.environment:checking '/home/duo/dev_ws/install/hinson_hardware/lib/python3.10/site-packages'
[6.291s] Level 1:colcon.colcon_core.environment:checking '/home/duo/dev_ws/install/hinson_hardware/bin'
[6.292s] INFO:colcon.colcon_core.shell:Creating package script '/home/duo/dev_ws/install/hinson_hardware/share/hinson_hardware/package.ps1'
[6.294s] INFO:colcon.colcon_core.shell:Creating package descriptor '/home/duo/dev_ws/install/hinson_hardware/share/hinson_hardware/package.dsv'
[6.295s] INFO:colcon.colcon_core.shell:Creating package script '/home/duo/dev_ws/install/hinson_hardware/share/hinson_hardware/package.sh'
[6.296s] INFO:colcon.colcon_core.shell:Creating package script '/home/duo/dev_ws/install/hinson_hardware/share/hinson_hardware/package.bash'
[6.298s] INFO:colcon.colcon_core.shell:Creating package script '/home/duo/dev_ws/install/hinson_hardware/share/hinson_hardware/package.zsh'
[6.299s] Level 1:colcon.colcon_core.environment:create_file_with_runtime_dependencies(/home/duo/dev_ws/install/hinson_hardware/share/colcon-core/packages/hinson_hardware)
[6.301s] Level 1:colcon.colcon_core.environment:create_environment_scripts_only(hinson_hardware)
[6.301s] Level 1:colcon.colcon_core.environment:checking '/home/duo/dev_ws/install/hinson_hardware' for CMake module files
[6.303s] Level 1:colcon.colcon_core.environment:checking '/home/duo/dev_ws/install/hinson_hardware' for CMake config files
[6.304s] Level 1:colcon.colcon_core.shell:create_environment_hook('hinson_hardware', 'cmake_prefix_path')
[6.305s] INFO:colcon.colcon_core.shell:Creating environment hook '/home/duo/dev_ws/install/hinson_hardware/share/hinson_hardware/hook/cmake_prefix_path.ps1'
[6.306s] INFO:colcon.colcon_core.shell:Creating environment descriptor '/home/duo/dev_ws/install/hinson_hardware/share/hinson_hardware/hook/cmake_prefix_path.dsv'
[6.308s] INFO:colcon.colcon_core.shell:Creating environment hook '/home/duo/dev_ws/install/hinson_hardware/share/hinson_hardware/hook/cmake_prefix_path.sh'
[6.309s] Level 1:colcon.colcon_core.environment:checking '/home/duo/dev_ws/install/hinson_hardware/lib'
[6.310s] Level 1:colcon.colcon_core.shell:create_environment_hook('hinson_hardware', 'ld_library_path_lib')
[6.311s] INFO:colcon.colcon_core.shell:Creating environment hook '/home/duo/dev_ws/install/hinson_hardware/share/hinson_hardware/hook/ld_library_path_lib.ps1'
[6.312s] INFO:colcon.colcon_core.shell:Creating environment descriptor '/home/duo/dev_ws/install/hinson_hardware/share/hinson_hardware/hook/ld_library_path_lib.dsv'
[6.314s] INFO:colcon.colcon_core.shell:Creating environment hook '/home/duo/dev_ws/install/hinson_hardware/share/hinson_hardware/hook/ld_library_path_lib.sh'
[6.315s] Level 1:colcon.colcon_core.environment:checking '/home/duo/dev_ws/install/hinson_hardware/bin'
[6.315s] Level 1:colcon.colcon_core.environment:checking '/home/duo/dev_ws/install/hinson_hardware/lib/pkgconfig/hinson_hardware.pc'
[6.316s] Level 1:colcon.colcon_core.environment:checking '/home/duo/dev_ws/install/hinson_hardware/lib/python3.10/site-packages'
[6.317s] Level 1:colcon.colcon_core.environment:checking '/home/duo/dev_ws/install/hinson_hardware/bin'
[6.319s] INFO:colcon.colcon_core.shell:Creating package script '/home/duo/dev_ws/install/hinson_hardware/share/hinson_hardware/package.ps1'
[6.321s] INFO:colcon.colcon_core.shell:Creating package descriptor '/home/duo/dev_ws/install/hinson_hardware/share/hinson_hardware/package.dsv'
[6.323s] INFO:colcon.colcon_core.shell:Creating package script '/home/duo/dev_ws/install/hinson_hardware/share/hinson_hardware/package.sh'
[6.324s] INFO:colcon.colcon_core.shell:Creating package script '/home/duo/dev_ws/install/hinson_hardware/share/hinson_hardware/package.bash'
[6.325s] INFO:colcon.colcon_core.shell:Creating package script '/home/duo/dev_ws/install/hinson_hardware/share/hinson_hardware/package.zsh'
[6.326s] Level 1:colcon.colcon_core.environment:create_file_with_runtime_dependencies(/home/duo/dev_ws/install/hinson_hardware/share/colcon-core/packages/hinson_hardware)
[6.326s] DEBUG:colcon.colcon_parallel_executor.executor.parallel:closing loop
[6.327s] DEBUG:colcon.colcon_parallel_executor.executor.parallel:loop closed
[6.327s] DEBUG:colcon.colcon_parallel_executor.executor.parallel:run_until_complete finished with '0'
[6.327s] DEBUG:colcon.colcon_core.event_reactor:joining thread
[6.335s] INFO:colcon.colcon_core.plugin_system:Skipping extension 'colcon_notification.desktop_notification.terminal_notifier': Not used on non-Darwin systems
[6.335s] INFO:colcon.colcon_core.plugin_system:Skipping extension 'colcon_notification.desktop_notification.win32': Not used on non-Windows systems
[6.335s] INFO:colcon.colcon_notification.desktop_notification:Sending desktop notification using 'notify2'
[6.352s] DEBUG:colcon.colcon_core.event_reactor:joined thread
[6.353s] INFO:colcon.colcon_core.shell:Creating prefix script '/home/duo/dev_ws/install/local_setup.ps1'
[6.355s] INFO:colcon.colcon_core.shell:Creating prefix util module '/home/duo/dev_ws/install/_local_setup_util_ps1.py'
[6.357s] INFO:colcon.colcon_core.shell:Creating prefix chain script '/home/duo/dev_ws/install/setup.ps1'
[6.359s] INFO:colcon.colcon_core.shell:Creating prefix script '/home/duo/dev_ws/install/local_setup.sh'
[6.360s] INFO:colcon.colcon_core.shell:Creating prefix util module '/home/duo/dev_ws/install/_local_setup_util_sh.py'
[6.361s] INFO:colcon.colcon_core.shell:Creating prefix chain script '/home/duo/dev_ws/install/setup.sh'
[6.364s] INFO:colcon.colcon_core.shell:Creating prefix script '/home/duo/dev_ws/install/local_setup.bash'
[6.365s] INFO:colcon.colcon_core.shell:Creating prefix chain script '/home/duo/dev_ws/install/setup.bash'
[6.367s] INFO:colcon.colcon_core.shell:Creating prefix script '/home/duo/dev_ws/install/local_setup.zsh'
[6.367s] INFO:colcon.colcon_core.shell:Creating prefix chain script '/home/duo/dev_ws/install/setup.zsh'
