[0.017s] Invoking command in '/home/duo/dev_ws/build/lap_thu_amr_description': CMAKE_PREFIX_PATH=${CMAKE_PREFIX_PATH}:/opt/ros/humble /usr/bin/cmake --build /home/duo/dev_ws/build/lap_thu_amr_description -- -j8 -l8
[0.057s] -- Found ament_cmake: 1.3.14 (/opt/ros/humble/share/ament_cmake/cmake)
[0.195s] -- Override CMake install command with custom implementation using symlinks instead of copying resources
[0.209s] -- Found ament_lint_auto: 0.12.15 (/opt/ros/humble/share/ament_lint_auto/cmake)
[0.326s] -- Added test 'flake8' to check Python code syntax and style conventions
[0.327s] -- Added test 'lint_cmake' to check CMake code style
[0.329s] -- Added test 'pep257' to check Python code against some of the docstring style conventions in PEP 257
[0.334s] -- Added test 'xmllint' to check XML markup files
[0.336s] -- Configuring done
[0.341s] -- Generating done
[0.343s] -- Build files have been written to: /home/duo/dev_ws/build/lap_thu_amr_description
[0.375s] Invoked command in '/home/duo/dev_ws/build/lap_thu_amr_description' returned '0': CMAKE_PREFIX_PATH=${CMAKE_PREFIX_PATH}:/opt/ros/humble /usr/bin/cmake --build /home/duo/dev_ws/build/lap_thu_amr_description -- -j8 -l8
[0.396s] Invoking command in '/home/duo/dev_ws/build/lap_thu_amr_description': CMAKE_PREFIX_PATH=${CMAKE_PREFIX_PATH}:/opt/ros/humble /usr/bin/cmake --install /home/duo/dev_ws/build/lap_thu_amr_description
[0.406s] -- Install configuration: ""
[0.406s] -- Execute custom install script
[0.407s] -- Up-to-date symlink: /home/duo/dev_ws/install/lap_thu_amr_description/share/lap_thu_amr_description/urdf/lap_thu_AMR_test_2.urdf
[0.408s] -- Up-to-date symlink: /home/duo/dev_ws/install/lap_thu_amr_description/share/lap_thu_amr_description/meshes/base_footprint.STL
[0.408s] -- Up-to-date symlink: /home/duo/dev_ws/install/lap_thu_amr_description/share/lap_thu_amr_description/meshes/base_link.STL
[0.408s] -- Up-to-date symlink: /home/duo/dev_ws/install/lap_thu_amr_description/share/lap_thu_amr_description/meshes/caster_wheel_left_behind.STL
[0.408s] -- Up-to-date symlink: /home/duo/dev_ws/install/lap_thu_amr_description/share/lap_thu_amr_description/meshes/caster_wheel_left_front.STL
[0.408s] -- Up-to-date symlink: /home/duo/dev_ws/install/lap_thu_amr_description/share/lap_thu_amr_description/meshes/caster_wheel_right_behind.STL
[0.408s] -- Up-to-date symlink: /home/duo/dev_ws/install/lap_thu_amr_description/share/lap_thu_amr_description/meshes/caster_wheel_right_front.STL
[0.408s] -- Up-to-date symlink: /home/duo/dev_ws/install/lap_thu_amr_description/share/lap_thu_amr_description/meshes/imu_link.STL
[0.409s] -- Up-to-date symlink: /home/duo/dev_ws/install/lap_thu_amr_description/share/lap_thu_amr_description/meshes/laser_frame.STL
[0.409s] -- Up-to-date symlink: /home/duo/dev_ws/install/lap_thu_amr_description/share/lap_thu_amr_description/meshes/left_wheel.STL
[0.409s] -- Up-to-date symlink: /home/duo/dev_ws/install/lap_thu_amr_description/share/lap_thu_amr_description/meshes/right_wheel.STL
[0.410s] -- Up-to-date symlink: /home/duo/dev_ws/install/lap_thu_amr_description/share/lap_thu_amr_description/launch/gazebo.launch.py
[0.410s] -- Up-to-date symlink: /home/duo/dev_ws/install/lap_thu_amr_description/share/lap_thu_amr_description/launch/rsp.launch.py
[0.410s] -- Up-to-date symlink: /home/duo/dev_ws/install/lap_thu_amr_description/share/lap_thu_amr_description/rviz/urdf_1.rviz
[0.411s] -- Up-to-date symlink: /home/duo/dev_ws/install/lap_thu_amr_description/share/ament_index/resource_index/package_run_dependencies/lap_thu_amr_description
[0.411s] -- Up-to-date symlink: /home/duo/dev_ws/install/lap_thu_amr_description/share/ament_index/resource_index/parent_prefix_path/lap_thu_amr_description
[0.411s] -- Up-to-date symlink: /home/duo/dev_ws/install/lap_thu_amr_description/share/lap_thu_amr_description/environment/ament_prefix_path.sh
[0.411s] -- Up-to-date symlink: /home/duo/dev_ws/install/lap_thu_amr_description/share/lap_thu_amr_description/environment/ament_prefix_path.dsv
[0.412s] -- Up-to-date symlink: /home/duo/dev_ws/install/lap_thu_amr_description/share/lap_thu_amr_description/environment/path.sh
[0.412s] -- Up-to-date symlink: /home/duo/dev_ws/install/lap_thu_amr_description/share/lap_thu_amr_description/environment/path.dsv
[0.412s] -- Up-to-date symlink: /home/duo/dev_ws/install/lap_thu_amr_description/share/lap_thu_amr_description/local_setup.bash
[0.412s] -- Up-to-date symlink: /home/duo/dev_ws/install/lap_thu_amr_description/share/lap_thu_amr_description/local_setup.sh
[0.413s] -- Up-to-date symlink: /home/duo/dev_ws/install/lap_thu_amr_description/share/lap_thu_amr_description/local_setup.zsh
[0.413s] -- Up-to-date symlink: /home/duo/dev_ws/install/lap_thu_amr_description/share/lap_thu_amr_description/local_setup.dsv
[0.413s] -- Symlinking: /home/duo/dev_ws/install/lap_thu_amr_description/share/lap_thu_amr_description/package.dsv
[0.425s] -- Up-to-date symlink: /home/duo/dev_ws/install/lap_thu_amr_description/share/ament_index/resource_index/packages/lap_thu_amr_description
[0.426s] -- Up-to-date symlink: /home/duo/dev_ws/install/lap_thu_amr_description/share/lap_thu_amr_description/cmake/lap_thu_amr_descriptionConfig.cmake
[0.426s] -- Up-to-date symlink: /home/duo/dev_ws/install/lap_thu_amr_description/share/lap_thu_amr_description/cmake/lap_thu_amr_descriptionConfig-version.cmake
[0.426s] -- Up-to-date symlink: /home/duo/dev_ws/install/lap_thu_amr_description/share/lap_thu_amr_description/package.xml
[0.430s] Invoked command in '/home/duo/dev_ws/build/lap_thu_amr_description' returned '0': CMAKE_PREFIX_PATH=${CMAKE_PREFIX_PATH}:/opt/ros/humble /usr/bin/cmake --install /home/duo/dev_ws/build/lap_thu_amr_description
